[2020-08-05 10:51:44,448 INFO root] Taurus CLI Tool v1.13.9
[2020-08-05 10:51:44,449 DEBUG root] Command-line options: {'log': 'C:\\Users\\ap673362\\AppData\\Local\\Temp\\bzt__fkyftxf.log', 'option': ['modules.blazemeter.test=DigitalBank-VISA-Transfer Load Test', 'modules.blazemeter.report-name=DigitalBank-VISA-Transfer Load Test Report'], 'quiet': None, 'verbose': None, 'no_system_configs': None, 'aliases': ['cloud', 'detach']}
[2020-08-05 10:51:44,449 DEBUG root] Python: CPython 3.6.5
[2020-08-05 10:51:44,449 DEBUG root] Rev: 43411c567cb83f1bf7e2da4690a98d46018389da; OS: uname_result(system='Windows', node='JL5Q1Z2', release='10', version='10.0.18362', machine='AMD64', processor='Intel64 Family 6 Model 158 Stepping 13, GenuineIntel')
[2020-08-05 10:51:44,450 INFO root] Starting with configs: ['digitalbank/DigitalBank-VISA-Transfer.yml']
[2020-08-05 10:51:44,451 DEBUG root] Using personal config: C:\Users\ap673362\.bzt-rc
[2020-08-05 10:51:44,451 INFO Engine] Configuring...
[2020-08-05 10:51:44,513 DEBUG Engine] Base configs list: ['C:\\Users\\ap673362\\AppData\\Local\\Taurus\\pkgs\\bzt\\resources/10-base-config.yml']
[2020-08-05 10:51:44,513 DEBUG Engine.Configuration] Configs: ['C:\\Users\\ap673362\\AppData\\Local\\Taurus\\pkgs\\bzt\\resources/10-base-config.yml']
[2020-08-05 10:51:44,514 DEBUG Engine.Configuration] Reading C:\Users\ap673362\AppData\Local\Taurus\pkgs\bzt\resources/10-base-config.yml as YAML
[2020-08-05 10:51:44,532 DEBUG Engine] User configs list: ['C:\\Users\\ap673362\\.bzt-rc', 'digitalbank/DigitalBank-VISA-Transfer.yml']
[2020-08-05 10:51:44,532 DEBUG Engine.Configuration] Configs: ['C:\\Users\\ap673362\\.bzt-rc', 'digitalbank/DigitalBank-VISA-Transfer.yml']
[2020-08-05 10:51:44,533 WARNING Engine.Configuration] Replaced leading tabs in file C:\Users\ap673362\.bzt-rc, line 36
[2020-08-05 10:51:44,534 WARNING Engine.Configuration] Line content is: token: 68d0df9d40c6247bbcc1a979:2ccdb1cc571b18fbf28d0179f6313002a32bb37f59bc21e858fcc9aec019452c4bd37012
[2020-08-05 10:51:44,535 WARNING Engine.Configuration] Please remember that YAML spec does not allow using tabs for indentation
[2020-08-05 10:51:44,535 DEBUG Engine.Configuration] Reading C:\Users\ap673362\.bzt-rc as YAML
[2020-08-05 10:51:44,541 DEBUG Engine.Configuration] Reading digitalbank/DigitalBank-VISA-Transfer.yml as YAML
[2020-08-05 10:51:44,543 DEBUG Engine.Configuration] Configs: ['C:\\Users\\ap673362\\.bzt-rc', 'digitalbank/DigitalBank-VISA-Transfer.yml']
[2020-08-05 10:51:44,543 DEBUG Engine.Configuration] Reading C:\Users\ap673362\.bzt-rc as YAML
[2020-08-05 10:51:44,547 DEBUG Engine.Configuration] Reading digitalbank/DigitalBank-VISA-Transfer.yml as YAML
[2020-08-05 10:51:44,549 DEBUG Engine] Requesting updates info: https://gettaurus.org/updates/?version=1.13.9&installID=windows-8d23e820b17
[2020-08-05 10:51:44,549 DEBUG HTTPClient] Making HTTP request GET https://gettaurus.org/updates/?version=1.13.9&installID=windows-8d23e820b17
[2020-08-05 10:51:44,549 DEBUG ConfigOverrider] Applying modules.blazemeter.test=DigitalBank-VISA-Transfer Load Test
[2020-08-05 10:51:44,549 DEBUG ConfigOverrider] Applying: [test]=DigitalBank-VISA-Transfer Load Test
[2020-08-05 10:51:44,549 DEBUG ConfigOverrider] Parsed override value: 'DigitalBank-VISA-Transfer Load Test' -> 'DigitalBank-VISA-Transfer Load Test' (<class 'str'>)
[2020-08-05 10:51:44,549 DEBUG ConfigOverrider] Applying modules.blazemeter.report-name=DigitalBank-VISA-Transfer Load Test Report
[2020-08-05 10:51:44,550 DEBUG ConfigOverrider] Applying: [report-name]=DigitalBank-VISA-Transfer Load Test Report
[2020-08-05 10:51:44,550 DEBUG ConfigOverrider] Parsed override value: 'DigitalBank-VISA-Transfer Load Test Report' -> 'DigitalBank-VISA-Transfer Load Test Report' (<class 'str'>)
[2020-08-05 10:51:44,550 INFO Engine] Artifacts dir: C:\Users\ap673362\MyDevProjects\jmx-examples\2020-08-05_10-51-44.550432
[2020-08-05 10:51:44,553 DEBUG Engine] New artifact filename: C:\Users\ap673362\MyDevProjects\jmx-examples\2020-08-05_10-51-44.550432\effective
[2020-08-05 10:51:44,555 DEBUG urllib3.connectionpool] Starting new HTTPS connection (1): gettaurus.org:443
[2020-08-05 10:51:44,556 DEBUG Engine.Configuration] Dumping YAML config into C:\Users\ap673362\MyDevProjects\jmx-examples\2020-08-05_10-51-44.550432\effective.yml
[2020-08-05 10:51:44,570 DEBUG Engine.Configuration] Dumping JSON config into C:\Users\ap673362\MyDevProjects\jmx-examples\2020-08-05_10-51-44.550432\effective.json
[2020-08-05 10:51:44,571 DEBUG Engine] New artifact filename: C:\Users\ap673362\MyDevProjects\jmx-examples\2020-08-05_10-51-44.550432\merged.yml
[2020-08-05 10:51:44,573 DEBUG Engine.Configuration] Dumping YAML config into C:\Users\ap673362\MyDevProjects\jmx-examples\2020-08-05_10-51-44.550432\merged.yml
[2020-08-05 10:51:44,575 DEBUG Engine] New artifact filename: C:\Users\ap673362\MyDevProjects\jmx-examples\2020-08-05_10-51-44.550432\merged.json
[2020-08-05 10:51:44,575 DEBUG Engine.Configuration] Dumping JSON config into C:\Users\ap673362\MyDevProjects\jmx-examples\2020-08-05_10-51-44.550432\merged.json
[2020-08-05 10:51:44,576 DEBUG Engine] Add existing artifact (move=False): digitalbank/DigitalBank-VISA-Transfer.yml
[2020-08-05 10:51:44,576 DEBUG Engine] Copying digitalbank/DigitalBank-VISA-Transfer.yml to C:\Users\ap673362\MyDevProjects\jmx-examples\2020-08-05_10-51-44.550432\DigitalBank-VISA-Transfer.yml
[2020-08-05 10:51:44,578 DEBUG root] Closing log handler: C:\Users\ap673362\AppData\Local\Temp\bzt__fkyftxf.log
[2020-08-05 10:51:44,582 DEBUG root] Switched writing logs to C:\Users\ap673362\MyDevProjects\jmx-examples\2020-08-05_10-51-44.550432\bzt.log
[2020-08-05 10:51:44,583 DEBUG root] Linting config
[2020-08-05 10:51:44,590 INFO Engine] Preparing...
[2020-08-05 10:51:44,593 DEBUG Engine] Module config: consolidator {'class': 'bzt.modules.aggregator.ConsolidatingAggregator'}
[2020-08-05 10:51:44,594 DEBUG root] Importing module: bzt.modules.aggregator
[2020-08-05 10:51:45,058 DEBUG root] Loading class: 'ConsolidatingAggregator' from <module 'bzt.modules.aggregator' from 'C:\\Users\\ap673362\\AppData\\Local\\Taurus\\pkgs\\bzt\\modules\\aggregator.py'>
[2020-08-05 10:51:45,058 DEBUG Engine.consolidator] Buffer scaling setup: percentile 95.0 from [0.0, 50.0, 90.0, 95.0, 99.0, 99.9, 100.0] selected
[2020-08-05 10:51:45,058 DEBUG Engine] Module config: monitoring {'class': 'bzt.modules.monitoring.Monitoring'}
[2020-08-05 10:51:45,058 DEBUG root] Importing module: bzt.modules.monitoring
[2020-08-05 10:51:45,060 DEBUG root] Loading class: 'Monitoring' from <module 'bzt.modules.monitoring' from 'C:\\Users\\ap673362\\AppData\\Local\\Taurus\\pkgs\\bzt\\modules\\monitoring.py'>
[2020-08-05 10:51:45,061 DEBUG Engine] Module config: cloud {'class': 'bzt.modules.blazemeter.CloudProvisioning', 'default-location': 'us-central1-a', 'token': '********', 'account': 'SE Demo', 'workspace': 'Alex P', 'project': 'Taurus Sandbox', 'detach': True}
[2020-08-05 10:51:45,061 DEBUG root] Importing module: bzt.modules.blazemeter
[2020-08-05 10:51:45,081 DEBUG root] Loading class: 'CloudProvisioning' from <module 'bzt.modules.blazemeter' from 'C:\\Users\\ap673362\\AppData\\Local\\Taurus\\pkgs\\bzt\\modules\\blazemeter.py'>
[2020-08-05 10:51:45,082 DEBUG Engine] Module config: blazemeter {'class': 'bzt.modules.blazemeter.BlazeMeterUploader', 'test': 'DigitalBank-VISA-Transfer Load Test', 'report-name': 'DigitalBank-VISA-Transfer Load Test Report'}
[2020-08-05 10:51:45,082 DEBUG root] Importing module: bzt.modules.blazemeter
[2020-08-05 10:51:45,082 DEBUG root] Loading class: 'BlazeMeterUploader' from <module 'bzt.modules.blazemeter' from 'C:\\Users\\ap673362\\AppData\\Local\\Taurus\\pkgs\\bzt\\modules\\blazemeter.py'>
[2020-08-05 10:51:45,082 DEBUG Engine.cloud] Installing http client
[2020-08-05 10:51:45,082 DEBUG Engine.cloud] Request: GET https://a.blazemeter.com/api/v4/accounts None
[2020-08-05 10:51:45,082 DEBUG HTTPClient] Making HTTP request GET https://a.blazemeter.com/api/v4/accounts
[2020-08-05 10:51:45,084 DEBUG urllib3.connectionpool] Starting new HTTPS connection (1): a.blazemeter.com:443
[2020-08-05 10:51:45,570 DEBUG urllib3.connectionpool] https://a.blazemeter.com:443 "GET /api/v4/accounts HTTP/1.1" 200 None
[2020-08-05 10:51:45,572 DEBUG Engine.cloud] Response [200]: {
    "limit": 10,
    "skip": 0,
    "total": 11,
    "hidden": 0,
    "api_version": 4,
    "error": null,
    "result": [
        {
            "id": 198931,
            "name": "Aetna",
            "thumbnailUrl": "",
            "salesforceId": "0010J
[2020-08-05 10:51:45,573 DEBUG Engine.cloud] Request: GET https://a.blazemeter.com/api/v4/workspaces?accountId=198931&enabled=true&limit=100 None
[2020-08-05 10:51:45,573 DEBUG HTTPClient] Making HTTP request GET https://a.blazemeter.com/api/v4/workspaces?accountId=198931&enabled=true&limit=100
[2020-08-05 10:51:45,586 DEBUG urllib3.connectionpool] https://gettaurus.org:443 "GET /updates/?version=1.13.9&installID=windows-8d23e820b17 HTTP/1.1" 200 39
[2020-08-05 10:51:45,587 DEBUG Engine] Taurus updates info: {'latest': '1.14.2', 'needsUpgrade': True}
[2020-08-05 10:51:45,587 WARNING Engine] There is newer version of Taurus 1.14.2 available, consider upgrading. What's new: http://gettaurus.org/docs/Changelog/
[2020-08-05 10:51:45,725 DEBUG urllib3.connectionpool] https://a.blazemeter.com:443 "GET /api/v4/workspaces?accountId=198931&enabled=true&limit=100 HTTP/1.1" 200 None
[2020-08-05 10:51:45,729 DEBUG Engine.cloud] Response [200]: {
    "limit": 100,
    "skip": 0,
    "total": 41,
    "hidden": 0,
    "api_version": 4,
    "error": null,
    "result": [
        {
            "id": 456745,
            "name": " MITTESA_3318",
            "userId": 813259,
            "created": 1584
[2020-08-05 10:51:45,744 DEBUG Engine.cloud] Request: GET https://a.blazemeter.com/api/v4/workspaces?accountId=396052&enabled=true&limit=100 None
[2020-08-05 10:51:45,744 DEBUG HTTPClient] Making HTTP request GET https://a.blazemeter.com/api/v4/workspaces?accountId=396052&enabled=true&limit=100
[2020-08-05 10:51:45,902 DEBUG urllib3.connectionpool] https://a.blazemeter.com:443 "GET /api/v4/workspaces?accountId=396052&enabled=true&limit=100 HTTP/1.1" 200 None
[2020-08-05 10:51:45,903 DEBUG Engine.cloud] Response [200]: {
    "limit": 100,
    "skip": 0,
    "total": 9,
    "hidden": 0,
    "api_version": 4,
    "error": null,
    "result": [
        {
            "id": 393834,
            "name": "COE",
            "userId": 490771,
            "created": 1574364228,
   
[2020-08-05 10:51:45,904 DEBUG Engine.cloud] Request: GET https://a.blazemeter.com/api/v4/workspaces?accountId=514413&enabled=true&limit=100 None
[2020-08-05 10:51:45,904 DEBUG HTTPClient] Making HTTP request GET https://a.blazemeter.com/api/v4/workspaces?accountId=514413&enabled=true&limit=100
[2020-08-05 10:51:46,070 DEBUG urllib3.connectionpool] https://a.blazemeter.com:443 "GET /api/v4/workspaces?accountId=514413&enabled=true&limit=100 HTTP/1.1" 200 None
[2020-08-05 10:51:46,073 DEBUG Engine.cloud] Response [200]: {
    "limit": 100,
    "skip": 0,
    "total": 2,
    "hidden": 0,
    "api_version": 4,
    "error": null,
    "result": [
        {
            "id": 517389,
            "name": "Default Workspace",
            "userId": 498178,
            "created": 1
[2020-08-05 10:51:46,074 DEBUG Engine.cloud] Request: GET https://a.blazemeter.com/api/v4/workspaces?accountId=516088&enabled=true&limit=100 None
[2020-08-05 10:51:46,075 DEBUG HTTPClient] Making HTTP request GET https://a.blazemeter.com/api/v4/workspaces?accountId=516088&enabled=true&limit=100
[2020-08-05 10:51:46,228 DEBUG urllib3.connectionpool] https://a.blazemeter.com:443 "GET /api/v4/workspaces?accountId=516088&enabled=true&limit=100 HTTP/1.1" 200 None
[2020-08-05 10:51:46,229 DEBUG Engine.cloud] Response [200]: {
    "limit": 100,
    "skip": 0,
    "total": 1,
    "hidden": 0,
    "api_version": 4,
    "error": null,
    "result": [
        {
            "id": 517695,
            "name": "BlazeMeter Training",
            "userId": 949383,
            "created":
[2020-08-05 10:51:46,229 DEBUG Engine.cloud] Request: GET https://a.blazemeter.com/api/v4/workspaces?accountId=118272&enabled=true&limit=100 None
[2020-08-05 10:51:46,229 DEBUG HTTPClient] Making HTTP request GET https://a.blazemeter.com/api/v4/workspaces?accountId=118272&enabled=true&limit=100
[2020-08-05 10:51:46,398 DEBUG urllib3.connectionpool] https://a.blazemeter.com:443 "GET /api/v4/workspaces?accountId=118272&enabled=true&limit=100 HTTP/1.1" 200 None
[2020-08-05 10:51:46,399 DEBUG Engine.cloud] Response [200]: {
    "limit": 100,
    "skip": 0,
    "total": 1,
    "hidden": 0,
    "api_version": 4,
    "error": null,
    "result": [
        {
            "id": 23365,
            "name": "Broadcom Workspace Playground",
            "userId": 323888,
            "
[2020-08-05 10:51:46,399 DEBUG Engine.cloud] Request: GET https://a.blazemeter.com/api/v4/workspaces?accountId=120238&enabled=true&limit=100 None
[2020-08-05 10:51:46,399 DEBUG HTTPClient] Making HTTP request GET https://a.blazemeter.com/api/v4/workspaces?accountId=120238&enabled=true&limit=100
[2020-08-05 10:51:46,563 DEBUG urllib3.connectionpool] https://a.blazemeter.com:443 "GET /api/v4/workspaces?accountId=120238&enabled=true&limit=100 HTTP/1.1" 200 None
[2020-08-05 10:51:46,608 DEBUG Engine.cloud] Response [200]: {
    "limit": 100,
    "skip": 0,
    "total": 65,
    "hidden": 0,
    "api_version": 4,
    "error": null,
    "result": [
        {
            "id": 213328,
            "name": "API Management - Presales UKI",
            "userId": 341848,
           
[2020-08-05 10:51:46,616 DEBUG Engine.cloud] Request: GET https://a.blazemeter.com/api/v4/workspaces?accountId=132907&enabled=true&limit=100 None
[2020-08-05 10:51:46,616 DEBUG HTTPClient] Making HTTP request GET https://a.blazemeter.com/api/v4/workspaces?accountId=132907&enabled=true&limit=100
[2020-08-05 10:51:46,776 DEBUG urllib3.connectionpool] https://a.blazemeter.com:443 "GET /api/v4/workspaces?accountId=132907&enabled=true&limit=100 HTTP/1.1" 200 None
[2020-08-05 10:51:46,777 DEBUG Engine.cloud] Response [200]: {
    "limit": 100,
    "skip": 0,
    "total": 1,
    "hidden": 0,
    "api_version": 4,
    "error": null,
    "result": [
        {
            "id": 366515,
            "name": "Online Banking",
            "userId": 347316,
            "created": 1568
[2020-08-05 10:51:46,777 DEBUG Engine.cloud] Request: GET https://a.blazemeter.com/api/v4/workspaces?accountId=302781&enabled=true&limit=100 None
[2020-08-05 10:51:46,777 DEBUG HTTPClient] Making HTTP request GET https://a.blazemeter.com/api/v4/workspaces?accountId=302781&enabled=true&limit=100
[2020-08-05 10:51:46,934 DEBUG urllib3.connectionpool] https://a.blazemeter.com:443 "GET /api/v4/workspaces?accountId=302781&enabled=true&limit=100 HTTP/1.1" 200 None
[2020-08-05 10:51:46,935 DEBUG Engine.cloud] Response [200]: {
    "limit": 100,
    "skip": 0,
    "total": 1,
    "hidden": 0,
    "api_version": 4,
    "error": null,
    "result": [
        {
            "id": 485240,
            "name": "AlexP",
            "userId": 380559,
            "created": 1587093542,
 
[2020-08-05 10:51:46,935 DEBUG Engine.cloud] Request: GET https://a.blazemeter.com/api/v4/workspaces?accountId=185664&enabled=true&limit=100 None
[2020-08-05 10:51:46,935 DEBUG HTTPClient] Making HTTP request GET https://a.blazemeter.com/api/v4/workspaces?accountId=185664&enabled=true&limit=100
[2020-08-05 10:51:47,095 DEBUG urllib3.connectionpool] https://a.blazemeter.com:443 "GET /api/v4/workspaces?accountId=185664&enabled=true&limit=100 HTTP/1.1" 200 None
[2020-08-05 10:51:47,098 DEBUG Engine.cloud] Response [200]: {
    "limit": 100,
    "skip": 0,
    "total": 1,
    "hidden": 0,
    "api_version": 4,
    "error": null,
    "result": [
        {
            "id": 386790,
            "name": "Mainframe",
            "userId": 402244,
            "created": 157308064
[2020-08-05 10:51:47,099 DEBUG Engine.cloud] Request: GET https://a.blazemeter.com/api/v4/workspaces?accountId=291446&enabled=true&limit=100 None
[2020-08-05 10:51:47,100 DEBUG HTTPClient] Making HTTP request GET https://a.blazemeter.com/api/v4/workspaces?accountId=291446&enabled=true&limit=100
[2020-08-05 10:51:47,265 DEBUG urllib3.connectionpool] https://a.blazemeter.com:443 "GET /api/v4/workspaces?accountId=291446&enabled=true&limit=100 HTTP/1.1" 200 None
[2020-08-05 10:51:47,307 DEBUG Engine.cloud] Response [200]: {
    "limit": 100,
    "skip": 0,
    "total": 127,
    "hidden": 0,
    "api_version": 4,
    "error": null,
    "result": [
        {
            "id": 286101,
            "name": ".Demo Workspace",
            "userId": 515264,
            "created": 1
[2020-08-05 10:51:47,321 DEBUG Engine] Module config: jmeter {'class': 'bzt.modules.jmeter.JMeterExecutor', 'protocol-handlers': {'http': 'bzt.jmx.http.HTTPProtocolHandler'}, 'plugins': ['jpgc-casutg', 'jpgc-dummy', 'jpgc-ffw', 'jpgc-fifo', 'jpgc-functions', 'jpgc-json', 'jpgc-perfmon', 'jpgc-prmctl', 'jpgc-tst'], 'properties': {'jmeter.save.saveservice.autoflush': 'true', 'jmeter.save.saveservice.connect_time': 'true', 'jmeterengine.force.system.exit': 'true', 'summariser.name': ''}}
[2020-08-05 10:51:47,321 DEBUG root] Importing module: bzt.modules.jmeter
[2020-08-05 10:51:47,340 DEBUG root] Loading class: 'JMeterExecutor' from <module 'bzt.modules.jmeter' from 'C:\\Users\\ap673362\\AppData\\Local\\Taurus\\pkgs\\bzt\\modules\\jmeter.py'>
[2020-08-05 10:51:47,341 DEBUG Engine.cloud.ProjectFinder] Parsed test link: None
[2020-08-05 10:51:47,341 DEBUG Engine.cloud] Request: GET https://a.blazemeter.com/api/v4/accounts None
[2020-08-05 10:51:47,341 DEBUG HTTPClient] Making HTTP request GET https://a.blazemeter.com/api/v4/accounts
[2020-08-05 10:51:47,654 DEBUG urllib3.connectionpool] https://a.blazemeter.com:443 "GET /api/v4/accounts HTTP/1.1" 200 None
[2020-08-05 10:51:47,656 DEBUG Engine.cloud] Response [200]: {
    "limit": 10,
    "skip": 0,
    "total": 11,
    "hidden": 0,
    "api_version": 4,
    "error": null,
    "result": [
        {
            "id": 198931,
            "name": "Aetna",
            "thumbnailUrl": "",
            "salesforceId": "0010J
[2020-08-05 10:51:47,657 DEBUG Engine.cloud] Request: GET https://a.blazemeter.com/api/v4/workspaces?accountId=291446&enabled=true&limit=100 None
[2020-08-05 10:51:47,657 DEBUG HTTPClient] Making HTTP request GET https://a.blazemeter.com/api/v4/workspaces?accountId=291446&enabled=true&limit=100
[2020-08-05 10:51:47,830 DEBUG urllib3.connectionpool] https://a.blazemeter.com:443 "GET /api/v4/workspaces?accountId=291446&enabled=true&limit=100 HTTP/1.1" 200 None
[2020-08-05 10:51:47,870 DEBUG Engine.cloud] Response [200]: {
    "limit": 100,
    "skip": 0,
    "total": 127,
    "hidden": 0,
    "api_version": 4,
    "error": null,
    "result": [
        {
            "id": 286101,
            "name": ".Demo Workspace",
            "userId": 515264,
            "created": 1
[2020-08-05 10:51:47,871 DEBUG Engine.cloud] Request: GET https://a.blazemeter.com/api/v4/projects?workspaceId=348658&name=Taurus+Sandbox None
[2020-08-05 10:51:47,871 DEBUG HTTPClient] Making HTTP request GET https://a.blazemeter.com/api/v4/projects?workspaceId=348658&name=Taurus+Sandbox
[2020-08-05 10:51:48,049 DEBUG urllib3.connectionpool] https://a.blazemeter.com:443 "GET /api/v4/projects?workspaceId=348658&name=Taurus+Sandbox HTTP/1.1" 200 None
[2020-08-05 10:51:48,049 DEBUG Engine.cloud] Response [200]: {
    "limit": 10,
    "skip": 0,
    "total": 1,
    "hidden": 0,
    "api_version": 4,
    "error": null,
    "result": [
        {
            "id": 475158,
            "name": "Taurus Sandbox",
            "userId": 490771,
            "description": "
[2020-08-05 10:51:48,050 DEBUG Engine.cloud] Request: GET https://a.blazemeter.com/api/v4/multi-tests?projectId=475158&name=DigitalBank-VISA-Transfer+Load+Test None
[2020-08-05 10:51:48,050 DEBUG HTTPClient] Making HTTP request GET https://a.blazemeter.com/api/v4/multi-tests?projectId=475158&name=DigitalBank-VISA-Transfer+Load+Test
[2020-08-05 10:51:48,227 DEBUG urllib3.connectionpool] https://a.blazemeter.com:443 "GET /api/v4/multi-tests?projectId=475158&name=DigitalBank-VISA-Transfer+Load+Test HTTP/1.1" 200 161
[2020-08-05 10:51:48,227 DEBUG Engine.cloud] Response [200]: {
    "limit": 10,
    "skip": 0,
    "total": 0,
    "hidden": 0,
    "api_version": 4,
    "error": null,
    "result": [],
    "request_id": "5f2ac78427faa"
}
[2020-08-05 10:51:48,228 DEBUG Engine.cloud] Request: GET https://a.blazemeter.com/api/v4/tests?projectId=475158&name=DigitalBank-VISA-Transfer+Load+Test None
[2020-08-05 10:51:48,228 DEBUG HTTPClient] Making HTTP request GET https://a.blazemeter.com/api/v4/tests?projectId=475158&name=DigitalBank-VISA-Transfer+Load+Test
[2020-08-05 10:51:48,390 DEBUG urllib3.connectionpool] https://a.blazemeter.com:443 "GET /api/v4/tests?projectId=475158&name=DigitalBank-VISA-Transfer+Load+Test HTTP/1.1" 200 None
[2020-08-05 10:51:48,391 DEBUG Engine.cloud] Response [200]: {
    "limit": 10,
    "skip": 0,
    "total": 1,
    "hidden": 0,
    "api_version": 4,
    "error": null,
    "result": [
        {
            "id": 8302358,
            "name": "DigitalBank-VISA-Transfer Load Test",
            "isNewTest": true,
     
[2020-08-05 10:51:48,391 DEBUG Engine.cloud.ProjectFinder] Detected test type: standard
[2020-08-05 10:51:48,391 DEBUG Engine.cloud] Request: GET https://a.blazemeter.com/api/v4/workspaces/348658 None
[2020-08-05 10:51:48,391 DEBUG HTTPClient] Making HTTP request GET https://a.blazemeter.com/api/v4/workspaces/348658
[2020-08-05 10:51:48,609 DEBUG urllib3.connectionpool] https://a.blazemeter.com:443 "GET /api/v4/workspaces/348658 HTTP/1.1" 200 None
[2020-08-05 10:51:48,649 DEBUG Engine.cloud] Response [200]: {
    "api_version": 4,
    "error": null,
    "result": {
        "id": 348658,
        "name": "Alex P",
        "userId": 407077,
        "created": 1564611502,
        "updated": 1593186922,
        "enabled": true,
        "dedicatedIpsEnabled": true,
[2020-08-05 10:51:48,667 DEBUG Engine.jmeter] Extract {'script': 'DBank-VISA-Transfer1-Positive.jmx'} into scenarios
[2020-08-05 10:51:48,667 WARNING Engine] Guessed location from search paths for DBank-VISA-Transfer1-Positive.jmx: C:\Users\ap673362\MyDevProjects\jmx-examples\digitalbank\DBank-VISA-Transfer1-Positive.jmx
[2020-08-05 10:51:48,671 DEBUG Engine.cloud] All resource files are: ['C:\\Users\\ap673362\\MyDevProjects\\jmx-examples\\digitalbank\\DBank-VISA-Transfer1-Positive.jmx']
[2020-08-05 10:51:48,671 DEBUG Engine.cloud] Replace file names in config: ['C:\\Users\\ap673362\\MyDevProjects\\jmx-examples\\digitalbank\\DBank-VISA-Transfer1-Positive.jmx'] with ['DBank-VISA-Transfer1-Positive.jmx']
[2020-08-05 10:51:48,672 DEBUG Engine.cloud] Replaced C:\Users\ap673362\MyDevProjects\jmx-examples\digitalbank\DBank-VISA-Transfer1-Positive.jmx with DBank-VISA-Transfer1-Positive.jmx
[2020-08-05 10:51:48,673 DEBUG Engine] New artifact filename: C:\Users\ap673362\MyDevProjects\jmx-examples\2020-08-05_10-51-44.550432\cloud
[2020-08-05 10:51:48,674 DEBUG root] Dumping YAML config into C:\Users\ap673362\MyDevProjects\jmx-examples\2020-08-05_10-51-44.550432\cloud.yml
[2020-08-05 10:51:48,678 DEBUG root] Dumping JSON config into C:\Users\ap673362\MyDevProjects\jmx-examples\2020-08-05_10-51-44.550432\cloud.json
[2020-08-05 10:51:48,678 DEBUG Engine.cloud] Request: GET https://a.blazemeter.com/api/v4/web/elfinder/8302358?cmd=open&target=s1_Lw None
[2020-08-05 10:51:48,678 DEBUG HTTPClient] Making HTTP request GET https://a.blazemeter.com/api/v4/web/elfinder/8302358?cmd=open&target=s1_Lw
[2020-08-05 10:51:49,779 DEBUG urllib3.connectionpool] https://a.blazemeter.com:443 "GET /api/v4/web/elfinder/8302358?cmd=open&target=s1_Lw HTTP/1.1" 200 None
[2020-08-05 10:51:49,780 DEBUG Engine.cloud] Response [200]: {"cwd":{"name":"data","size":0,"mime":"directory","read":1,"write":1,"parent_id":"users","hash":"s1_Lw","rootRev":"","options":{"path":"","url":"","tmbUrl":"self","disabled":["mkdir","archive","zipdl","extract","chmod"],"separator":"\/","copyOverwrite":1,"
[2020-08-05 10:51:49,780 DEBUG Engine.cloud] Test files: ['DBank-VISA-Transfer1-Positive.jmx', 'taurus.yml']
[2020-08-05 10:51:49,780 DEBUG Engine.cloud] Request: GET https://a.blazemeter.com/api/v4/web/elfinder/8302358?cmd=rm&targets[]=s1_REJhbmstVklTQS1UcmFuc2ZlcjEtUG9zaXRpdmUuam14&targets[]=s1_dGF1cnVzLnltbA None
[2020-08-05 10:51:49,780 DEBUG HTTPClient] Making HTTP request GET https://a.blazemeter.com/api/v4/web/elfinder/8302358?cmd=rm&targets[]=s1_REJhbmstVklTQS1UcmFuc2ZlcjEtUG9zaXRpdmUuam14&targets[]=s1_dGF1cnVzLnltbA
[2020-08-05 10:51:51,415 DEBUG urllib3.connectionpool] https://a.blazemeter.com:443 "GET /api/v4/web/elfinder/8302358?cmd=rm&targets%5B%5D=s1_REJhbmstVklTQS1UcmFuc2ZlcjEtUG9zaXRpdmUuam14&targets%5B%5D=s1_dGF1cnVzLnltbA HTTP/1.1" 200 None
[2020-08-05 10:51:51,416 DEBUG Engine.cloud] Response [200]: {"removed":["s1_REJhbmstVklTQS1UcmFuc2ZlcjEtUG9zaXRpdmUuam14","s1_dGF1cnVzLnltbA"],"changed":[{"name":"data","size":0,"mime":"directory","read":1,"write":1,"parent_id":"users","hash":"s1_Lw","rootRev":"","options":{"path":"","url":"","tmbUrl":"self","disab
[2020-08-05 10:51:51,417 DEBUG Engine.cloud] Successfully deleted 2 test files
[2020-08-05 10:51:51,421 DEBUG Engine.cloud] Uploading files into the test: ['C:\\Users\\ap673362\\MyDevProjects\\jmx-examples\\digitalbank\\DBank-VISA-Transfer1-Positive.jmx']
[2020-08-05 10:51:51,421 DEBUG Engine.cloud] Request: POST https://a.blazemeter.com/api/v4/tests/8302358/files b'--===============8665016007636160033==\r\nContent-Disposition: file; name="script"; filename="taurus.yml"\r\nContent-Type: application/octet-stream\r\n\r\n---\nexecution:\n- concurrency: 100\n  executor: jmeter\n  hold-for: 15m\n  locations:\n    us-east-1: 1\n    us-wes'
[2020-08-05 10:51:51,421 DEBUG HTTPClient] Making HTTP request POST https://a.blazemeter.com/api/v4/tests/8302358/files
[2020-08-05 10:51:52,599 DEBUG urllib3.connectionpool] https://a.blazemeter.com:443 "POST /api/v4/tests/8302358/files HTTP/1.1" 201 1430
[2020-08-05 10:51:52,599 DEBUG Engine.cloud] Response [201]: {
    "api_version": 4,
    "error": null,
    "result": {
        "id": 8302358,
        "isNewTest": true,
        "lastRunTime": 1596639022,
        "name": "DigitalBank-VISA-Transfer Load Test",
        "userId": 490771,
        "creatorClientId": "Tau
[2020-08-05 10:51:52,599 DEBUG Engine.cloud] Request: PATCH https://a.blazemeter.com/api/v4/tests/8302358 {
 "configuration": {
  "executionType": null
 }
}
[2020-08-05 10:51:52,599 DEBUG HTTPClient] Making HTTP request PATCH https://a.blazemeter.com/api/v4/tests/8302358
[2020-08-05 10:51:53,227 DEBUG urllib3.connectionpool] https://a.blazemeter.com:443 "PATCH /api/v4/tests/8302358 HTTP/1.1" 200 None
[2020-08-05 10:51:53,227 DEBUG Engine.cloud] Response [200]: {
    "api_version": 4,
    "error": null,
    "result": {
        "id": 8302358,
        "isNewTest": true,
        "lastRunTime": 1596639022,
        "name": "DigitalBank-VISA-Transfer Load Test",
        "userId": 490771,
        "creatorClientId": "Tau
[2020-08-05 10:51:53,227 DEBUG Engine.cloud] Request: PATCH https://a.blazemeter.com/api/v4/tests/8302358 {
 "shouldSendReportEmail": false
}
[2020-08-05 10:51:53,227 DEBUG HTTPClient] Making HTTP request PATCH https://a.blazemeter.com/api/v4/tests/8302358
[2020-08-05 10:51:53,641 DEBUG urllib3.connectionpool] https://a.blazemeter.com:443 "PATCH /api/v4/tests/8302358 HTTP/1.1" 200 None
[2020-08-05 10:51:53,642 DEBUG Engine.cloud] Response [200]: {
    "api_version": 4,
    "error": null,
    "result": {
        "id": 8302358,
        "isNewTest": true,
        "lastRunTime": 1596639022,
        "name": "DigitalBank-VISA-Transfer Load Test",
        "userId": 490771,
        "creatorClientId": "Tau
[2020-08-05 10:51:53,642 DEBUG Engine] Module config: final-stats {'class': 'bzt.modules.reporting.FinalStatus'}
[2020-08-05 10:51:53,642 DEBUG root] Importing module: bzt.modules.reporting
[2020-08-05 10:51:53,644 DEBUG root] Loading class: 'FinalStatus' from <module 'bzt.modules.reporting' from 'C:\\Users\\ap673362\\AppData\\Local\\Taurus\\pkgs\\bzt\\modules\\reporting.py'>
[2020-08-05 10:51:53,644 DEBUG Engine] Module config: console {'class': 'bzt.modules.console.ConsoleStatusReporter'}
[2020-08-05 10:51:53,644 DEBUG root] Importing module: bzt.modules.console
[2020-08-05 10:51:53,644 DEBUG root] Loading class: 'ConsoleStatusReporter' from <module 'bzt.modules.console' from 'C:\\Users\\ap673362\\AppData\\Local\\Taurus\\pkgs\\bzt\\modules\\console.py'>
[2020-08-05 10:51:53,644 DEBUG Engine.console] Can't use 'console' screen, trying 'gui'
[2020-08-05 10:51:53,650 DEBUG Engine.Configuration] Dumping YAML config into C:\Users\ap673362\MyDevProjects\jmx-examples\2020-08-05_10-51-44.550432\effective.yml
[2020-08-05 10:51:53,663 DEBUG Engine.Configuration] Dumping JSON config into C:\Users\ap673362\MyDevProjects\jmx-examples\2020-08-05_10-51-44.550432\effective.json
[2020-08-05 10:51:53,664 INFO Engine] Starting...
[2020-08-05 10:51:53,665 DEBUG Engine] Startup <bzt.modules.monitoring.Monitoring object at 0x0000019092CA9940>
[2020-08-05 10:51:53,665 DEBUG Engine] Startup <bzt.modules.aggregator.ConsolidatingAggregator object at 0x00000190F38A2940>
[2020-08-05 10:51:53,666 DEBUG Engine] Startup <bzt.modules.reporting.FinalStatus object at 0x0000019092DA1320>
[2020-08-05 10:51:53,666 DEBUG Engine] Startup <bzt.modules.console.ConsoleStatusReporter object at 0x0000019092DA16A0>
[2020-08-05 10:51:53,666 INFO Engine.console] Waiting for results...
[2020-08-05 10:51:53,667 DEBUG Engine] Startup <bzt.modules.blazemeter.CloudProvisioning object at 0x00000190F38A2FD0>
[2020-08-05 10:51:53,667 INFO Engine.cloud.ProjectFinder.CloudTaurusTest] Initiating cloud test with https://a.blazemeter.com ...
[2020-08-05 10:51:53,667 DEBUG Engine.cloud] Request: POST https://a.blazemeter.com/api/v4/tests/8302358/start None
[2020-08-05 10:51:53,667 DEBUG HTTPClient] Making HTTP request POST https://a.blazemeter.com/api/v4/tests/8302358/start
[2020-08-05 10:51:58,621 DEBUG urllib3.connectionpool] https://a.blazemeter.com:443 "POST /api/v4/tests/8302358/start HTTP/1.1" 202 3555
[2020-08-05 10:51:58,622 DEBUG Engine.cloud] Response [202]: {
    "api_version": 4,
    "error": null,
    "result": {
        "id": 30303020,
        "name": "DigitalBank-VISA-Transfer Load Test",
        "userId": 490771,
        "publicToken": null,
        "ended": null,
        "lastUpdate": null,
        "del
[2020-08-05 10:51:58,622 INFO Engine.cloud] Started cloud test: https://a.blazemeter.com/app/#/masters/30303020
[2020-08-05 10:51:58,777 DEBUG Engine.cloud] Request: PATCH https://a.blazemeter.com/api/v4/masters/30303020 {
 "name": "DigitalBank-VISA-Transfer Load Test Report"
}
[2020-08-05 10:51:58,777 DEBUG HTTPClient] Making HTTP request PATCH https://a.blazemeter.com/api/v4/masters/30303020
[2020-08-05 10:51:58,944 DEBUG urllib3.connectionpool] https://a.blazemeter.com:443 "PATCH /api/v4/masters/30303020 HTTP/1.1" 200 None
[2020-08-05 10:51:58,945 DEBUG Engine.cloud] Response [200]: {
    "api_version": 4,
    "error": null,
    "result": {
        "id": 30303020,
        "name": "DigitalBank-VISA-Transfer Load Test Report",
        "userId": 490771,
        "delayedStartReady": false,
        "runnerUserId": 490771,
        "charges"
[2020-08-05 10:51:58,946 DEBUG Engine.Configuration] Dumping YAML config into C:\Users\ap673362\MyDevProjects\jmx-examples\2020-08-05_10-51-44.550432\effective.yml
[2020-08-05 10:51:58,965 DEBUG Engine.Configuration] Dumping JSON config into C:\Users\ap673362\MyDevProjects\jmx-examples\2020-08-05_10-51-44.550432\effective.json
[2020-08-05 10:51:58,966 DEBUG root] Leveling down log file verbosity to INFO, use -v option to have DEBUG messages enabled
[2020-08-05 10:51:58,966 WARNING Engine.cloud] Detaching Taurus from started test...
[2020-08-05 10:51:59,226 INFO Engine.console] Did not mute console logging
[2020-08-05 10:51:59,363 INFO Engine.console] Waiting for finish...
[2020-08-05 10:51:59,462 WARNING Engine] Please wait for graceful shutdown...
[2020-08-05 10:51:59,463 DEBUG root] Leveled up log file verbosity
[2020-08-05 10:51:59,463 INFO Engine] Shutting down...
[2020-08-05 10:51:59,465 DEBUG Engine] Current stop reason: None
[2020-08-05 10:51:59,473 DEBUG Engine.console] No logger_handler or orig_stream was detected
[2020-08-05 10:51:59,474 DEBUG Engine.Configuration] Dumping YAML config into C:\Users\ap673362\MyDevProjects\jmx-examples\2020-08-05_10-51-44.550432\effective.yml
[2020-08-05 10:51:59,488 DEBUG Engine.Configuration] Dumping JSON config into C:\Users\ap673362\MyDevProjects\jmx-examples\2020-08-05_10-51-44.550432\effective.json
[2020-08-05 10:51:59,489 INFO Engine] Post-processing...
[2020-08-05 10:51:59,490 DEBUG Engine.cloud] Request: GET https://a.blazemeter.com/api/v4/masters/30303020/full None
[2020-08-05 10:51:59,490 DEBUG HTTPClient] Making HTTP request GET https://a.blazemeter.com/api/v4/masters/30303020/full
[2020-08-05 10:51:59,715 DEBUG urllib3.connectionpool] https://a.blazemeter.com:443 "GET /api/v4/masters/30303020/full HTTP/1.1" 200 None
[2020-08-05 10:51:59,716 DEBUG Engine.cloud] Response [200]: {
    "api_version": 4,
    "error": null,
    "result": {
        "id": 30303020,
        "name": "DigitalBank-VISA-Transfer Load Test Report",
        "userId": 490771,
        "delayedStartReady": false,
        "runnerUserId": 490771,
        "charges"
[2020-08-05 10:51:59,716 DEBUG Engine.consolidator] Consolidator buffer[0]: dict_keys([])
[2020-08-05 10:51:59,716 INFO Engine.final-stats] Test duration: 0:00:06
[2020-08-05 10:51:59,717 DEBUG Engine.console] No logger_handler or orig_stream was detected
[2020-08-05 10:51:59,719 DEBUG Engine.Configuration] Dumping YAML config into C:\Users\ap673362\MyDevProjects\jmx-examples\2020-08-05_10-51-44.550432\effective.yml
[2020-08-05 10:51:59,736 DEBUG Engine.Configuration] Dumping JSON config into C:\Users\ap673362\MyDevProjects\jmx-examples\2020-08-05_10-51-44.550432\effective.json
[2020-08-05 10:51:59,737 INFO root] Artifacts dir: C:\Users\ap673362\MyDevProjects\jmx-examples\2020-08-05_10-51-44.550432
[2020-08-05 10:51:59,737 INFO root] Done performing with code: 0
[2020-08-05 10:51:59,738 DEBUG root] Closing log handler: C:\Users\ap673362\MyDevProjects\jmx-examples\2020-08-05_10-51-44.550432\bzt.log
