[2020-08-05 10:52:57,713 INFO root] Taurus CLI Tool v1.13.9
[2020-08-05 10:52:57,715 DEBUG root] Command-line options: {'log': 'C:\\Users\\ap673362\\AppData\\Local\\Temp\\bzt_6o6ji580.log', 'option': ['modules.blazemeter.test=FindFlights-FlightSearch4-Negative Functional Test', 'modules.blazemeter.report-name=FindFlights-FlightSearch4-Negative Functional Test Report'], 'quiet': None, 'verbose': None, 'no_system_configs': None, 'aliases': ['cloud', 'func', 'detach']}
[2020-08-05 10:52:57,715 DEBUG root] Python: CPython 3.6.5
[2020-08-05 10:52:57,715 DEBUG root] Rev: 43411c567cb83f1bf7e2da4690a98d46018389da; OS: uname_result(system='Windows', node='JL5Q1Z2', release='10', version='10.0.18362', machine='AMD64', processor='Intel64 Family 6 Model 158 Stepping 13, GenuineIntel')
[2020-08-05 10:52:57,717 DEBUG root] Adding JMX shorthand config for: ['find-flights/FindFlights-FlightSearch4-Negative.jmx']
[2020-08-05 10:52:57,719 DEBUG root] Dumping JSON config into C:\Users\ap673362\AppData\Local\Temp\jmx_cejm80lf.json
[2020-08-05 10:52:57,719 INFO root] Starting with configs: ['C:\\Users\\ap673362\\AppData\\Local\\Temp\\jmx_cejm80lf.json']
[2020-08-05 10:52:57,721 DEBUG root] Using personal config: C:\Users\ap673362\.bzt-rc
[2020-08-05 10:52:57,721 INFO Engine] Configuring...
[2020-08-05 10:52:57,791 DEBUG Engine] Base configs list: ['C:\\Users\\ap673362\\AppData\\Local\\Taurus\\pkgs\\bzt\\resources/10-base-config.yml']
[2020-08-05 10:52:57,791 DEBUG Engine.Configuration] Configs: ['C:\\Users\\ap673362\\AppData\\Local\\Taurus\\pkgs\\bzt\\resources/10-base-config.yml']
[2020-08-05 10:52:57,793 DEBUG Engine.Configuration] Reading C:\Users\ap673362\AppData\Local\Taurus\pkgs\bzt\resources/10-base-config.yml as YAML
[2020-08-05 10:52:57,811 DEBUG Engine] User configs list: ['C:\\Users\\ap673362\\.bzt-rc', 'C:\\Users\\ap673362\\AppData\\Local\\Temp\\jmx_cejm80lf.json']
[2020-08-05 10:52:57,811 DEBUG Engine.Configuration] Configs: ['C:\\Users\\ap673362\\.bzt-rc', 'C:\\Users\\ap673362\\AppData\\Local\\Temp\\jmx_cejm80lf.json']
[2020-08-05 10:52:57,812 WARNING Engine.Configuration] Replaced leading tabs in file C:\Users\ap673362\.bzt-rc, line 36
[2020-08-05 10:52:57,813 WARNING Engine.Configuration] Line content is: token: 68d0df9d40c6247bbcc1a979:2ccdb1cc571b18fbf28d0179f6313002a32bb37f59bc21e858fcc9aec019452c4bd37012
[2020-08-05 10:52:57,813 WARNING Engine.Configuration] Please remember that YAML spec does not allow using tabs for indentation
[2020-08-05 10:52:57,814 DEBUG Engine.Configuration] Reading C:\Users\ap673362\.bzt-rc as YAML
[2020-08-05 10:52:57,818 DEBUG Engine.Configuration] Reading C:\Users\ap673362\AppData\Local\Temp\jmx_cejm80lf.json as YAML
[2020-08-05 10:52:57,819 DEBUG Engine.Configuration] Configs: ['C:\\Users\\ap673362\\.bzt-rc', 'C:\\Users\\ap673362\\AppData\\Local\\Temp\\jmx_cejm80lf.json']
[2020-08-05 10:52:57,819 DEBUG Engine.Configuration] Reading C:\Users\ap673362\.bzt-rc as YAML
[2020-08-05 10:52:57,823 DEBUG Engine.Configuration] Reading C:\Users\ap673362\AppData\Local\Temp\jmx_cejm80lf.json as YAML
[2020-08-05 10:52:57,824 DEBUG Engine] Requesting updates info: https://gettaurus.org/updates/?version=1.13.9&installID=windows-8d23e820b17
[2020-08-05 10:52:57,825 DEBUG ConfigOverrider] Applying modules.blazemeter.test=FindFlights-FlightSearch4-Negative Functional Test
[2020-08-05 10:52:57,825 DEBUG HTTPClient] Making HTTP request GET https://gettaurus.org/updates/?version=1.13.9&installID=windows-8d23e820b17
[2020-08-05 10:52:57,825 DEBUG ConfigOverrider] Applying: [test]=FindFlights-FlightSearch4-Negative Functional Test
[2020-08-05 10:52:57,825 DEBUG ConfigOverrider] Parsed override value: 'FindFlights-FlightSearch4-Negative Functional Test' -> 'FindFlights-FlightSearch4-Negative Functional Test' (<class 'str'>)
[2020-08-05 10:52:57,826 DEBUG ConfigOverrider] Applying modules.blazemeter.report-name=FindFlights-FlightSearch4-Negative Functional Test Report
[2020-08-05 10:52:57,826 DEBUG ConfigOverrider] Applying: [report-name]=FindFlights-FlightSearch4-Negative Functional Test Report
[2020-08-05 10:52:57,826 DEBUG ConfigOverrider] Parsed override value: 'FindFlights-FlightSearch4-Negative Functional Test Report' -> 'FindFlights-FlightSearch4-Negative Functional Test Report' (<class 'str'>)
[2020-08-05 10:52:57,826 INFO Engine] Artifacts dir: C:\Users\ap673362\MyDevProjects\jmx-examples\2020-08-05_10-52-57.826004
[2020-08-05 10:52:57,829 DEBUG urllib3.connectionpool] Starting new HTTPS connection (1): gettaurus.org:443
[2020-08-05 10:52:57,830 DEBUG Engine] New artifact filename: C:\Users\ap673362\MyDevProjects\jmx-examples\2020-08-05_10-52-57.826004\effective
[2020-08-05 10:52:57,832 DEBUG Engine.Configuration] Dumping YAML config into C:\Users\ap673362\MyDevProjects\jmx-examples\2020-08-05_10-52-57.826004\effective.yml
[2020-08-05 10:52:57,847 DEBUG Engine.Configuration] Dumping JSON config into C:\Users\ap673362\MyDevProjects\jmx-examples\2020-08-05_10-52-57.826004\effective.json
[2020-08-05 10:52:57,848 DEBUG Engine] New artifact filename: C:\Users\ap673362\MyDevProjects\jmx-examples\2020-08-05_10-52-57.826004\merged.yml
[2020-08-05 10:52:57,849 DEBUG Engine.Configuration] Dumping YAML config into C:\Users\ap673362\MyDevProjects\jmx-examples\2020-08-05_10-52-57.826004\merged.yml
[2020-08-05 10:52:57,850 DEBUG Engine] New artifact filename: C:\Users\ap673362\MyDevProjects\jmx-examples\2020-08-05_10-52-57.826004\merged.json
[2020-08-05 10:52:57,851 DEBUG Engine.Configuration] Dumping JSON config into C:\Users\ap673362\MyDevProjects\jmx-examples\2020-08-05_10-52-57.826004\merged.json
[2020-08-05 10:52:57,851 DEBUG Engine] Add existing artifact (move=False): C:\Users\ap673362\AppData\Local\Temp\jmx_cejm80lf.json
[2020-08-05 10:52:57,851 DEBUG Engine] Copying C:\Users\ap673362\AppData\Local\Temp\jmx_cejm80lf.json to C:\Users\ap673362\MyDevProjects\jmx-examples\2020-08-05_10-52-57.826004\jmx_cejm80lf.json
[2020-08-05 10:52:57,854 DEBUG root] Closing log handler: C:\Users\ap673362\AppData\Local\Temp\bzt_6o6ji580.log
[2020-08-05 10:52:57,858 DEBUG root] Switched writing logs to C:\Users\ap673362\MyDevProjects\jmx-examples\2020-08-05_10-52-57.826004\bzt.log
[2020-08-05 10:52:57,858 DEBUG root] Linting config
[2020-08-05 10:52:57,859 INFO Engine] Preparing...
[2020-08-05 10:52:57,860 DEBUG Engine] Module config: functional-consolidator {'class': 'bzt.modules.functional.FunctionalAggregator'}
[2020-08-05 10:52:57,860 DEBUG root] Importing module: bzt.modules.functional
[2020-08-05 10:52:58,353 DEBUG root] Loading class: 'FunctionalAggregator' from <module 'bzt.modules.functional' from 'C:\\Users\\ap673362\\AppData\\Local\\Taurus\\pkgs\\bzt\\modules\\functional.py'>
[2020-08-05 10:52:58,353 DEBUG Engine] Module config: monitoring {'class': 'bzt.modules.monitoring.Monitoring'}
[2020-08-05 10:52:58,353 DEBUG root] Importing module: bzt.modules.monitoring
[2020-08-05 10:52:58,355 DEBUG root] Loading class: 'Monitoring' from <module 'bzt.modules.monitoring' from 'C:\\Users\\ap673362\\AppData\\Local\\Taurus\\pkgs\\bzt\\modules\\monitoring.py'>
[2020-08-05 10:52:58,355 DEBUG Engine] Module config: cloud {'class': 'bzt.modules.blazemeter.CloudProvisioning', 'default-location': 'us-central1-a', 'token': '********', 'account': 'SE Demo', 'workspace': 'Alex P', 'project': 'Taurus Sandbox', 'detach': True}
[2020-08-05 10:52:58,355 DEBUG root] Importing module: bzt.modules.blazemeter
[2020-08-05 10:52:58,376 DEBUG root] Loading class: 'CloudProvisioning' from <module 'bzt.modules.blazemeter' from 'C:\\Users\\ap673362\\AppData\\Local\\Taurus\\pkgs\\bzt\\modules\\blazemeter.py'>
[2020-08-05 10:52:58,376 DEBUG Engine] Module config: blazemeter {'class': 'bzt.modules.blazemeter.BlazeMeterUploader', 'test': 'FindFlights-FlightSearch4-Negative Functional Test', 'report-name': 'FindFlights-FlightSearch4-Negative Functional Test Report'}
[2020-08-05 10:52:58,376 DEBUG root] Importing module: bzt.modules.blazemeter
[2020-08-05 10:52:58,376 DEBUG root] Loading class: 'BlazeMeterUploader' from <module 'bzt.modules.blazemeter' from 'C:\\Users\\ap673362\\AppData\\Local\\Taurus\\pkgs\\bzt\\modules\\blazemeter.py'>
[2020-08-05 10:52:58,377 DEBUG Engine.cloud] Installing http client
[2020-08-05 10:52:58,377 DEBUG Engine.cloud] Request: GET https://a.blazemeter.com/api/v4/accounts None
[2020-08-05 10:52:58,377 DEBUG HTTPClient] Making HTTP request GET https://a.blazemeter.com/api/v4/accounts
[2020-08-05 10:52:58,379 DEBUG urllib3.connectionpool] Starting new HTTPS connection (1): a.blazemeter.com:443
[2020-08-05 10:52:58,792 DEBUG urllib3.connectionpool] https://gettaurus.org:443 "GET /updates/?version=1.13.9&installID=windows-8d23e820b17 HTTP/1.1" 200 39
[2020-08-05 10:52:58,792 DEBUG Engine] Taurus updates info: {'latest': '1.14.2', 'needsUpgrade': True}
[2020-08-05 10:52:58,792 WARNING Engine] There is newer version of Taurus 1.14.2 available, consider upgrading. What's new: http://gettaurus.org/docs/Changelog/
[2020-08-05 10:52:58,856 DEBUG urllib3.connectionpool] https://a.blazemeter.com:443 "GET /api/v4/accounts HTTP/1.1" 200 None
[2020-08-05 10:52:58,857 DEBUG Engine.cloud] Response [200]: {
    "limit": 10,
    "skip": 0,
    "total": 11,
    "hidden": 0,
    "api_version": 4,
    "error": null,
    "result": [
        {
            "id": 198931,
            "name": "Aetna",
            "thumbnailUrl": "",
            "salesforceId": "0010J
[2020-08-05 10:52:58,860 DEBUG Engine.cloud] Request: GET https://a.blazemeter.com/api/v4/workspaces?accountId=198931&enabled=true&limit=100 None
[2020-08-05 10:52:58,860 DEBUG HTTPClient] Making HTTP request GET https://a.blazemeter.com/api/v4/workspaces?accountId=198931&enabled=true&limit=100
[2020-08-05 10:52:59,029 DEBUG urllib3.connectionpool] https://a.blazemeter.com:443 "GET /api/v4/workspaces?accountId=198931&enabled=true&limit=100 HTTP/1.1" 200 None
[2020-08-05 10:52:59,030 DEBUG Engine.cloud] Response [200]: {
    "limit": 100,
    "skip": 0,
    "total": 41,
    "hidden": 0,
    "api_version": 4,
    "error": null,
    "result": [
        {
            "id": 456745,
            "name": " MITTESA_3318",
            "userId": 813259,
            "created": 1584
[2020-08-05 10:52:59,036 DEBUG Engine.cloud] Request: GET https://a.blazemeter.com/api/v4/workspaces?accountId=396052&enabled=true&limit=100 None
[2020-08-05 10:52:59,036 DEBUG HTTPClient] Making HTTP request GET https://a.blazemeter.com/api/v4/workspaces?accountId=396052&enabled=true&limit=100
[2020-08-05 10:52:59,216 DEBUG urllib3.connectionpool] https://a.blazemeter.com:443 "GET /api/v4/workspaces?accountId=396052&enabled=true&limit=100 HTTP/1.1" 200 None
[2020-08-05 10:52:59,217 DEBUG Engine.cloud] Response [200]: {
    "limit": 100,
    "skip": 0,
    "total": 9,
    "hidden": 0,
    "api_version": 4,
    "error": null,
    "result": [
        {
            "id": 393834,
            "name": "COE",
            "userId": 490771,
            "created": 1574364228,
   
[2020-08-05 10:52:59,218 DEBUG Engine.cloud] Request: GET https://a.blazemeter.com/api/v4/workspaces?accountId=514413&enabled=true&limit=100 None
[2020-08-05 10:52:59,219 DEBUG HTTPClient] Making HTTP request GET https://a.blazemeter.com/api/v4/workspaces?accountId=514413&enabled=true&limit=100
[2020-08-05 10:52:59,380 DEBUG urllib3.connectionpool] https://a.blazemeter.com:443 "GET /api/v4/workspaces?accountId=514413&enabled=true&limit=100 HTTP/1.1" 200 None
[2020-08-05 10:52:59,381 DEBUG Engine.cloud] Response [200]: {
    "limit": 100,
    "skip": 0,
    "total": 2,
    "hidden": 0,
    "api_version": 4,
    "error": null,
    "result": [
        {
            "id": 517389,
            "name": "Default Workspace",
            "userId": 498178,
            "created": 1
[2020-08-05 10:52:59,381 DEBUG Engine.cloud] Request: GET https://a.blazemeter.com/api/v4/workspaces?accountId=516088&enabled=true&limit=100 None
[2020-08-05 10:52:59,382 DEBUG HTTPClient] Making HTTP request GET https://a.blazemeter.com/api/v4/workspaces?accountId=516088&enabled=true&limit=100
[2020-08-05 10:52:59,535 DEBUG urllib3.connectionpool] https://a.blazemeter.com:443 "GET /api/v4/workspaces?accountId=516088&enabled=true&limit=100 HTTP/1.1" 200 None
[2020-08-05 10:52:59,535 DEBUG Engine.cloud] Response [200]: {
    "limit": 100,
    "skip": 0,
    "total": 1,
    "hidden": 0,
    "api_version": 4,
    "error": null,
    "result": [
        {
            "id": 517695,
            "name": "BlazeMeter Training",
            "userId": 949383,
            "created":
[2020-08-05 10:52:59,536 DEBUG Engine.cloud] Request: GET https://a.blazemeter.com/api/v4/workspaces?accountId=118272&enabled=true&limit=100 None
[2020-08-05 10:52:59,536 DEBUG HTTPClient] Making HTTP request GET https://a.blazemeter.com/api/v4/workspaces?accountId=118272&enabled=true&limit=100
[2020-08-05 10:52:59,691 DEBUG urllib3.connectionpool] https://a.blazemeter.com:443 "GET /api/v4/workspaces?accountId=118272&enabled=true&limit=100 HTTP/1.1" 200 None
[2020-08-05 10:52:59,692 DEBUG Engine.cloud] Response [200]: {
    "limit": 100,
    "skip": 0,
    "total": 1,
    "hidden": 0,
    "api_version": 4,
    "error": null,
    "result": [
        {
            "id": 23365,
            "name": "Broadcom Workspace Playground",
            "userId": 323888,
            "
[2020-08-05 10:52:59,692 DEBUG Engine.cloud] Request: GET https://a.blazemeter.com/api/v4/workspaces?accountId=120238&enabled=true&limit=100 None
[2020-08-05 10:52:59,692 DEBUG HTTPClient] Making HTTP request GET https://a.blazemeter.com/api/v4/workspaces?accountId=120238&enabled=true&limit=100
[2020-08-05 10:52:59,851 DEBUG urllib3.connectionpool] https://a.blazemeter.com:443 "GET /api/v4/workspaces?accountId=120238&enabled=true&limit=100 HTTP/1.1" 200 None
[2020-08-05 10:52:59,891 DEBUG Engine.cloud] Response [200]: {
    "limit": 100,
    "skip": 0,
    "total": 65,
    "hidden": 0,
    "api_version": 4,
    "error": null,
    "result": [
        {
            "id": 213328,
            "name": "API Management - Presales UKI",
            "userId": 341848,
           
[2020-08-05 10:52:59,916 DEBUG Engine.cloud] Request: GET https://a.blazemeter.com/api/v4/workspaces?accountId=132907&enabled=true&limit=100 None
[2020-08-05 10:52:59,916 DEBUG HTTPClient] Making HTTP request GET https://a.blazemeter.com/api/v4/workspaces?accountId=132907&enabled=true&limit=100
[2020-08-05 10:53:00,084 DEBUG urllib3.connectionpool] https://a.blazemeter.com:443 "GET /api/v4/workspaces?accountId=132907&enabled=true&limit=100 HTTP/1.1" 200 None
[2020-08-05 10:53:00,085 DEBUG Engine.cloud] Response [200]: {
    "limit": 100,
    "skip": 0,
    "total": 1,
    "hidden": 0,
    "api_version": 4,
    "error": null,
    "result": [
        {
            "id": 366515,
            "name": "Online Banking",
            "userId": 347316,
            "created": 1568
[2020-08-05 10:53:00,086 DEBUG Engine.cloud] Request: GET https://a.blazemeter.com/api/v4/workspaces?accountId=302781&enabled=true&limit=100 None
[2020-08-05 10:53:00,086 DEBUG HTTPClient] Making HTTP request GET https://a.blazemeter.com/api/v4/workspaces?accountId=302781&enabled=true&limit=100
[2020-08-05 10:53:00,251 DEBUG urllib3.connectionpool] https://a.blazemeter.com:443 "GET /api/v4/workspaces?accountId=302781&enabled=true&limit=100 HTTP/1.1" 200 None
[2020-08-05 10:53:00,251 DEBUG Engine.cloud] Response [200]: {
    "limit": 100,
    "skip": 0,
    "total": 1,
    "hidden": 0,
    "api_version": 4,
    "error": null,
    "result": [
        {
            "id": 485240,
            "name": "AlexP",
            "userId": 380559,
            "created": 1587093542,
 
[2020-08-05 10:53:00,252 DEBUG Engine.cloud] Request: GET https://a.blazemeter.com/api/v4/workspaces?accountId=185664&enabled=true&limit=100 None
[2020-08-05 10:53:00,252 DEBUG HTTPClient] Making HTTP request GET https://a.blazemeter.com/api/v4/workspaces?accountId=185664&enabled=true&limit=100
[2020-08-05 10:53:00,419 DEBUG urllib3.connectionpool] https://a.blazemeter.com:443 "GET /api/v4/workspaces?accountId=185664&enabled=true&limit=100 HTTP/1.1" 200 None
[2020-08-05 10:53:00,420 DEBUG Engine.cloud] Response [200]: {
    "limit": 100,
    "skip": 0,
    "total": 1,
    "hidden": 0,
    "api_version": 4,
    "error": null,
    "result": [
        {
            "id": 386790,
            "name": "Mainframe",
            "userId": 402244,
            "created": 157308064
[2020-08-05 10:53:00,420 DEBUG Engine.cloud] Request: GET https://a.blazemeter.com/api/v4/workspaces?accountId=291446&enabled=true&limit=100 None
[2020-08-05 10:53:00,420 DEBUG HTTPClient] Making HTTP request GET https://a.blazemeter.com/api/v4/workspaces?accountId=291446&enabled=true&limit=100
[2020-08-05 10:53:00,597 DEBUG urllib3.connectionpool] https://a.blazemeter.com:443 "GET /api/v4/workspaces?accountId=291446&enabled=true&limit=100 HTTP/1.1" 200 None
[2020-08-05 10:53:00,637 DEBUG Engine.cloud] Response [200]: {
    "limit": 100,
    "skip": 0,
    "total": 127,
    "hidden": 0,
    "api_version": 4,
    "error": null,
    "result": [
        {
            "id": 286101,
            "name": ".Demo Workspace",
            "userId": 515264,
            "created": 1
[2020-08-05 10:53:00,665 DEBUG Engine] Module config: jmeter {'class': 'bzt.modules.jmeter.JMeterExecutor', 'protocol-handlers': {'http': 'bzt.jmx.http.HTTPProtocolHandler'}, 'plugins': ['jpgc-casutg', 'jpgc-dummy', 'jpgc-ffw', 'jpgc-fifo', 'jpgc-functions', 'jpgc-json', 'jpgc-perfmon', 'jpgc-prmctl', 'jpgc-tst'], 'properties': {'jmeter.save.saveservice.autoflush': 'true', 'jmeter.save.saveservice.connect_time': 'true', 'jmeterengine.force.system.exit': 'true', 'summariser.name': ''}}
[2020-08-05 10:53:00,665 DEBUG root] Importing module: bzt.modules.jmeter
[2020-08-05 10:53:00,680 DEBUG root] Loading class: 'JMeterExecutor' from <module 'bzt.modules.jmeter' from 'C:\\Users\\ap673362\\AppData\\Local\\Taurus\\pkgs\\bzt\\modules\\jmeter.py'>
[2020-08-05 10:53:00,681 DEBUG Engine.cloud.ProjectFinder] Parsed test link: None
[2020-08-05 10:53:00,681 DEBUG Engine.cloud] Request: GET https://a.blazemeter.com/api/v4/accounts None
[2020-08-05 10:53:00,681 DEBUG HTTPClient] Making HTTP request GET https://a.blazemeter.com/api/v4/accounts
[2020-08-05 10:53:00,988 DEBUG urllib3.connectionpool] https://a.blazemeter.com:443 "GET /api/v4/accounts HTTP/1.1" 200 None
[2020-08-05 10:53:00,988 DEBUG Engine.cloud] Response [200]: {
    "limit": 10,
    "skip": 0,
    "total": 11,
    "hidden": 0,
    "api_version": 4,
    "error": null,
    "result": [
        {
            "id": 198931,
            "name": "Aetna",
            "thumbnailUrl": "",
            "salesforceId": "0010J
[2020-08-05 10:53:00,989 DEBUG Engine.cloud] Request: GET https://a.blazemeter.com/api/v4/workspaces?accountId=291446&enabled=true&limit=100 None
[2020-08-05 10:53:00,989 DEBUG HTTPClient] Making HTTP request GET https://a.blazemeter.com/api/v4/workspaces?accountId=291446&enabled=true&limit=100
[2020-08-05 10:53:01,154 DEBUG urllib3.connectionpool] https://a.blazemeter.com:443 "GET /api/v4/workspaces?accountId=291446&enabled=true&limit=100 HTTP/1.1" 200 None
[2020-08-05 10:53:01,196 DEBUG Engine.cloud] Response [200]: {
    "limit": 100,
    "skip": 0,
    "total": 127,
    "hidden": 0,
    "api_version": 4,
    "error": null,
    "result": [
        {
            "id": 286101,
            "name": ".Demo Workspace",
            "userId": 515264,
            "created": 1
[2020-08-05 10:53:01,199 DEBUG Engine.cloud] Request: GET https://a.blazemeter.com/api/v4/projects?workspaceId=348658&name=Taurus+Sandbox None
[2020-08-05 10:53:01,199 DEBUG HTTPClient] Making HTTP request GET https://a.blazemeter.com/api/v4/projects?workspaceId=348658&name=Taurus+Sandbox
[2020-08-05 10:53:01,379 DEBUG urllib3.connectionpool] https://a.blazemeter.com:443 "GET /api/v4/projects?workspaceId=348658&name=Taurus+Sandbox HTTP/1.1" 200 None
[2020-08-05 10:53:01,380 DEBUG Engine.cloud] Response [200]: {
    "limit": 10,
    "skip": 0,
    "total": 1,
    "hidden": 0,
    "api_version": 4,
    "error": null,
    "result": [
        {
            "id": 475158,
            "name": "Taurus Sandbox",
            "userId": 490771,
            "description": "
[2020-08-05 10:53:01,380 DEBUG Engine.cloud] Request: GET https://a.blazemeter.com/api/v4/multi-tests?projectId=475158&name=FindFlights-FlightSearch4-Negative+Functional+Test None
[2020-08-05 10:53:01,380 DEBUG HTTPClient] Making HTTP request GET https://a.blazemeter.com/api/v4/multi-tests?projectId=475158&name=FindFlights-FlightSearch4-Negative+Functional+Test
[2020-08-05 10:53:01,536 DEBUG urllib3.connectionpool] https://a.blazemeter.com:443 "GET /api/v4/multi-tests?projectId=475158&name=FindFlights-FlightSearch4-Negative+Functional+Test HTTP/1.1" 200 161
[2020-08-05 10:53:01,536 DEBUG Engine.cloud] Response [200]: {
    "limit": 10,
    "skip": 0,
    "total": 0,
    "hidden": 0,
    "api_version": 4,
    "error": null,
    "result": [],
    "request_id": "5f2ac7cd77233"
}
[2020-08-05 10:53:01,537 DEBUG Engine.cloud] Request: GET https://a.blazemeter.com/api/v4/tests?projectId=475158&name=FindFlights-FlightSearch4-Negative+Functional+Test None
[2020-08-05 10:53:01,537 DEBUG HTTPClient] Making HTTP request GET https://a.blazemeter.com/api/v4/tests?projectId=475158&name=FindFlights-FlightSearch4-Negative+Functional+Test
[2020-08-05 10:53:01,703 DEBUG urllib3.connectionpool] https://a.blazemeter.com:443 "GET /api/v4/tests?projectId=475158&name=FindFlights-FlightSearch4-Negative+Functional+Test HTTP/1.1" 200 None
[2020-08-05 10:53:01,705 DEBUG Engine.cloud] Response [200]: {
    "limit": 10,
    "skip": 0,
    "total": 1,
    "hidden": 0,
    "api_version": 4,
    "error": null,
    "result": [
        {
            "id": 8350632,
            "name": "FindFlights-FlightSearch4-Negative Functional Test",
            "isNewTes
[2020-08-05 10:53:01,706 DEBUG Engine.cloud.ProjectFinder] Detected test type: standard
[2020-08-05 10:53:01,707 DEBUG Engine.cloud] Request: GET https://a.blazemeter.com/api/v4/workspaces/348658 None
[2020-08-05 10:53:01,707 DEBUG HTTPClient] Making HTTP request GET https://a.blazemeter.com/api/v4/workspaces/348658
[2020-08-05 10:53:01,966 DEBUG urllib3.connectionpool] https://a.blazemeter.com:443 "GET /api/v4/workspaces/348658 HTTP/1.1" 200 None
[2020-08-05 10:53:02,006 DEBUG Engine.cloud] Response [200]: {
    "api_version": 4,
    "error": null,
    "result": {
        "id": 348658,
        "name": "Alex P",
        "userId": 407077,
        "created": 1564611502,
        "updated": 1593186922,
        "enabled": true,
        "dedicatedIpsEnabled": true,
[2020-08-05 10:53:02,016 DEBUG Engine.jmeter] Extract {'script': 'find-flights/FindFlights-FlightSearch4-Negative.jmx'} into scenarios
[2020-08-05 10:53:02,019 DEBUG Engine.cloud] All resource files are: ['C:\\Users\\ap673362\\MyDevProjects\\jmx-examples\\find-flights\\FindFlights-FlightSearch4-Negative.jmx']
[2020-08-05 10:53:02,019 DEBUG Engine.cloud] Replace file names in config: ['C:\\Users\\ap673362\\MyDevProjects\\jmx-examples\\find-flights\\FindFlights-FlightSearch4-Negative.jmx'] with ['FindFlights-FlightSearch4-Negative.jmx']
[2020-08-05 10:53:02,020 DEBUG Engine.cloud] Replaced C:\Users\ap673362\MyDevProjects\jmx-examples\find-flights\FindFlights-FlightSearch4-Negative.jmx with FindFlights-FlightSearch4-Negative.jmx
[2020-08-05 10:53:02,021 DEBUG Engine] New artifact filename: C:\Users\ap673362\MyDevProjects\jmx-examples\2020-08-05_10-52-57.826004\cloud
[2020-08-05 10:53:02,021 DEBUG root] Dumping YAML config into C:\Users\ap673362\MyDevProjects\jmx-examples\2020-08-05_10-52-57.826004\cloud.yml
[2020-08-05 10:53:02,026 DEBUG root] Dumping JSON config into C:\Users\ap673362\MyDevProjects\jmx-examples\2020-08-05_10-52-57.826004\cloud.json
[2020-08-05 10:53:02,026 DEBUG Engine.cloud] Request: GET https://a.blazemeter.com/api/v4/web/elfinder/8350632?cmd=open&target=s1_Lw None
[2020-08-05 10:53:02,026 DEBUG HTTPClient] Making HTTP request GET https://a.blazemeter.com/api/v4/web/elfinder/8350632?cmd=open&target=s1_Lw
[2020-08-05 10:53:03,275 DEBUG urllib3.connectionpool] https://a.blazemeter.com:443 "GET /api/v4/web/elfinder/8350632?cmd=open&target=s1_Lw HTTP/1.1" 200 None
[2020-08-05 10:53:03,276 DEBUG Engine.cloud] Response [200]: {"cwd":{"name":"data","size":0,"mime":"directory","read":1,"write":1,"parent_id":"users","hash":"s1_Lw","rootRev":"","options":{"path":"","url":"","tmbUrl":"self","disabled":["mkdir","archive","zipdl","extract","chmod"],"separator":"\/","copyOverwrite":1,"
[2020-08-05 10:53:03,276 DEBUG Engine.cloud] Test files: ['FindFlights-FlightSearch4-Negative.jmx', 'taurus.yml']
[2020-08-05 10:53:03,276 DEBUG Engine.cloud] Request: GET https://a.blazemeter.com/api/v4/web/elfinder/8350632?cmd=rm&targets[]=s1_RmluZEZsaWdodHMtRmxpZ2h0U2VhcmNoNC1OZWdhdGl2ZS5qbXg&targets[]=s1_dGF1cnVzLnltbA None
[2020-08-05 10:53:03,276 DEBUG HTTPClient] Making HTTP request GET https://a.blazemeter.com/api/v4/web/elfinder/8350632?cmd=rm&targets[]=s1_RmluZEZsaWdodHMtRmxpZ2h0U2VhcmNoNC1OZWdhdGl2ZS5qbXg&targets[]=s1_dGF1cnVzLnltbA
[2020-08-05 10:53:05,028 DEBUG urllib3.connectionpool] https://a.blazemeter.com:443 "GET /api/v4/web/elfinder/8350632?cmd=rm&targets%5B%5D=s1_RmluZEZsaWdodHMtRmxpZ2h0U2VhcmNoNC1OZWdhdGl2ZS5qbXg&targets%5B%5D=s1_dGF1cnVzLnltbA HTTP/1.1" 200 None
[2020-08-05 10:53:05,029 DEBUG Engine.cloud] Response [200]: {"removed":["s1_RmluZEZsaWdodHMtRmxpZ2h0U2VhcmNoNC1OZWdhdGl2ZS5qbXg","s1_dGF1cnVzLnltbA"],"changed":[{"name":"data","size":0,"mime":"directory","read":1,"write":1,"parent_id":"users","hash":"s1_Lw","rootRev":"","options":{"path":"","url":"","tmbUrl":"self"
[2020-08-05 10:53:05,029 DEBUG Engine.cloud] Successfully deleted 2 test files
[2020-08-05 10:53:05,033 DEBUG Engine.cloud] Uploading files into the test: ['C:\\Users\\ap673362\\MyDevProjects\\jmx-examples\\find-flights\\FindFlights-FlightSearch4-Negative.jmx']
[2020-08-05 10:53:05,034 DEBUG Engine.cloud] Request: POST https://a.blazemeter.com/api/v4/tests/8350632/files b'--===============7422699645243625255==\r\nContent-Disposition: file; name="script"; filename="taurus.yml"\r\nContent-Type: application/octet-stream\r\n\r\n---\nexecution:\n- executor: jmeter\n  locations:\n    us-central1-a: 1\n  scenario: FindFlights-FlightSearch4-Neg'
[2020-08-05 10:53:05,034 DEBUG HTTPClient] Making HTTP request POST https://a.blazemeter.com/api/v4/tests/8350632/files
[2020-08-05 10:53:06,899 DEBUG urllib3.connectionpool] https://a.blazemeter.com:443 "POST /api/v4/tests/8350632/files HTTP/1.1" 201 1309
[2020-08-05 10:53:06,900 DEBUG Engine.cloud] Response [201]: {
    "api_version": 4,
    "error": null,
    "result": {
        "id": 8350632,
        "isNewTest": true,
        "lastRunTime": 1596639087,
        "name": "FindFlights-FlightSearch4-Negative Functional Test",
        "userId": 490771,
        "creator
[2020-08-05 10:53:06,900 DEBUG Engine.cloud] Request: PATCH https://a.blazemeter.com/api/v4/tests/8350632 {
 "configuration": {
  "executionType": null
 }
}
[2020-08-05 10:53:06,900 DEBUG HTTPClient] Making HTTP request PATCH https://a.blazemeter.com/api/v4/tests/8350632
[2020-08-05 10:53:07,516 DEBUG urllib3.connectionpool] https://a.blazemeter.com:443 "PATCH /api/v4/tests/8350632 HTTP/1.1" 200 None
[2020-08-05 10:53:07,517 DEBUG Engine.cloud] Response [200]: {
    "api_version": 4,
    "error": null,
    "result": {
        "id": 8350632,
        "isNewTest": true,
        "lastRunTime": 1596639087,
        "name": "FindFlights-FlightSearch4-Negative Functional Test",
        "userId": 490771,
        "creator
[2020-08-05 10:53:07,517 DEBUG Engine.cloud] Request: PATCH https://a.blazemeter.com/api/v4/tests/8350632 {
 "shouldSendReportEmail": false
}
[2020-08-05 10:53:07,517 DEBUG HTTPClient] Making HTTP request PATCH https://a.blazemeter.com/api/v4/tests/8350632
[2020-08-05 10:53:07,952 DEBUG urllib3.connectionpool] https://a.blazemeter.com:443 "PATCH /api/v4/tests/8350632 HTTP/1.1" 200 None
[2020-08-05 10:53:07,952 DEBUG Engine.cloud] Response [200]: {
    "api_version": 4,
    "error": null,
    "result": {
        "id": 8350632,
        "isNewTest": true,
        "lastRunTime": 1596639087,
        "name": "FindFlights-FlightSearch4-Negative Functional Test",
        "userId": 490771,
        "creator
[2020-08-05 10:53:07,953 DEBUG Engine] Module config: final-stats {'class': 'bzt.modules.reporting.FinalStatus'}
[2020-08-05 10:53:07,953 DEBUG root] Importing module: bzt.modules.reporting
[2020-08-05 10:53:07,954 DEBUG root] Loading class: 'FinalStatus' from <module 'bzt.modules.reporting' from 'C:\\Users\\ap673362\\AppData\\Local\\Taurus\\pkgs\\bzt\\modules\\reporting.py'>
[2020-08-05 10:53:07,954 DEBUG Engine] Module config: console {'class': 'bzt.modules.console.ConsoleStatusReporter', 'disable': True}
[2020-08-05 10:53:07,954 DEBUG root] Importing module: bzt.modules.console
[2020-08-05 10:53:07,954 DEBUG root] Loading class: 'ConsoleStatusReporter' from <module 'bzt.modules.console' from 'C:\\Users\\ap673362\\AppData\\Local\\Taurus\\pkgs\\bzt\\modules\\console.py'>
[2020-08-05 10:53:07,956 DEBUG Engine.Configuration] Dumping YAML config into C:\Users\ap673362\MyDevProjects\jmx-examples\2020-08-05_10-52-57.826004\effective.yml
[2020-08-05 10:53:07,968 DEBUG Engine.Configuration] Dumping JSON config into C:\Users\ap673362\MyDevProjects\jmx-examples\2020-08-05_10-52-57.826004\effective.json
[2020-08-05 10:53:07,968 INFO Engine] Starting...
[2020-08-05 10:53:07,969 DEBUG Engine] Startup <bzt.modules.monitoring.Monitoring object at 0x000002693F3865F8>
[2020-08-05 10:53:07,970 DEBUG Engine] Startup <bzt.modules.functional.FunctionalAggregator object at 0x0000026920FC3B70>
[2020-08-05 10:53:07,970 DEBUG Engine] Startup <bzt.modules.reporting.FinalStatus object at 0x000002693F71EDD8>
[2020-08-05 10:53:07,970 DEBUG Engine] Startup <bzt.modules.console.ConsoleStatusReporter object at 0x000002693F6ACB00>
[2020-08-05 10:53:07,970 INFO Engine.console] Waiting for results...
[2020-08-05 10:53:07,971 DEBUG Engine] Startup <bzt.modules.blazemeter.CloudProvisioning object at 0x00000269209C6390>
[2020-08-05 10:53:07,971 INFO Engine.cloud.ProjectFinder.CloudTaurusTest] Initiating cloud test with https://a.blazemeter.com ...
[2020-08-05 10:53:07,971 DEBUG Engine.cloud] Request: POST https://a.blazemeter.com/api/v4/tests/8350632/start?functionalExecution=true None
[2020-08-05 10:53:07,971 DEBUG HTTPClient] Making HTTP request POST https://a.blazemeter.com/api/v4/tests/8350632/start?functionalExecution=true
[2020-08-05 10:53:12,734 DEBUG urllib3.connectionpool] https://a.blazemeter.com:443 "POST /api/v4/tests/8350632/start?functionalExecution=true HTTP/1.1" 202 3444
[2020-08-05 10:53:12,735 DEBUG Engine.cloud] Response [202]: {
    "api_version": 4,
    "error": null,
    "result": {
        "id": 30303045,
        "name": "FindFlights-FlightSearch4-Negative Functional Test",
        "userId": 490771,
        "publicToken": null,
        "ended": null,
        "lastUpdate": nul
[2020-08-05 10:53:12,735 INFO Engine.cloud] Started cloud test: https://a.blazemeter.com/app/#/masters/30303045
[2020-08-05 10:53:12,884 DEBUG Engine.cloud] Request: PATCH https://a.blazemeter.com/api/v4/masters/30303045 {
 "name": "FindFlights-FlightSearch4-Negative Functional Test Report"
}
[2020-08-05 10:53:12,884 DEBUG HTTPClient] Making HTTP request PATCH https://a.blazemeter.com/api/v4/masters/30303045
[2020-08-05 10:53:13,055 DEBUG urllib3.connectionpool] https://a.blazemeter.com:443 "PATCH /api/v4/masters/30303045 HTTP/1.1" 200 None
[2020-08-05 10:53:13,055 DEBUG Engine.cloud] Response [200]: {
    "api_version": 4,
    "error": null,
    "result": {
        "id": 30303045,
        "name": "FindFlights-FlightSearch4-Negative Functional Test Report",
        "userId": 490771,
        "delayedStartReady": false,
        "runnerUserId": 490771,
  
[2020-08-05 10:53:13,057 DEBUG Engine.Configuration] Dumping YAML config into C:\Users\ap673362\MyDevProjects\jmx-examples\2020-08-05_10-52-57.826004\effective.yml
[2020-08-05 10:53:13,071 DEBUG Engine.Configuration] Dumping JSON config into C:\Users\ap673362\MyDevProjects\jmx-examples\2020-08-05_10-52-57.826004\effective.json
[2020-08-05 10:53:13,072 DEBUG root] Leveling down log file verbosity to INFO, use -v option to have DEBUG messages enabled
[2020-08-05 10:53:13,072 WARNING Engine.cloud] Detaching Taurus from started test...
[2020-08-05 10:53:13,349 WARNING Engine] Please wait for graceful shutdown...
[2020-08-05 10:53:13,350 DEBUG root] Leveled up log file verbosity
[2020-08-05 10:53:13,350 INFO Engine] Shutting down...
[2020-08-05 10:53:13,351 DEBUG Engine] Current stop reason: None
[2020-08-05 10:53:13,352 DEBUG Engine.Configuration] Dumping YAML config into C:\Users\ap673362\MyDevProjects\jmx-examples\2020-08-05_10-52-57.826004\effective.yml
[2020-08-05 10:53:13,366 DEBUG Engine.Configuration] Dumping JSON config into C:\Users\ap673362\MyDevProjects\jmx-examples\2020-08-05_10-52-57.826004\effective.json
[2020-08-05 10:53:13,368 INFO Engine] Post-processing...
[2020-08-05 10:53:13,370 DEBUG Engine.cloud] Request: GET https://a.blazemeter.com/api/v4/masters/30303045/full None
[2020-08-05 10:53:13,370 DEBUG HTTPClient] Making HTTP request GET https://a.blazemeter.com/api/v4/masters/30303045/full
[2020-08-05 10:53:13,578 DEBUG urllib3.connectionpool] https://a.blazemeter.com:443 "GET /api/v4/masters/30303045/full HTTP/1.1" 200 None
[2020-08-05 10:53:13,579 DEBUG Engine.cloud] Response [200]: {
    "api_version": 4,
    "error": null,
    "result": {
        "id": 30303045,
        "name": "FindFlights-FlightSearch4-Negative Functional Test Report",
        "userId": 490771,
        "delayedStartReady": false,
        "runnerUserId": 490771,
  
[2020-08-05 10:53:13,579 DEBUG Engine] post_process: Cloud tests failed
[2020-08-05 10:53:13,580 INFO Engine.final-stats] Test duration: 0:00:06
[2020-08-05 10:53:13,581 DEBUG Engine.console] No logger_handler or orig_stream was detected
[2020-08-05 10:53:13,583 DEBUG Engine.Configuration] Dumping YAML config into C:\Users\ap673362\MyDevProjects\jmx-examples\2020-08-05_10-52-57.826004\effective.yml
[2020-08-05 10:53:13,599 DEBUG Engine.Configuration] Dumping JSON config into C:\Users\ap673362\MyDevProjects\jmx-examples\2020-08-05_10-52-57.826004\effective.json
[2020-08-05 10:53:13,600 WARNING root] Automated shutdown
[2020-08-05 10:53:13,605 DEBUG root] AutomatedShutdown: Cloud tests failed
  File "C:\Users\ap673362\AppData\Local\Taurus\pkgs\bzt\cli.py", line 266, in perform
    self.engine.post_process()
  File "C:\Users\ap673362\AppData\Local\Taurus\pkgs\bzt\engine\engine.py", line 333, in post_process
    reraise(exc_info, exc_value)
  File "C:\Users\ap673362\AppData\Local\Taurus\pkgs\bzt\six\py3.py", line 86, in reraise
    raise exc
  File "C:\Users\ap673362\AppData\Local\Taurus\pkgs\bzt\engine\engine.py", line 319, in post_process
    module.post_process()
  File "C:\Users\ap673362\AppData\Local\Taurus\pkgs\bzt\modules\blazemeter.py", line 1767, in post_process
    raise AutomatedShutdown("Cloud tests failed")
[2020-08-05 10:53:13,605 INFO root] Artifacts dir: C:\Users\ap673362\MyDevProjects\jmx-examples\2020-08-05_10-52-57.826004
[2020-08-05 10:53:13,606 WARNING root] Done performing with code: 3
[2020-08-05 10:53:13,606 DEBUG root] Closing log handler: C:\Users\ap673362\MyDevProjects\jmx-examples\2020-08-05_10-52-57.826004\bzt.log
