[2020-08-05 10:52:18,160 INFO root] Taurus CLI Tool v1.13.9
[2020-08-05 10:52:18,161 DEBUG root] Command-line options: {'log': 'C:\\Users\\ap673362\\AppData\\Local\\Temp\\bzt_8gvjf0_t.log', 'option': ['modules.blazemeter.test=FindFlights-FlightSearch2-Positive Functional Test', 'modules.blazemeter.report-name=FindFlights-FlightSearch2-Positive Functional Test Report'], 'quiet': None, 'verbose': None, 'no_system_configs': None, 'aliases': ['cloud', 'func', 'detach']}
[2020-08-05 10:52:18,162 DEBUG root] Python: CPython 3.6.5
[2020-08-05 10:52:18,162 DEBUG root] Rev: 43411c567cb83f1bf7e2da4690a98d46018389da; OS: uname_result(system='Windows', node='JL5Q1Z2', release='10', version='10.0.18362', machine='AMD64', processor='Intel64 Family 6 Model 158 Stepping 13, GenuineIntel')
[2020-08-05 10:52:18,163 DEBUG root] Adding JMX shorthand config for: ['find-flights/FindFlights-FlightSearch2-Positive.jmx']
[2020-08-05 10:52:18,165 DEBUG root] Dumping JSON config into C:\Users\ap673362\AppData\Local\Temp\jmx_e9ypirrz.json
[2020-08-05 10:52:18,165 INFO root] Starting with configs: ['C:\\Users\\ap673362\\AppData\\Local\\Temp\\jmx_e9ypirrz.json']
[2020-08-05 10:52:18,166 DEBUG root] Using personal config: C:\Users\ap673362\.bzt-rc
[2020-08-05 10:52:18,166 INFO Engine] Configuring...
[2020-08-05 10:52:18,227 DEBUG Engine] Base configs list: ['C:\\Users\\ap673362\\AppData\\Local\\Taurus\\pkgs\\bzt\\resources/10-base-config.yml']
[2020-08-05 10:52:18,227 DEBUG Engine.Configuration] Configs: ['C:\\Users\\ap673362\\AppData\\Local\\Taurus\\pkgs\\bzt\\resources/10-base-config.yml']
[2020-08-05 10:52:18,229 DEBUG Engine.Configuration] Reading C:\Users\ap673362\AppData\Local\Taurus\pkgs\bzt\resources/10-base-config.yml as YAML
[2020-08-05 10:52:18,247 DEBUG Engine] User configs list: ['C:\\Users\\ap673362\\.bzt-rc', 'C:\\Users\\ap673362\\AppData\\Local\\Temp\\jmx_e9ypirrz.json']
[2020-08-05 10:52:18,248 DEBUG Engine.Configuration] Configs: ['C:\\Users\\ap673362\\.bzt-rc', 'C:\\Users\\ap673362\\AppData\\Local\\Temp\\jmx_e9ypirrz.json']
[2020-08-05 10:52:18,248 WARNING Engine.Configuration] Replaced leading tabs in file C:\Users\ap673362\.bzt-rc, line 36
[2020-08-05 10:52:18,249 WARNING Engine.Configuration] Line content is: token: 68d0df9d40c6247bbcc1a979:2ccdb1cc571b18fbf28d0179f6313002a32bb37f59bc21e858fcc9aec019452c4bd37012
[2020-08-05 10:52:18,250 WARNING Engine.Configuration] Please remember that YAML spec does not allow using tabs for indentation
[2020-08-05 10:52:18,251 DEBUG Engine.Configuration] Reading C:\Users\ap673362\.bzt-rc as YAML
[2020-08-05 10:52:18,255 DEBUG Engine.Configuration] Reading C:\Users\ap673362\AppData\Local\Temp\jmx_e9ypirrz.json as YAML
[2020-08-05 10:52:18,256 DEBUG Engine.Configuration] Configs: ['C:\\Users\\ap673362\\.bzt-rc', 'C:\\Users\\ap673362\\AppData\\Local\\Temp\\jmx_e9ypirrz.json']
[2020-08-05 10:52:18,256 DEBUG Engine.Configuration] Reading C:\Users\ap673362\.bzt-rc as YAML
[2020-08-05 10:52:18,260 DEBUG Engine.Configuration] Reading C:\Users\ap673362\AppData\Local\Temp\jmx_e9ypirrz.json as YAML
[2020-08-05 10:52:18,261 DEBUG Engine] Requesting updates info: https://gettaurus.org/updates/?version=1.13.9&installID=windows-8d23e820b17
[2020-08-05 10:52:18,261 DEBUG HTTPClient] Making HTTP request GET https://gettaurus.org/updates/?version=1.13.9&installID=windows-8d23e820b17
[2020-08-05 10:52:18,261 DEBUG ConfigOverrider] Applying modules.blazemeter.test=FindFlights-FlightSearch2-Positive Functional Test
[2020-08-05 10:52:18,261 DEBUG ConfigOverrider] Applying: [test]=FindFlights-FlightSearch2-Positive Functional Test
[2020-08-05 10:52:18,262 DEBUG ConfigOverrider] Parsed override value: 'FindFlights-FlightSearch2-Positive Functional Test' -> 'FindFlights-FlightSearch2-Positive Functional Test' (<class 'str'>)
[2020-08-05 10:52:18,262 DEBUG ConfigOverrider] Applying modules.blazemeter.report-name=FindFlights-FlightSearch2-Positive Functional Test Report
[2020-08-05 10:52:18,262 DEBUG ConfigOverrider] Applying: [report-name]=FindFlights-FlightSearch2-Positive Functional Test Report
[2020-08-05 10:52:18,262 DEBUG ConfigOverrider] Parsed override value: 'FindFlights-FlightSearch2-Positive Functional Test Report' -> 'FindFlights-FlightSearch2-Positive Functional Test Report' (<class 'str'>)
[2020-08-05 10:52:18,262 INFO Engine] Artifacts dir: C:\Users\ap673362\MyDevProjects\jmx-examples\2020-08-05_10-52-18.262500
[2020-08-05 10:52:18,265 DEBUG urllib3.connectionpool] Starting new HTTPS connection (1): gettaurus.org:443
[2020-08-05 10:52:18,266 DEBUG Engine] New artifact filename: C:\Users\ap673362\MyDevProjects\jmx-examples\2020-08-05_10-52-18.262500\effective
[2020-08-05 10:52:18,268 DEBUG Engine.Configuration] Dumping YAML config into C:\Users\ap673362\MyDevProjects\jmx-examples\2020-08-05_10-52-18.262500\effective.yml
[2020-08-05 10:52:18,282 DEBUG Engine.Configuration] Dumping JSON config into C:\Users\ap673362\MyDevProjects\jmx-examples\2020-08-05_10-52-18.262500\effective.json
[2020-08-05 10:52:18,283 DEBUG Engine] New artifact filename: C:\Users\ap673362\MyDevProjects\jmx-examples\2020-08-05_10-52-18.262500\merged.yml
[2020-08-05 10:52:18,283 DEBUG Engine.Configuration] Dumping YAML config into C:\Users\ap673362\MyDevProjects\jmx-examples\2020-08-05_10-52-18.262500\merged.yml
[2020-08-05 10:52:18,285 DEBUG Engine] New artifact filename: C:\Users\ap673362\MyDevProjects\jmx-examples\2020-08-05_10-52-18.262500\merged.json
[2020-08-05 10:52:18,285 DEBUG Engine.Configuration] Dumping JSON config into C:\Users\ap673362\MyDevProjects\jmx-examples\2020-08-05_10-52-18.262500\merged.json
[2020-08-05 10:52:18,286 DEBUG Engine] Add existing artifact (move=False): C:\Users\ap673362\AppData\Local\Temp\jmx_e9ypirrz.json
[2020-08-05 10:52:18,286 DEBUG Engine] Copying C:\Users\ap673362\AppData\Local\Temp\jmx_e9ypirrz.json to C:\Users\ap673362\MyDevProjects\jmx-examples\2020-08-05_10-52-18.262500\jmx_e9ypirrz.json
[2020-08-05 10:52:18,288 DEBUG root] Closing log handler: C:\Users\ap673362\AppData\Local\Temp\bzt_8gvjf0_t.log
[2020-08-05 10:52:18,291 DEBUG root] Switched writing logs to C:\Users\ap673362\MyDevProjects\jmx-examples\2020-08-05_10-52-18.262500\bzt.log
[2020-08-05 10:52:18,291 DEBUG root] Linting config
[2020-08-05 10:52:18,293 INFO Engine] Preparing...
[2020-08-05 10:52:18,294 DEBUG Engine] Module config: functional-consolidator {'class': 'bzt.modules.functional.FunctionalAggregator'}
[2020-08-05 10:52:18,294 DEBUG root] Importing module: bzt.modules.functional
[2020-08-05 10:52:18,747 DEBUG root] Loading class: 'FunctionalAggregator' from <module 'bzt.modules.functional' from 'C:\\Users\\ap673362\\AppData\\Local\\Taurus\\pkgs\\bzt\\modules\\functional.py'>
[2020-08-05 10:52:18,747 DEBUG Engine] Module config: monitoring {'class': 'bzt.modules.monitoring.Monitoring'}
[2020-08-05 10:52:18,747 DEBUG root] Importing module: bzt.modules.monitoring
[2020-08-05 10:52:18,749 DEBUG root] Loading class: 'Monitoring' from <module 'bzt.modules.monitoring' from 'C:\\Users\\ap673362\\AppData\\Local\\Taurus\\pkgs\\bzt\\modules\\monitoring.py'>
[2020-08-05 10:52:18,749 DEBUG Engine] Module config: cloud {'class': 'bzt.modules.blazemeter.CloudProvisioning', 'default-location': 'us-central1-a', 'token': '********', 'account': 'SE Demo', 'workspace': 'Alex P', 'project': 'Taurus Sandbox', 'detach': True}
[2020-08-05 10:52:18,749 DEBUG root] Importing module: bzt.modules.blazemeter
[2020-08-05 10:52:18,770 DEBUG root] Loading class: 'CloudProvisioning' from <module 'bzt.modules.blazemeter' from 'C:\\Users\\ap673362\\AppData\\Local\\Taurus\\pkgs\\bzt\\modules\\blazemeter.py'>
[2020-08-05 10:52:18,770 DEBUG Engine] Module config: blazemeter {'class': 'bzt.modules.blazemeter.BlazeMeterUploader', 'test': 'FindFlights-FlightSearch2-Positive Functional Test', 'report-name': 'FindFlights-FlightSearch2-Positive Functional Test Report'}
[2020-08-05 10:52:18,770 DEBUG root] Importing module: bzt.modules.blazemeter
[2020-08-05 10:52:18,770 DEBUG root] Loading class: 'BlazeMeterUploader' from <module 'bzt.modules.blazemeter' from 'C:\\Users\\ap673362\\AppData\\Local\\Taurus\\pkgs\\bzt\\modules\\blazemeter.py'>
[2020-08-05 10:52:18,771 DEBUG Engine.cloud] Installing http client
[2020-08-05 10:52:18,771 DEBUG Engine.cloud] Request: GET https://a.blazemeter.com/api/v4/accounts None
[2020-08-05 10:52:18,771 DEBUG HTTPClient] Making HTTP request GET https://a.blazemeter.com/api/v4/accounts
[2020-08-05 10:52:18,773 DEBUG urllib3.connectionpool] Starting new HTTPS connection (1): a.blazemeter.com:443
[2020-08-05 10:52:19,259 DEBUG urllib3.connectionpool] https://gettaurus.org:443 "GET /updates/?version=1.13.9&installID=windows-8d23e820b17 HTTP/1.1" 200 39
[2020-08-05 10:52:19,259 DEBUG Engine] Taurus updates info: {'latest': '1.14.2', 'needsUpgrade': True}
[2020-08-05 10:52:19,259 WARNING Engine] There is newer version of Taurus 1.14.2 available, consider upgrading. What's new: http://gettaurus.org/docs/Changelog/
[2020-08-05 10:52:19,290 DEBUG urllib3.connectionpool] https://a.blazemeter.com:443 "GET /api/v4/accounts HTTP/1.1" 200 None
[2020-08-05 10:52:19,291 DEBUG Engine.cloud] Response [200]: {
    "limit": 10,
    "skip": 0,
    "total": 11,
    "hidden": 0,
    "api_version": 4,
    "error": null,
    "result": [
        {
            "id": 198931,
            "name": "Aetna",
            "thumbnailUrl": "",
            "salesforceId": "0010J
[2020-08-05 10:52:19,292 DEBUG Engine.cloud] Request: GET https://a.blazemeter.com/api/v4/workspaces?accountId=198931&enabled=true&limit=100 None
[2020-08-05 10:52:19,293 DEBUG HTTPClient] Making HTTP request GET https://a.blazemeter.com/api/v4/workspaces?accountId=198931&enabled=true&limit=100
[2020-08-05 10:52:19,458 DEBUG urllib3.connectionpool] https://a.blazemeter.com:443 "GET /api/v4/workspaces?accountId=198931&enabled=true&limit=100 HTTP/1.1" 200 None
[2020-08-05 10:52:19,459 DEBUG Engine.cloud] Response [200]: {
    "limit": 100,
    "skip": 0,
    "total": 41,
    "hidden": 0,
    "api_version": 4,
    "error": null,
    "result": [
        {
            "id": 456745,
            "name": " MITTESA_3318",
            "userId": 813259,
            "created": 1584
[2020-08-05 10:52:19,464 DEBUG Engine.cloud] Request: GET https://a.blazemeter.com/api/v4/workspaces?accountId=396052&enabled=true&limit=100 None
[2020-08-05 10:52:19,464 DEBUG HTTPClient] Making HTTP request GET https://a.blazemeter.com/api/v4/workspaces?accountId=396052&enabled=true&limit=100
[2020-08-05 10:52:19,617 DEBUG urllib3.connectionpool] https://a.blazemeter.com:443 "GET /api/v4/workspaces?accountId=396052&enabled=true&limit=100 HTTP/1.1" 200 None
[2020-08-05 10:52:19,618 DEBUG Engine.cloud] Response [200]: {
    "limit": 100,
    "skip": 0,
    "total": 9,
    "hidden": 0,
    "api_version": 4,
    "error": null,
    "result": [
        {
            "id": 393834,
            "name": "COE",
            "userId": 490771,
            "created": 1574364228,
   
[2020-08-05 10:52:19,620 DEBUG Engine.cloud] Request: GET https://a.blazemeter.com/api/v4/workspaces?accountId=514413&enabled=true&limit=100 None
[2020-08-05 10:52:19,620 DEBUG HTTPClient] Making HTTP request GET https://a.blazemeter.com/api/v4/workspaces?accountId=514413&enabled=true&limit=100
[2020-08-05 10:52:19,786 DEBUG urllib3.connectionpool] https://a.blazemeter.com:443 "GET /api/v4/workspaces?accountId=514413&enabled=true&limit=100 HTTP/1.1" 200 None
[2020-08-05 10:52:19,789 DEBUG Engine.cloud] Response [200]: {
    "limit": 100,
    "skip": 0,
    "total": 2,
    "hidden": 0,
    "api_version": 4,
    "error": null,
    "result": [
        {
            "id": 517389,
            "name": "Default Workspace",
            "userId": 498178,
            "created": 1
[2020-08-05 10:52:19,791 DEBUG Engine.cloud] Request: GET https://a.blazemeter.com/api/v4/workspaces?accountId=516088&enabled=true&limit=100 None
[2020-08-05 10:52:19,791 DEBUG HTTPClient] Making HTTP request GET https://a.blazemeter.com/api/v4/workspaces?accountId=516088&enabled=true&limit=100
[2020-08-05 10:52:19,951 DEBUG urllib3.connectionpool] https://a.blazemeter.com:443 "GET /api/v4/workspaces?accountId=516088&enabled=true&limit=100 HTTP/1.1" 200 None
[2020-08-05 10:52:19,952 DEBUG Engine.cloud] Response [200]: {
    "limit": 100,
    "skip": 0,
    "total": 1,
    "hidden": 0,
    "api_version": 4,
    "error": null,
    "result": [
        {
            "id": 517695,
            "name": "BlazeMeter Training",
            "userId": 949383,
            "created":
[2020-08-05 10:52:19,952 DEBUG Engine.cloud] Request: GET https://a.blazemeter.com/api/v4/workspaces?accountId=118272&enabled=true&limit=100 None
[2020-08-05 10:52:19,952 DEBUG HTTPClient] Making HTTP request GET https://a.blazemeter.com/api/v4/workspaces?accountId=118272&enabled=true&limit=100
[2020-08-05 10:52:20,107 DEBUG urllib3.connectionpool] https://a.blazemeter.com:443 "GET /api/v4/workspaces?accountId=118272&enabled=true&limit=100 HTTP/1.1" 200 None
[2020-08-05 10:52:20,108 DEBUG Engine.cloud] Response [200]: {
    "limit": 100,
    "skip": 0,
    "total": 1,
    "hidden": 0,
    "api_version": 4,
    "error": null,
    "result": [
        {
            "id": 23365,
            "name": "Broadcom Workspace Playground",
            "userId": 323888,
            "
[2020-08-05 10:52:20,108 DEBUG Engine.cloud] Request: GET https://a.blazemeter.com/api/v4/workspaces?accountId=120238&enabled=true&limit=100 None
[2020-08-05 10:52:20,108 DEBUG HTTPClient] Making HTTP request GET https://a.blazemeter.com/api/v4/workspaces?accountId=120238&enabled=true&limit=100
[2020-08-05 10:52:20,261 DEBUG urllib3.connectionpool] https://a.blazemeter.com:443 "GET /api/v4/workspaces?accountId=120238&enabled=true&limit=100 HTTP/1.1" 200 None
[2020-08-05 10:52:20,300 DEBUG Engine.cloud] Response [200]: {
    "limit": 100,
    "skip": 0,
    "total": 65,
    "hidden": 0,
    "api_version": 4,
    "error": null,
    "result": [
        {
            "id": 213328,
            "name": "API Management - Presales UKI",
            "userId": 341848,
           
[2020-08-05 10:52:20,309 DEBUG Engine.cloud] Request: GET https://a.blazemeter.com/api/v4/workspaces?accountId=132907&enabled=true&limit=100 None
[2020-08-05 10:52:20,309 DEBUG HTTPClient] Making HTTP request GET https://a.blazemeter.com/api/v4/workspaces?accountId=132907&enabled=true&limit=100
[2020-08-05 10:52:20,496 DEBUG urllib3.connectionpool] https://a.blazemeter.com:443 "GET /api/v4/workspaces?accountId=132907&enabled=true&limit=100 HTTP/1.1" 200 None
[2020-08-05 10:52:20,497 DEBUG Engine.cloud] Response [200]: {
    "limit": 100,
    "skip": 0,
    "total": 1,
    "hidden": 0,
    "api_version": 4,
    "error": null,
    "result": [
        {
            "id": 366515,
            "name": "Online Banking",
            "userId": 347316,
            "created": 1568
[2020-08-05 10:52:20,497 DEBUG Engine.cloud] Request: GET https://a.blazemeter.com/api/v4/workspaces?accountId=302781&enabled=true&limit=100 None
[2020-08-05 10:52:20,497 DEBUG HTTPClient] Making HTTP request GET https://a.blazemeter.com/api/v4/workspaces?accountId=302781&enabled=true&limit=100
[2020-08-05 10:52:20,656 DEBUG urllib3.connectionpool] https://a.blazemeter.com:443 "GET /api/v4/workspaces?accountId=302781&enabled=true&limit=100 HTTP/1.1" 200 None
[2020-08-05 10:52:20,657 DEBUG Engine.cloud] Response [200]: {
    "limit": 100,
    "skip": 0,
    "total": 1,
    "hidden": 0,
    "api_version": 4,
    "error": null,
    "result": [
        {
            "id": 485240,
            "name": "AlexP",
            "userId": 380559,
            "created": 1587093542,
 
[2020-08-05 10:52:20,657 DEBUG Engine.cloud] Request: GET https://a.blazemeter.com/api/v4/workspaces?accountId=185664&enabled=true&limit=100 None
[2020-08-05 10:52:20,657 DEBUG HTTPClient] Making HTTP request GET https://a.blazemeter.com/api/v4/workspaces?accountId=185664&enabled=true&limit=100
[2020-08-05 10:52:20,813 DEBUG urllib3.connectionpool] https://a.blazemeter.com:443 "GET /api/v4/workspaces?accountId=185664&enabled=true&limit=100 HTTP/1.1" 200 None
[2020-08-05 10:52:20,814 DEBUG Engine.cloud] Response [200]: {
    "limit": 100,
    "skip": 0,
    "total": 1,
    "hidden": 0,
    "api_version": 4,
    "error": null,
    "result": [
        {
            "id": 386790,
            "name": "Mainframe",
            "userId": 402244,
            "created": 157308064
[2020-08-05 10:52:20,814 DEBUG Engine.cloud] Request: GET https://a.blazemeter.com/api/v4/workspaces?accountId=291446&enabled=true&limit=100 None
[2020-08-05 10:52:20,814 DEBUG HTTPClient] Making HTTP request GET https://a.blazemeter.com/api/v4/workspaces?accountId=291446&enabled=true&limit=100
[2020-08-05 10:52:20,976 DEBUG urllib3.connectionpool] https://a.blazemeter.com:443 "GET /api/v4/workspaces?accountId=291446&enabled=true&limit=100 HTTP/1.1" 200 None
[2020-08-05 10:52:21,018 DEBUG Engine.cloud] Response [200]: {
    "limit": 100,
    "skip": 0,
    "total": 127,
    "hidden": 0,
    "api_version": 4,
    "error": null,
    "result": [
        {
            "id": 286101,
            "name": ".Demo Workspace",
            "userId": 515264,
            "created": 1
[2020-08-05 10:52:21,041 DEBUG Engine] Module config: jmeter {'class': 'bzt.modules.jmeter.JMeterExecutor', 'protocol-handlers': {'http': 'bzt.jmx.http.HTTPProtocolHandler'}, 'plugins': ['jpgc-casutg', 'jpgc-dummy', 'jpgc-ffw', 'jpgc-fifo', 'jpgc-functions', 'jpgc-json', 'jpgc-perfmon', 'jpgc-prmctl', 'jpgc-tst'], 'properties': {'jmeter.save.saveservice.autoflush': 'true', 'jmeter.save.saveservice.connect_time': 'true', 'jmeterengine.force.system.exit': 'true', 'summariser.name': ''}}
[2020-08-05 10:52:21,041 DEBUG root] Importing module: bzt.modules.jmeter
[2020-08-05 10:52:21,057 DEBUG root] Loading class: 'JMeterExecutor' from <module 'bzt.modules.jmeter' from 'C:\\Users\\ap673362\\AppData\\Local\\Taurus\\pkgs\\bzt\\modules\\jmeter.py'>
[2020-08-05 10:52:21,057 DEBUG Engine.cloud.ProjectFinder] Parsed test link: None
[2020-08-05 10:52:21,058 DEBUG Engine.cloud] Request: GET https://a.blazemeter.com/api/v4/accounts None
[2020-08-05 10:52:21,058 DEBUG HTTPClient] Making HTTP request GET https://a.blazemeter.com/api/v4/accounts
[2020-08-05 10:52:21,361 DEBUG urllib3.connectionpool] https://a.blazemeter.com:443 "GET /api/v4/accounts HTTP/1.1" 200 None
[2020-08-05 10:52:21,362 DEBUG Engine.cloud] Response [200]: {
    "limit": 10,
    "skip": 0,
    "total": 11,
    "hidden": 0,
    "api_version": 4,
    "error": null,
    "result": [
        {
            "id": 198931,
            "name": "Aetna",
            "thumbnailUrl": "",
            "salesforceId": "0010J
[2020-08-05 10:52:21,362 DEBUG Engine.cloud] Request: GET https://a.blazemeter.com/api/v4/workspaces?accountId=291446&enabled=true&limit=100 None
[2020-08-05 10:52:21,362 DEBUG HTTPClient] Making HTTP request GET https://a.blazemeter.com/api/v4/workspaces?accountId=291446&enabled=true&limit=100
[2020-08-05 10:52:21,530 DEBUG urllib3.connectionpool] https://a.blazemeter.com:443 "GET /api/v4/workspaces?accountId=291446&enabled=true&limit=100 HTTP/1.1" 200 None
[2020-08-05 10:52:21,570 DEBUG Engine.cloud] Response [200]: {
    "limit": 100,
    "skip": 0,
    "total": 127,
    "hidden": 0,
    "api_version": 4,
    "error": null,
    "result": [
        {
            "id": 286101,
            "name": ".Demo Workspace",
            "userId": 515264,
            "created": 1
[2020-08-05 10:52:21,571 DEBUG Engine.cloud] Request: GET https://a.blazemeter.com/api/v4/projects?workspaceId=348658&name=Taurus+Sandbox None
[2020-08-05 10:52:21,571 DEBUG HTTPClient] Making HTTP request GET https://a.blazemeter.com/api/v4/projects?workspaceId=348658&name=Taurus+Sandbox
[2020-08-05 10:52:21,735 DEBUG urllib3.connectionpool] https://a.blazemeter.com:443 "GET /api/v4/projects?workspaceId=348658&name=Taurus+Sandbox HTTP/1.1" 200 None
[2020-08-05 10:52:21,735 DEBUG Engine.cloud] Response [200]: {
    "limit": 10,
    "skip": 0,
    "total": 1,
    "hidden": 0,
    "api_version": 4,
    "error": null,
    "result": [
        {
            "id": 475158,
            "name": "Taurus Sandbox",
            "userId": 490771,
            "description": "
[2020-08-05 10:52:21,736 DEBUG Engine.cloud] Request: GET https://a.blazemeter.com/api/v4/multi-tests?projectId=475158&name=FindFlights-FlightSearch2-Positive+Functional+Test None
[2020-08-05 10:52:21,736 DEBUG HTTPClient] Making HTTP request GET https://a.blazemeter.com/api/v4/multi-tests?projectId=475158&name=FindFlights-FlightSearch2-Positive+Functional+Test
[2020-08-05 10:52:21,892 DEBUG urllib3.connectionpool] https://a.blazemeter.com:443 "GET /api/v4/multi-tests?projectId=475158&name=FindFlights-FlightSearch2-Positive+Functional+Test HTTP/1.1" 200 161
[2020-08-05 10:52:21,895 DEBUG Engine.cloud] Response [200]: {
    "limit": 10,
    "skip": 0,
    "total": 0,
    "hidden": 0,
    "api_version": 4,
    "error": null,
    "result": [],
    "request_id": "5f2ac7a5cda17"
}
[2020-08-05 10:52:21,895 DEBUG Engine.cloud] Request: GET https://a.blazemeter.com/api/v4/tests?projectId=475158&name=FindFlights-FlightSearch2-Positive+Functional+Test None
[2020-08-05 10:52:21,896 DEBUG HTTPClient] Making HTTP request GET https://a.blazemeter.com/api/v4/tests?projectId=475158&name=FindFlights-FlightSearch2-Positive+Functional+Test
[2020-08-05 10:52:22,059 DEBUG urllib3.connectionpool] https://a.blazemeter.com:443 "GET /api/v4/tests?projectId=475158&name=FindFlights-FlightSearch2-Positive+Functional+Test HTTP/1.1" 200 None
[2020-08-05 10:52:22,060 DEBUG Engine.cloud] Response [200]: {
    "limit": 10,
    "skip": 0,
    "total": 1,
    "hidden": 0,
    "api_version": 4,
    "error": null,
    "result": [
        {
            "id": 8350630,
            "name": "FindFlights-FlightSearch2-Positive Functional Test",
            "isNewTes
[2020-08-05 10:52:22,060 DEBUG Engine.cloud.ProjectFinder] Detected test type: standard
[2020-08-05 10:52:22,061 DEBUG Engine.cloud] Request: GET https://a.blazemeter.com/api/v4/workspaces/348658 None
[2020-08-05 10:52:22,061 DEBUG HTTPClient] Making HTTP request GET https://a.blazemeter.com/api/v4/workspaces/348658
[2020-08-05 10:52:22,264 DEBUG urllib3.connectionpool] https://a.blazemeter.com:443 "GET /api/v4/workspaces/348658 HTTP/1.1" 200 None
[2020-08-05 10:52:22,304 DEBUG Engine.cloud] Response [200]: {
    "api_version": 4,
    "error": null,
    "result": {
        "id": 348658,
        "name": "Alex P",
        "userId": 407077,
        "created": 1564611502,
        "updated": 1593186922,
        "enabled": true,
        "dedicatedIpsEnabled": true,
[2020-08-05 10:52:22,313 DEBUG Engine.jmeter] Extract {'script': 'find-flights/FindFlights-FlightSearch2-Positive.jmx'} into scenarios
[2020-08-05 10:52:22,316 DEBUG Engine.cloud] All resource files are: ['C:\\Users\\ap673362\\MyDevProjects\\jmx-examples\\find-flights\\FindFlights-FlightSearch2-Positive.jmx']
[2020-08-05 10:52:22,316 DEBUG Engine.cloud] Replace file names in config: ['C:\\Users\\ap673362\\MyDevProjects\\jmx-examples\\find-flights\\FindFlights-FlightSearch2-Positive.jmx'] with ['FindFlights-FlightSearch2-Positive.jmx']
[2020-08-05 10:52:22,317 DEBUG Engine.cloud] Replaced C:\Users\ap673362\MyDevProjects\jmx-examples\find-flights\FindFlights-FlightSearch2-Positive.jmx with FindFlights-FlightSearch2-Positive.jmx
[2020-08-05 10:52:22,318 DEBUG Engine] New artifact filename: C:\Users\ap673362\MyDevProjects\jmx-examples\2020-08-05_10-52-18.262500\cloud
[2020-08-05 10:52:22,319 DEBUG root] Dumping YAML config into C:\Users\ap673362\MyDevProjects\jmx-examples\2020-08-05_10-52-18.262500\cloud.yml
[2020-08-05 10:52:22,323 DEBUG root] Dumping JSON config into C:\Users\ap673362\MyDevProjects\jmx-examples\2020-08-05_10-52-18.262500\cloud.json
[2020-08-05 10:52:22,324 DEBUG Engine.cloud] Request: GET https://a.blazemeter.com/api/v4/web/elfinder/8350630?cmd=open&target=s1_Lw None
[2020-08-05 10:52:22,324 DEBUG HTTPClient] Making HTTP request GET https://a.blazemeter.com/api/v4/web/elfinder/8350630?cmd=open&target=s1_Lw
[2020-08-05 10:52:23,539 DEBUG urllib3.connectionpool] https://a.blazemeter.com:443 "GET /api/v4/web/elfinder/8350630?cmd=open&target=s1_Lw HTTP/1.1" 200 None
[2020-08-05 10:52:23,540 DEBUG Engine.cloud] Response [200]: {"cwd":{"name":"data","size":0,"mime":"directory","read":1,"write":1,"parent_id":"users","hash":"s1_Lw","rootRev":"","options":{"path":"","url":"","tmbUrl":"self","disabled":["mkdir","archive","zipdl","extract","chmod"],"separator":"\/","copyOverwrite":1,"
[2020-08-05 10:52:23,540 DEBUG Engine.cloud] Test files: ['FindFlights-FlightSearch2-Positive.jmx', 'taurus.yml']
[2020-08-05 10:52:23,541 DEBUG Engine.cloud] Request: GET https://a.blazemeter.com/api/v4/web/elfinder/8350630?cmd=rm&targets[]=s1_RmluZEZsaWdodHMtRmxpZ2h0U2VhcmNoMi1Qb3NpdGl2ZS5qbXg&targets[]=s1_dGF1cnVzLnltbA None
[2020-08-05 10:52:23,541 DEBUG HTTPClient] Making HTTP request GET https://a.blazemeter.com/api/v4/web/elfinder/8350630?cmd=rm&targets[]=s1_RmluZEZsaWdodHMtRmxpZ2h0U2VhcmNoMi1Qb3NpdGl2ZS5qbXg&targets[]=s1_dGF1cnVzLnltbA
[2020-08-05 10:52:25,311 DEBUG urllib3.connectionpool] https://a.blazemeter.com:443 "GET /api/v4/web/elfinder/8350630?cmd=rm&targets%5B%5D=s1_RmluZEZsaWdodHMtRmxpZ2h0U2VhcmNoMi1Qb3NpdGl2ZS5qbXg&targets%5B%5D=s1_dGF1cnVzLnltbA HTTP/1.1" 200 None
[2020-08-05 10:52:25,311 DEBUG Engine.cloud] Response [200]: {"removed":["s1_RmluZEZsaWdodHMtRmxpZ2h0U2VhcmNoMi1Qb3NpdGl2ZS5qbXg","s1_dGF1cnVzLnltbA"],"changed":[{"name":"data","size":0,"mime":"directory","read":1,"write":1,"parent_id":"users","hash":"s1_Lw","rootRev":"","options":{"path":"","url":"","tmbUrl":"self"
[2020-08-05 10:52:25,312 DEBUG Engine.cloud] Successfully deleted 2 test files
[2020-08-05 10:52:25,315 DEBUG Engine.cloud] Uploading files into the test: ['C:\\Users\\ap673362\\MyDevProjects\\jmx-examples\\find-flights\\FindFlights-FlightSearch2-Positive.jmx']
[2020-08-05 10:52:25,315 DEBUG Engine.cloud] Request: POST https://a.blazemeter.com/api/v4/tests/8350630/files b'--===============3964778853925924642==\r\nContent-Disposition: file; name="script"; filename="taurus.yml"\r\nContent-Type: application/octet-stream\r\n\r\n---\nexecution:\n- executor: jmeter\n  locations:\n    us-central1-a: 1\n  scenario: FindFlights-FlightSearch2-Pos'
[2020-08-05 10:52:25,315 DEBUG HTTPClient] Making HTTP request POST https://a.blazemeter.com/api/v4/tests/8350630/files
[2020-08-05 10:52:27,153 DEBUG urllib3.connectionpool] https://a.blazemeter.com:443 "POST /api/v4/tests/8350630/files HTTP/1.1" 201 1309
[2020-08-05 10:52:27,154 DEBUG Engine.cloud] Response [201]: {
    "api_version": 4,
    "error": null,
    "result": {
        "id": 8350630,
        "isNewTest": true,
        "lastRunTime": 1596639054,
        "name": "FindFlights-FlightSearch2-Positive Functional Test",
        "userId": 490771,
        "creator
[2020-08-05 10:52:27,154 DEBUG Engine.cloud] Request: PATCH https://a.blazemeter.com/api/v4/tests/8350630 {
 "configuration": {
  "executionType": null
 }
}
[2020-08-05 10:52:27,154 DEBUG HTTPClient] Making HTTP request PATCH https://a.blazemeter.com/api/v4/tests/8350630
[2020-08-05 10:52:27,803 DEBUG urllib3.connectionpool] https://a.blazemeter.com:443 "PATCH /api/v4/tests/8350630 HTTP/1.1" 200 None
[2020-08-05 10:52:27,804 DEBUG Engine.cloud] Response [200]: {
    "api_version": 4,
    "error": null,
    "result": {
        "id": 8350630,
        "isNewTest": true,
        "lastRunTime": 1596639054,
        "name": "FindFlights-FlightSearch2-Positive Functional Test",
        "userId": 490771,
        "creator
[2020-08-05 10:52:27,804 DEBUG Engine.cloud] Request: PATCH https://a.blazemeter.com/api/v4/tests/8350630 {
 "shouldSendReportEmail": false
}
[2020-08-05 10:52:27,804 DEBUG HTTPClient] Making HTTP request PATCH https://a.blazemeter.com/api/v4/tests/8350630
[2020-08-05 10:52:29,312 DEBUG urllib3.connectionpool] https://a.blazemeter.com:443 "PATCH /api/v4/tests/8350630 HTTP/1.1" 200 None
[2020-08-05 10:52:29,316 DEBUG Engine.cloud] Response [200]: {
    "api_version": 4,
    "error": null,
    "result": {
        "id": 8350630,
        "isNewTest": true,
        "lastRunTime": 1596639054,
        "name": "FindFlights-FlightSearch2-Positive Functional Test",
        "userId": 490771,
        "creator
[2020-08-05 10:52:29,316 DEBUG Engine] Module config: final-stats {'class': 'bzt.modules.reporting.FinalStatus'}
[2020-08-05 10:52:29,316 DEBUG root] Importing module: bzt.modules.reporting
[2020-08-05 10:52:29,317 DEBUG root] Loading class: 'FinalStatus' from <module 'bzt.modules.reporting' from 'C:\\Users\\ap673362\\AppData\\Local\\Taurus\\pkgs\\bzt\\modules\\reporting.py'>
[2020-08-05 10:52:29,319 DEBUG Engine] Module config: console {'class': 'bzt.modules.console.ConsoleStatusReporter', 'disable': True}
[2020-08-05 10:52:29,319 DEBUG root] Importing module: bzt.modules.console
[2020-08-05 10:52:29,319 DEBUG root] Loading class: 'ConsoleStatusReporter' from <module 'bzt.modules.console' from 'C:\\Users\\ap673362\\AppData\\Local\\Taurus\\pkgs\\bzt\\modules\\console.py'>
[2020-08-05 10:52:29,319 DEBUG Engine.Configuration] Dumping YAML config into C:\Users\ap673362\MyDevProjects\jmx-examples\2020-08-05_10-52-18.262500\effective.yml
[2020-08-05 10:52:29,333 DEBUG Engine.Configuration] Dumping JSON config into C:\Users\ap673362\MyDevProjects\jmx-examples\2020-08-05_10-52-18.262500\effective.json
[2020-08-05 10:52:29,334 INFO Engine] Starting...
[2020-08-05 10:52:29,335 DEBUG Engine] Startup <bzt.modules.monitoring.Monitoring object at 0x000001BF31066630>
[2020-08-05 10:52:29,335 DEBUG Engine] Startup <bzt.modules.functional.FunctionalAggregator object at 0x000001BF124B3160>
[2020-08-05 10:52:29,335 DEBUG Engine] Startup <bzt.modules.reporting.FinalStatus object at 0x000001BF313FDDD8>
[2020-08-05 10:52:29,335 DEBUG Engine] Startup <bzt.modules.console.ConsoleStatusReporter object at 0x000001BF31411F60>
[2020-08-05 10:52:29,335 INFO Engine.console] Waiting for results...
[2020-08-05 10:52:29,336 DEBUG Engine] Startup <bzt.modules.blazemeter.CloudProvisioning object at 0x000001BF11EB6390>
[2020-08-05 10:52:29,336 INFO Engine.cloud.ProjectFinder.CloudTaurusTest] Initiating cloud test with https://a.blazemeter.com ...
[2020-08-05 10:52:29,337 DEBUG Engine.cloud] Request: POST https://a.blazemeter.com/api/v4/tests/8350630/start?functionalExecution=true None
[2020-08-05 10:52:29,337 DEBUG HTTPClient] Making HTTP request POST https://a.blazemeter.com/api/v4/tests/8350630/start?functionalExecution=true
[2020-08-05 10:52:38,149 DEBUG urllib3.connectionpool] https://a.blazemeter.com:443 "POST /api/v4/tests/8350630/start?functionalExecution=true HTTP/1.1" 202 3444
[2020-08-05 10:52:38,150 DEBUG Engine.cloud] Response [202]: {
    "api_version": 4,
    "error": null,
    "result": {
        "id": 30303028,
        "name": "FindFlights-FlightSearch2-Positive Functional Test",
        "userId": 490771,
        "publicToken": null,
        "ended": null,
        "lastUpdate": nul
[2020-08-05 10:52:38,150 INFO Engine.cloud] Started cloud test: https://a.blazemeter.com/app/#/masters/30303028
[2020-08-05 10:52:38,298 DEBUG Engine.cloud] Request: PATCH https://a.blazemeter.com/api/v4/masters/30303028 {
 "name": "FindFlights-FlightSearch2-Positive Functional Test Report"
}
[2020-08-05 10:52:38,298 DEBUG HTTPClient] Making HTTP request PATCH https://a.blazemeter.com/api/v4/masters/30303028
[2020-08-05 10:52:38,576 DEBUG urllib3.connectionpool] https://a.blazemeter.com:443 "PATCH /api/v4/masters/30303028 HTTP/1.1" 200 None
[2020-08-05 10:52:38,577 DEBUG Engine.cloud] Response [200]: {
    "api_version": 4,
    "error": null,
    "result": {
        "id": 30303028,
        "name": "FindFlights-FlightSearch2-Positive Functional Test Report",
        "userId": 490771,
        "delayedStartReady": false,
        "runnerUserId": 490771,
  
[2020-08-05 10:52:38,578 DEBUG Engine.Configuration] Dumping YAML config into C:\Users\ap673362\MyDevProjects\jmx-examples\2020-08-05_10-52-18.262500\effective.yml
[2020-08-05 10:52:38,598 DEBUG Engine.Configuration] Dumping JSON config into C:\Users\ap673362\MyDevProjects\jmx-examples\2020-08-05_10-52-18.262500\effective.json
[2020-08-05 10:52:38,599 DEBUG root] Leveling down log file verbosity to INFO, use -v option to have DEBUG messages enabled
[2020-08-05 10:52:38,599 WARNING Engine.cloud] Detaching Taurus from started test...
[2020-08-05 10:52:38,876 WARNING Engine] Please wait for graceful shutdown...
[2020-08-05 10:52:38,877 DEBUG root] Leveled up log file verbosity
[2020-08-05 10:52:38,877 INFO Engine] Shutting down...
[2020-08-05 10:52:38,878 DEBUG Engine] Current stop reason: None
[2020-08-05 10:52:38,879 DEBUG Engine.Configuration] Dumping YAML config into C:\Users\ap673362\MyDevProjects\jmx-examples\2020-08-05_10-52-18.262500\effective.yml
[2020-08-05 10:52:38,892 DEBUG Engine.Configuration] Dumping JSON config into C:\Users\ap673362\MyDevProjects\jmx-examples\2020-08-05_10-52-18.262500\effective.json
[2020-08-05 10:52:38,893 INFO Engine] Post-processing...
[2020-08-05 10:52:38,894 DEBUG Engine.cloud] Request: GET https://a.blazemeter.com/api/v4/masters/30303028/full None
[2020-08-05 10:52:38,894 DEBUG HTTPClient] Making HTTP request GET https://a.blazemeter.com/api/v4/masters/30303028/full
[2020-08-05 10:52:39,081 DEBUG urllib3.connectionpool] https://a.blazemeter.com:443 "GET /api/v4/masters/30303028/full HTTP/1.1" 200 None
[2020-08-05 10:52:39,082 DEBUG Engine.cloud] Response [200]: {
    "api_version": 4,
    "error": null,
    "result": {
        "id": 30303028,
        "name": "FindFlights-FlightSearch2-Positive Functional Test Report",
        "userId": 490771,
        "delayedStartReady": false,
        "runnerUserId": 490771,
  
[2020-08-05 10:52:39,083 DEBUG Engine] post_process: Cloud tests failed
[2020-08-05 10:52:39,083 INFO Engine.final-stats] Test duration: 0:00:09
[2020-08-05 10:52:39,084 DEBUG Engine.console] No logger_handler or orig_stream was detected
[2020-08-05 10:52:39,086 DEBUG Engine.Configuration] Dumping YAML config into C:\Users\ap673362\MyDevProjects\jmx-examples\2020-08-05_10-52-18.262500\effective.yml
[2020-08-05 10:52:39,103 DEBUG Engine.Configuration] Dumping JSON config into C:\Users\ap673362\MyDevProjects\jmx-examples\2020-08-05_10-52-18.262500\effective.json
[2020-08-05 10:52:39,104 WARNING root] Automated shutdown
[2020-08-05 10:52:39,110 DEBUG root] AutomatedShutdown: Cloud tests failed
  File "C:\Users\ap673362\AppData\Local\Taurus\pkgs\bzt\cli.py", line 266, in perform
    self.engine.post_process()
  File "C:\Users\ap673362\AppData\Local\Taurus\pkgs\bzt\engine\engine.py", line 333, in post_process
    reraise(exc_info, exc_value)
  File "C:\Users\ap673362\AppData\Local\Taurus\pkgs\bzt\six\py3.py", line 86, in reraise
    raise exc
  File "C:\Users\ap673362\AppData\Local\Taurus\pkgs\bzt\engine\engine.py", line 319, in post_process
    module.post_process()
  File "C:\Users\ap673362\AppData\Local\Taurus\pkgs\bzt\modules\blazemeter.py", line 1767, in post_process
    raise AutomatedShutdown("Cloud tests failed")
[2020-08-05 10:52:39,110 INFO root] Artifacts dir: C:\Users\ap673362\MyDevProjects\jmx-examples\2020-08-05_10-52-18.262500
[2020-08-05 10:52:39,111 WARNING root] Done performing with code: 3
[2020-08-05 10:52:39,112 DEBUG root] Closing log handler: C:\Users\ap673362\MyDevProjects\jmx-examples\2020-08-05_10-52-18.262500\bzt.log
