[2020-08-05 10:52:01,365 INFO root] Taurus CLI Tool v1.13.9
[2020-08-05 10:52:01,367 DEBUG root] Command-line options: {'log': 'C:\\Users\\ap673362\\AppData\\Local\\Temp\\bzt__nyxggkp.log', 'option': ['modules.blazemeter.test=FindFlights-FlightSearch1-Positive Functional Test', 'modules.blazemeter.report-name=FindFlights-FlightSearch1-Positive Functional Test Report'], 'quiet': None, 'verbose': None, 'no_system_configs': None, 'aliases': ['cloud', 'func', 'detach']}
[2020-08-05 10:52:01,367 DEBUG root] Python: CPython 3.6.5
[2020-08-05 10:52:01,367 DEBUG root] Rev: 43411c567cb83f1bf7e2da4690a98d46018389da; OS: uname_result(system='Windows', node='JL5Q1Z2', release='10', version='10.0.18362', machine='AMD64', processor='Intel64 Family 6 Model 158 Stepping 13, GenuineIntel')
[2020-08-05 10:52:01,368 DEBUG root] Adding JMX shorthand config for: ['find-flights/FindFlights-FlightSearch1-Positive.jmx']
[2020-08-05 10:52:01,370 DEBUG root] Dumping JSON config into C:\Users\ap673362\AppData\Local\Temp\jmx_bw35023c.json
[2020-08-05 10:52:01,370 INFO root] Starting with configs: ['C:\\Users\\ap673362\\AppData\\Local\\Temp\\jmx_bw35023c.json']
[2020-08-05 10:52:01,372 DEBUG root] Using personal config: C:\Users\ap673362\.bzt-rc
[2020-08-05 10:52:01,372 INFO Engine] Configuring...
[2020-08-05 10:52:01,436 DEBUG Engine] Base configs list: ['C:\\Users\\ap673362\\AppData\\Local\\Taurus\\pkgs\\bzt\\resources/10-base-config.yml']
[2020-08-05 10:52:01,437 DEBUG Engine.Configuration] Configs: ['C:\\Users\\ap673362\\AppData\\Local\\Taurus\\pkgs\\bzt\\resources/10-base-config.yml']
[2020-08-05 10:52:01,438 DEBUG Engine.Configuration] Reading C:\Users\ap673362\AppData\Local\Taurus\pkgs\bzt\resources/10-base-config.yml as YAML
[2020-08-05 10:52:01,456 DEBUG Engine] User configs list: ['C:\\Users\\ap673362\\.bzt-rc', 'C:\\Users\\ap673362\\AppData\\Local\\Temp\\jmx_bw35023c.json']
[2020-08-05 10:52:01,456 DEBUG Engine.Configuration] Configs: ['C:\\Users\\ap673362\\.bzt-rc', 'C:\\Users\\ap673362\\AppData\\Local\\Temp\\jmx_bw35023c.json']
[2020-08-05 10:52:01,457 WARNING Engine.Configuration] Replaced leading tabs in file C:\Users\ap673362\.bzt-rc, line 36
[2020-08-05 10:52:01,458 WARNING Engine.Configuration] Line content is: token: 68d0df9d40c6247bbcc1a979:2ccdb1cc571b18fbf28d0179f6313002a32bb37f59bc21e858fcc9aec019452c4bd37012
[2020-08-05 10:52:01,459 WARNING Engine.Configuration] Please remember that YAML spec does not allow using tabs for indentation
[2020-08-05 10:52:01,459 DEBUG Engine.Configuration] Reading C:\Users\ap673362\.bzt-rc as YAML
[2020-08-05 10:52:01,462 DEBUG Engine.Configuration] Reading C:\Users\ap673362\AppData\Local\Temp\jmx_bw35023c.json as YAML
[2020-08-05 10:52:01,463 DEBUG Engine.Configuration] Configs: ['C:\\Users\\ap673362\\.bzt-rc', 'C:\\Users\\ap673362\\AppData\\Local\\Temp\\jmx_bw35023c.json']
[2020-08-05 10:52:01,464 DEBUG Engine.Configuration] Reading C:\Users\ap673362\.bzt-rc as YAML
[2020-08-05 10:52:01,467 DEBUG Engine.Configuration] Reading C:\Users\ap673362\AppData\Local\Temp\jmx_bw35023c.json as YAML
[2020-08-05 10:52:01,468 DEBUG Engine] Requesting updates info: https://gettaurus.org/updates/?version=1.13.9&installID=windows-8d23e820b17
[2020-08-05 10:52:01,468 DEBUG HTTPClient] Making HTTP request GET https://gettaurus.org/updates/?version=1.13.9&installID=windows-8d23e820b17
[2020-08-05 10:52:01,469 DEBUG ConfigOverrider] Applying modules.blazemeter.test=FindFlights-FlightSearch1-Positive Functional Test
[2020-08-05 10:52:01,469 DEBUG ConfigOverrider] Applying: [test]=FindFlights-FlightSearch1-Positive Functional Test
[2020-08-05 10:52:01,469 DEBUG ConfigOverrider] Parsed override value: 'FindFlights-FlightSearch1-Positive Functional Test' -> 'FindFlights-FlightSearch1-Positive Functional Test' (<class 'str'>)
[2020-08-05 10:52:01,469 DEBUG ConfigOverrider] Applying modules.blazemeter.report-name=FindFlights-FlightSearch1-Positive Functional Test Report
[2020-08-05 10:52:01,469 DEBUG ConfigOverrider] Applying: [report-name]=FindFlights-FlightSearch1-Positive Functional Test Report
[2020-08-05 10:52:01,470 DEBUG ConfigOverrider] Parsed override value: 'FindFlights-FlightSearch1-Positive Functional Test Report' -> 'FindFlights-FlightSearch1-Positive Functional Test Report' (<class 'str'>)
[2020-08-05 10:52:01,470 INFO Engine] Artifacts dir: C:\Users\ap673362\MyDevProjects\jmx-examples\2020-08-05_10-52-01.470451
[2020-08-05 10:52:01,474 DEBUG urllib3.connectionpool] Starting new HTTPS connection (1): gettaurus.org:443
[2020-08-05 10:52:01,474 DEBUG Engine] New artifact filename: C:\Users\ap673362\MyDevProjects\jmx-examples\2020-08-05_10-52-01.470451\effective
[2020-08-05 10:52:01,476 DEBUG Engine.Configuration] Dumping YAML config into C:\Users\ap673362\MyDevProjects\jmx-examples\2020-08-05_10-52-01.470451\effective.yml
[2020-08-05 10:52:01,489 DEBUG Engine.Configuration] Dumping JSON config into C:\Users\ap673362\MyDevProjects\jmx-examples\2020-08-05_10-52-01.470451\effective.json
[2020-08-05 10:52:01,490 DEBUG Engine] New artifact filename: C:\Users\ap673362\MyDevProjects\jmx-examples\2020-08-05_10-52-01.470451\merged.yml
[2020-08-05 10:52:01,491 DEBUG Engine.Configuration] Dumping YAML config into C:\Users\ap673362\MyDevProjects\jmx-examples\2020-08-05_10-52-01.470451\merged.yml
[2020-08-05 10:52:01,492 DEBUG Engine] New artifact filename: C:\Users\ap673362\MyDevProjects\jmx-examples\2020-08-05_10-52-01.470451\merged.json
[2020-08-05 10:52:01,493 DEBUG Engine.Configuration] Dumping JSON config into C:\Users\ap673362\MyDevProjects\jmx-examples\2020-08-05_10-52-01.470451\merged.json
[2020-08-05 10:52:01,493 DEBUG Engine] Add existing artifact (move=False): C:\Users\ap673362\AppData\Local\Temp\jmx_bw35023c.json
[2020-08-05 10:52:01,493 DEBUG Engine] Copying C:\Users\ap673362\AppData\Local\Temp\jmx_bw35023c.json to C:\Users\ap673362\MyDevProjects\jmx-examples\2020-08-05_10-52-01.470451\jmx_bw35023c.json
[2020-08-05 10:52:01,496 DEBUG root] Closing log handler: C:\Users\ap673362\AppData\Local\Temp\bzt__nyxggkp.log
[2020-08-05 10:52:01,499 DEBUG root] Switched writing logs to C:\Users\ap673362\MyDevProjects\jmx-examples\2020-08-05_10-52-01.470451\bzt.log
[2020-08-05 10:52:01,499 DEBUG root] Linting config
[2020-08-05 10:52:01,501 INFO Engine] Preparing...
[2020-08-05 10:52:01,501 DEBUG Engine] Module config: functional-consolidator {'class': 'bzt.modules.functional.FunctionalAggregator'}
[2020-08-05 10:52:01,502 DEBUG root] Importing module: bzt.modules.functional
[2020-08-05 10:52:01,953 DEBUG root] Loading class: 'FunctionalAggregator' from <module 'bzt.modules.functional' from 'C:\\Users\\ap673362\\AppData\\Local\\Taurus\\pkgs\\bzt\\modules\\functional.py'>
[2020-08-05 10:52:01,953 DEBUG Engine] Module config: monitoring {'class': 'bzt.modules.monitoring.Monitoring'}
[2020-08-05 10:52:01,953 DEBUG root] Importing module: bzt.modules.monitoring
[2020-08-05 10:52:01,955 DEBUG root] Loading class: 'Monitoring' from <module 'bzt.modules.monitoring' from 'C:\\Users\\ap673362\\AppData\\Local\\Taurus\\pkgs\\bzt\\modules\\monitoring.py'>
[2020-08-05 10:52:01,956 DEBUG Engine] Module config: cloud {'class': 'bzt.modules.blazemeter.CloudProvisioning', 'default-location': 'us-central1-a', 'token': '********', 'account': 'SE Demo', 'workspace': 'Alex P', 'project': 'Taurus Sandbox', 'detach': True}
[2020-08-05 10:52:01,956 DEBUG root] Importing module: bzt.modules.blazemeter
[2020-08-05 10:52:01,975 DEBUG root] Loading class: 'CloudProvisioning' from <module 'bzt.modules.blazemeter' from 'C:\\Users\\ap673362\\AppData\\Local\\Taurus\\pkgs\\bzt\\modules\\blazemeter.py'>
[2020-08-05 10:52:01,976 DEBUG Engine] Module config: blazemeter {'class': 'bzt.modules.blazemeter.BlazeMeterUploader', 'test': 'FindFlights-FlightSearch1-Positive Functional Test', 'report-name': 'FindFlights-FlightSearch1-Positive Functional Test Report'}
[2020-08-05 10:52:01,976 DEBUG root] Importing module: bzt.modules.blazemeter
[2020-08-05 10:52:01,976 DEBUG root] Loading class: 'BlazeMeterUploader' from <module 'bzt.modules.blazemeter' from 'C:\\Users\\ap673362\\AppData\\Local\\Taurus\\pkgs\\bzt\\modules\\blazemeter.py'>
[2020-08-05 10:52:01,976 DEBUG Engine.cloud] Installing http client
[2020-08-05 10:52:01,976 DEBUG Engine.cloud] Request: GET https://a.blazemeter.com/api/v4/accounts None
[2020-08-05 10:52:01,976 DEBUG HTTPClient] Making HTTP request GET https://a.blazemeter.com/api/v4/accounts
[2020-08-05 10:52:01,978 DEBUG urllib3.connectionpool] Starting new HTTPS connection (1): a.blazemeter.com:443
[2020-08-05 10:52:02,408 DEBUG urllib3.connectionpool] https://a.blazemeter.com:443 "GET /api/v4/accounts HTTP/1.1" 200 None
[2020-08-05 10:52:02,410 DEBUG Engine.cloud] Response [200]: {
    "limit": 10,
    "skip": 0,
    "total": 11,
    "hidden": 0,
    "api_version": 4,
    "error": null,
    "result": [
        {
            "id": 198931,
            "name": "Aetna",
            "thumbnailUrl": "",
            "salesforceId": "0010J
[2020-08-05 10:52:02,412 DEBUG Engine.cloud] Request: GET https://a.blazemeter.com/api/v4/workspaces?accountId=198931&enabled=true&limit=100 None
[2020-08-05 10:52:02,412 DEBUG HTTPClient] Making HTTP request GET https://a.blazemeter.com/api/v4/workspaces?accountId=198931&enabled=true&limit=100
[2020-08-05 10:52:02,414 DEBUG urllib3.connectionpool] https://gettaurus.org:443 "GET /updates/?version=1.13.9&installID=windows-8d23e820b17 HTTP/1.1" 200 39
[2020-08-05 10:52:02,414 DEBUG Engine] Taurus updates info: {'latest': '1.14.2', 'needsUpgrade': True}
[2020-08-05 10:52:02,415 WARNING Engine] There is newer version of Taurus 1.14.2 available, consider upgrading. What's new: http://gettaurus.org/docs/Changelog/
[2020-08-05 10:52:02,592 DEBUG urllib3.connectionpool] https://a.blazemeter.com:443 "GET /api/v4/workspaces?accountId=198931&enabled=true&limit=100 HTTP/1.1" 200 None
[2020-08-05 10:52:02,593 DEBUG Engine.cloud] Response [200]: {
    "limit": 100,
    "skip": 0,
    "total": 41,
    "hidden": 0,
    "api_version": 4,
    "error": null,
    "result": [
        {
            "id": 456745,
            "name": " MITTESA_3318",
            "userId": 813259,
            "created": 1584
[2020-08-05 10:52:02,598 DEBUG Engine.cloud] Request: GET https://a.blazemeter.com/api/v4/workspaces?accountId=396052&enabled=true&limit=100 None
[2020-08-05 10:52:02,598 DEBUG HTTPClient] Making HTTP request GET https://a.blazemeter.com/api/v4/workspaces?accountId=396052&enabled=true&limit=100
[2020-08-05 10:52:02,765 DEBUG urllib3.connectionpool] https://a.blazemeter.com:443 "GET /api/v4/workspaces?accountId=396052&enabled=true&limit=100 HTTP/1.1" 200 None
[2020-08-05 10:52:02,765 DEBUG Engine.cloud] Response [200]: {
    "limit": 100,
    "skip": 0,
    "total": 9,
    "hidden": 0,
    "api_version": 4,
    "error": null,
    "result": [
        {
            "id": 393834,
            "name": "COE",
            "userId": 490771,
            "created": 1574364228,
   
[2020-08-05 10:52:02,766 DEBUG Engine.cloud] Request: GET https://a.blazemeter.com/api/v4/workspaces?accountId=514413&enabled=true&limit=100 None
[2020-08-05 10:52:02,767 DEBUG HTTPClient] Making HTTP request GET https://a.blazemeter.com/api/v4/workspaces?accountId=514413&enabled=true&limit=100
[2020-08-05 10:52:02,924 DEBUG urllib3.connectionpool] https://a.blazemeter.com:443 "GET /api/v4/workspaces?accountId=514413&enabled=true&limit=100 HTTP/1.1" 200 None
[2020-08-05 10:52:02,924 DEBUG Engine.cloud] Response [200]: {
    "limit": 100,
    "skip": 0,
    "total": 2,
    "hidden": 0,
    "api_version": 4,
    "error": null,
    "result": [
        {
            "id": 517389,
            "name": "Default Workspace",
            "userId": 498178,
            "created": 1
[2020-08-05 10:52:02,925 DEBUG Engine.cloud] Request: GET https://a.blazemeter.com/api/v4/workspaces?accountId=516088&enabled=true&limit=100 None
[2020-08-05 10:52:02,925 DEBUG HTTPClient] Making HTTP request GET https://a.blazemeter.com/api/v4/workspaces?accountId=516088&enabled=true&limit=100
[2020-08-05 10:52:03,095 DEBUG urllib3.connectionpool] https://a.blazemeter.com:443 "GET /api/v4/workspaces?accountId=516088&enabled=true&limit=100 HTTP/1.1" 200 None
[2020-08-05 10:52:03,095 DEBUG Engine.cloud] Response [200]: {
    "limit": 100,
    "skip": 0,
    "total": 1,
    "hidden": 0,
    "api_version": 4,
    "error": null,
    "result": [
        {
            "id": 517695,
            "name": "BlazeMeter Training",
            "userId": 949383,
            "created":
[2020-08-05 10:52:03,096 DEBUG Engine.cloud] Request: GET https://a.blazemeter.com/api/v4/workspaces?accountId=118272&enabled=true&limit=100 None
[2020-08-05 10:52:03,096 DEBUG HTTPClient] Making HTTP request GET https://a.blazemeter.com/api/v4/workspaces?accountId=118272&enabled=true&limit=100
[2020-08-05 10:52:03,251 DEBUG urllib3.connectionpool] https://a.blazemeter.com:443 "GET /api/v4/workspaces?accountId=118272&enabled=true&limit=100 HTTP/1.1" 200 None
[2020-08-05 10:52:03,251 DEBUG Engine.cloud] Response [200]: {
    "limit": 100,
    "skip": 0,
    "total": 1,
    "hidden": 0,
    "api_version": 4,
    "error": null,
    "result": [
        {
            "id": 23365,
            "name": "Broadcom Workspace Playground",
            "userId": 323888,
            "
[2020-08-05 10:52:03,252 DEBUG Engine.cloud] Request: GET https://a.blazemeter.com/api/v4/workspaces?accountId=120238&enabled=true&limit=100 None
[2020-08-05 10:52:03,252 DEBUG HTTPClient] Making HTTP request GET https://a.blazemeter.com/api/v4/workspaces?accountId=120238&enabled=true&limit=100
[2020-08-05 10:52:03,419 DEBUG urllib3.connectionpool] https://a.blazemeter.com:443 "GET /api/v4/workspaces?accountId=120238&enabled=true&limit=100 HTTP/1.1" 200 None
[2020-08-05 10:52:03,459 DEBUG Engine.cloud] Response [200]: {
    "limit": 100,
    "skip": 0,
    "total": 65,
    "hidden": 0,
    "api_version": 4,
    "error": null,
    "result": [
        {
            "id": 213328,
            "name": "API Management - Presales UKI",
            "userId": 341848,
           
[2020-08-05 10:52:03,466 DEBUG Engine.cloud] Request: GET https://a.blazemeter.com/api/v4/workspaces?accountId=132907&enabled=true&limit=100 None
[2020-08-05 10:52:03,466 DEBUG HTTPClient] Making HTTP request GET https://a.blazemeter.com/api/v4/workspaces?accountId=132907&enabled=true&limit=100
[2020-08-05 10:52:03,620 DEBUG urllib3.connectionpool] https://a.blazemeter.com:443 "GET /api/v4/workspaces?accountId=132907&enabled=true&limit=100 HTTP/1.1" 200 None
[2020-08-05 10:52:03,621 DEBUG Engine.cloud] Response [200]: {
    "limit": 100,
    "skip": 0,
    "total": 1,
    "hidden": 0,
    "api_version": 4,
    "error": null,
    "result": [
        {
            "id": 366515,
            "name": "Online Banking",
            "userId": 347316,
            "created": 1568
[2020-08-05 10:52:03,621 DEBUG Engine.cloud] Request: GET https://a.blazemeter.com/api/v4/workspaces?accountId=302781&enabled=true&limit=100 None
[2020-08-05 10:52:03,621 DEBUG HTTPClient] Making HTTP request GET https://a.blazemeter.com/api/v4/workspaces?accountId=302781&enabled=true&limit=100
[2020-08-05 10:52:03,772 DEBUG urllib3.connectionpool] https://a.blazemeter.com:443 "GET /api/v4/workspaces?accountId=302781&enabled=true&limit=100 HTTP/1.1" 200 None
[2020-08-05 10:52:03,773 DEBUG Engine.cloud] Response [200]: {
    "limit": 100,
    "skip": 0,
    "total": 1,
    "hidden": 0,
    "api_version": 4,
    "error": null,
    "result": [
        {
            "id": 485240,
            "name": "AlexP",
            "userId": 380559,
            "created": 1587093542,
 
[2020-08-05 10:52:03,773 DEBUG Engine.cloud] Request: GET https://a.blazemeter.com/api/v4/workspaces?accountId=185664&enabled=true&limit=100 None
[2020-08-05 10:52:03,773 DEBUG HTTPClient] Making HTTP request GET https://a.blazemeter.com/api/v4/workspaces?accountId=185664&enabled=true&limit=100
[2020-08-05 10:52:03,931 DEBUG urllib3.connectionpool] https://a.blazemeter.com:443 "GET /api/v4/workspaces?accountId=185664&enabled=true&limit=100 HTTP/1.1" 200 None
[2020-08-05 10:52:03,932 DEBUG Engine.cloud] Response [200]: {
    "limit": 100,
    "skip": 0,
    "total": 1,
    "hidden": 0,
    "api_version": 4,
    "error": null,
    "result": [
        {
            "id": 386790,
            "name": "Mainframe",
            "userId": 402244,
            "created": 157308064
[2020-08-05 10:52:03,932 DEBUG Engine.cloud] Request: GET https://a.blazemeter.com/api/v4/workspaces?accountId=291446&enabled=true&limit=100 None
[2020-08-05 10:52:03,932 DEBUG HTTPClient] Making HTTP request GET https://a.blazemeter.com/api/v4/workspaces?accountId=291446&enabled=true&limit=100
[2020-08-05 10:52:04,082 DEBUG urllib3.connectionpool] https://a.blazemeter.com:443 "GET /api/v4/workspaces?accountId=291446&enabled=true&limit=100 HTTP/1.1" 200 None
[2020-08-05 10:52:04,120 DEBUG Engine.cloud] Response [200]: {
    "limit": 100,
    "skip": 0,
    "total": 127,
    "hidden": 0,
    "api_version": 4,
    "error": null,
    "result": [
        {
            "id": 286101,
            "name": ".Demo Workspace",
            "userId": 515264,
            "created": 1
[2020-08-05 10:52:04,132 DEBUG Engine] Module config: jmeter {'class': 'bzt.modules.jmeter.JMeterExecutor', 'protocol-handlers': {'http': 'bzt.jmx.http.HTTPProtocolHandler'}, 'plugins': ['jpgc-casutg', 'jpgc-dummy', 'jpgc-ffw', 'jpgc-fifo', 'jpgc-functions', 'jpgc-json', 'jpgc-perfmon', 'jpgc-prmctl', 'jpgc-tst'], 'properties': {'jmeter.save.saveservice.autoflush': 'true', 'jmeter.save.saveservice.connect_time': 'true', 'jmeterengine.force.system.exit': 'true', 'summariser.name': ''}}
[2020-08-05 10:52:04,132 DEBUG root] Importing module: bzt.modules.jmeter
[2020-08-05 10:52:04,151 DEBUG root] Loading class: 'JMeterExecutor' from <module 'bzt.modules.jmeter' from 'C:\\Users\\ap673362\\AppData\\Local\\Taurus\\pkgs\\bzt\\modules\\jmeter.py'>
[2020-08-05 10:52:04,152 DEBUG Engine.cloud.ProjectFinder] Parsed test link: None
[2020-08-05 10:52:04,152 DEBUG Engine.cloud] Request: GET https://a.blazemeter.com/api/v4/accounts None
[2020-08-05 10:52:04,152 DEBUG HTTPClient] Making HTTP request GET https://a.blazemeter.com/api/v4/accounts
[2020-08-05 10:52:04,478 DEBUG urllib3.connectionpool] https://a.blazemeter.com:443 "GET /api/v4/accounts HTTP/1.1" 200 None
[2020-08-05 10:52:04,479 DEBUG Engine.cloud] Response [200]: {
    "limit": 10,
    "skip": 0,
    "total": 11,
    "hidden": 0,
    "api_version": 4,
    "error": null,
    "result": [
        {
            "id": 198931,
            "name": "Aetna",
            "thumbnailUrl": "",
            "salesforceId": "0010J
[2020-08-05 10:52:04,479 DEBUG Engine.cloud] Request: GET https://a.blazemeter.com/api/v4/workspaces?accountId=291446&enabled=true&limit=100 None
[2020-08-05 10:52:04,480 DEBUG HTTPClient] Making HTTP request GET https://a.blazemeter.com/api/v4/workspaces?accountId=291446&enabled=true&limit=100
[2020-08-05 10:52:04,646 DEBUG urllib3.connectionpool] https://a.blazemeter.com:443 "GET /api/v4/workspaces?accountId=291446&enabled=true&limit=100 HTTP/1.1" 200 None
[2020-08-05 10:52:04,685 DEBUG Engine.cloud] Response [200]: {
    "limit": 100,
    "skip": 0,
    "total": 127,
    "hidden": 0,
    "api_version": 4,
    "error": null,
    "result": [
        {
            "id": 286101,
            "name": ".Demo Workspace",
            "userId": 515264,
            "created": 1
[2020-08-05 10:52:04,686 DEBUG Engine.cloud] Request: GET https://a.blazemeter.com/api/v4/projects?workspaceId=348658&name=Taurus+Sandbox None
[2020-08-05 10:52:04,686 DEBUG HTTPClient] Making HTTP request GET https://a.blazemeter.com/api/v4/projects?workspaceId=348658&name=Taurus+Sandbox
[2020-08-05 10:52:04,843 DEBUG urllib3.connectionpool] https://a.blazemeter.com:443 "GET /api/v4/projects?workspaceId=348658&name=Taurus+Sandbox HTTP/1.1" 200 None
[2020-08-05 10:52:04,844 DEBUG Engine.cloud] Response [200]: {
    "limit": 10,
    "skip": 0,
    "total": 1,
    "hidden": 0,
    "api_version": 4,
    "error": null,
    "result": [
        {
            "id": 475158,
            "name": "Taurus Sandbox",
            "userId": 490771,
            "description": "
[2020-08-05 10:52:04,844 DEBUG Engine.cloud] Request: GET https://a.blazemeter.com/api/v4/multi-tests?projectId=475158&name=FindFlights-FlightSearch1-Positive+Functional+Test None
[2020-08-05 10:52:04,844 DEBUG HTTPClient] Making HTTP request GET https://a.blazemeter.com/api/v4/multi-tests?projectId=475158&name=FindFlights-FlightSearch1-Positive+Functional+Test
[2020-08-05 10:52:05,008 DEBUG urllib3.connectionpool] https://a.blazemeter.com:443 "GET /api/v4/multi-tests?projectId=475158&name=FindFlights-FlightSearch1-Positive+Functional+Test HTTP/1.1" 200 161
[2020-08-05 10:52:05,009 DEBUG Engine.cloud] Response [200]: {
    "limit": 10,
    "skip": 0,
    "total": 0,
    "hidden": 0,
    "api_version": 4,
    "error": null,
    "result": [],
    "request_id": "5f2ac794e90d8"
}
[2020-08-05 10:52:05,009 DEBUG Engine.cloud] Request: GET https://a.blazemeter.com/api/v4/tests?projectId=475158&name=FindFlights-FlightSearch1-Positive+Functional+Test None
[2020-08-05 10:52:05,009 DEBUG HTTPClient] Making HTTP request GET https://a.blazemeter.com/api/v4/tests?projectId=475158&name=FindFlights-FlightSearch1-Positive+Functional+Test
[2020-08-05 10:52:05,183 DEBUG urllib3.connectionpool] https://a.blazemeter.com:443 "GET /api/v4/tests?projectId=475158&name=FindFlights-FlightSearch1-Positive+Functional+Test HTTP/1.1" 200 None
[2020-08-05 10:52:05,184 DEBUG Engine.cloud] Response [200]: {
    "limit": 10,
    "skip": 0,
    "total": 1,
    "hidden": 0,
    "api_version": 4,
    "error": null,
    "result": [
        {
            "id": 8350629,
            "name": "FindFlights-FlightSearch1-Positive Functional Test",
            "isNewTes
[2020-08-05 10:52:05,185 DEBUG Engine.cloud.ProjectFinder] Detected test type: standard
[2020-08-05 10:52:05,185 DEBUG Engine.cloud] Request: GET https://a.blazemeter.com/api/v4/workspaces/348658 None
[2020-08-05 10:52:05,185 DEBUG HTTPClient] Making HTTP request GET https://a.blazemeter.com/api/v4/workspaces/348658
[2020-08-05 10:52:05,425 DEBUG urllib3.connectionpool] https://a.blazemeter.com:443 "GET /api/v4/workspaces/348658 HTTP/1.1" 200 None
[2020-08-05 10:52:05,464 DEBUG Engine.cloud] Response [200]: {
    "api_version": 4,
    "error": null,
    "result": {
        "id": 348658,
        "name": "Alex P",
        "userId": 407077,
        "created": 1564611502,
        "updated": 1593186922,
        "enabled": true,
        "dedicatedIpsEnabled": true,
[2020-08-05 10:52:05,473 DEBUG Engine.jmeter] Extract {'script': 'find-flights/FindFlights-FlightSearch1-Positive.jmx'} into scenarios
[2020-08-05 10:52:05,476 DEBUG Engine.cloud] All resource files are: ['C:\\Users\\ap673362\\MyDevProjects\\jmx-examples\\find-flights\\FindFlights-FlightSearch1-Positive.jmx']
[2020-08-05 10:52:05,477 DEBUG Engine.cloud] Replace file names in config: ['C:\\Users\\ap673362\\MyDevProjects\\jmx-examples\\find-flights\\FindFlights-FlightSearch1-Positive.jmx'] with ['FindFlights-FlightSearch1-Positive.jmx']
[2020-08-05 10:52:05,477 DEBUG Engine.cloud] Replaced C:\Users\ap673362\MyDevProjects\jmx-examples\find-flights\FindFlights-FlightSearch1-Positive.jmx with FindFlights-FlightSearch1-Positive.jmx
[2020-08-05 10:52:05,478 DEBUG Engine] New artifact filename: C:\Users\ap673362\MyDevProjects\jmx-examples\2020-08-05_10-52-01.470451\cloud
[2020-08-05 10:52:05,479 DEBUG root] Dumping YAML config into C:\Users\ap673362\MyDevProjects\jmx-examples\2020-08-05_10-52-01.470451\cloud.yml
[2020-08-05 10:52:05,483 DEBUG root] Dumping JSON config into C:\Users\ap673362\MyDevProjects\jmx-examples\2020-08-05_10-52-01.470451\cloud.json
[2020-08-05 10:52:05,483 DEBUG Engine.cloud] Request: GET https://a.blazemeter.com/api/v4/web/elfinder/8350629?cmd=open&target=s1_Lw None
[2020-08-05 10:52:05,483 DEBUG HTTPClient] Making HTTP request GET https://a.blazemeter.com/api/v4/web/elfinder/8350629?cmd=open&target=s1_Lw
[2020-08-05 10:52:06,573 DEBUG urllib3.connectionpool] https://a.blazemeter.com:443 "GET /api/v4/web/elfinder/8350629?cmd=open&target=s1_Lw HTTP/1.1" 200 None
[2020-08-05 10:52:06,574 DEBUG Engine.cloud] Response [200]: {"cwd":{"name":"data","size":0,"mime":"directory","read":1,"write":1,"parent_id":"users","hash":"s1_Lw","rootRev":"","options":{"path":"","url":"","tmbUrl":"self","disabled":["mkdir","archive","zipdl","extract","chmod"],"separator":"\/","copyOverwrite":1,"
[2020-08-05 10:52:06,574 DEBUG Engine.cloud] Test files: ['FindFlights-FlightSearch1-Positive.jmx', 'taurus.yml']
[2020-08-05 10:52:06,575 DEBUG Engine.cloud] Request: GET https://a.blazemeter.com/api/v4/web/elfinder/8350629?cmd=rm&targets[]=s1_RmluZEZsaWdodHMtRmxpZ2h0U2VhcmNoMS1Qb3NpdGl2ZS5qbXg&targets[]=s1_dGF1cnVzLnltbA None
[2020-08-05 10:52:06,575 DEBUG HTTPClient] Making HTTP request GET https://a.blazemeter.com/api/v4/web/elfinder/8350629?cmd=rm&targets[]=s1_RmluZEZsaWdodHMtRmxpZ2h0U2VhcmNoMS1Qb3NpdGl2ZS5qbXg&targets[]=s1_dGF1cnVzLnltbA
[2020-08-05 10:52:08,191 DEBUG urllib3.connectionpool] https://a.blazemeter.com:443 "GET /api/v4/web/elfinder/8350629?cmd=rm&targets%5B%5D=s1_RmluZEZsaWdodHMtRmxpZ2h0U2VhcmNoMS1Qb3NpdGl2ZS5qbXg&targets%5B%5D=s1_dGF1cnVzLnltbA HTTP/1.1" 200 None
[2020-08-05 10:52:08,193 DEBUG Engine.cloud] Response [200]: {"removed":["s1_RmluZEZsaWdodHMtRmxpZ2h0U2VhcmNoMS1Qb3NpdGl2ZS5qbXg","s1_dGF1cnVzLnltbA"],"changed":[{"name":"data","size":0,"mime":"directory","read":1,"write":1,"parent_id":"users","hash":"s1_Lw","rootRev":"","options":{"path":"","url":"","tmbUrl":"self"
[2020-08-05 10:52:08,193 DEBUG Engine.cloud] Successfully deleted 2 test files
[2020-08-05 10:52:08,196 DEBUG Engine.cloud] Uploading files into the test: ['C:\\Users\\ap673362\\MyDevProjects\\jmx-examples\\find-flights\\FindFlights-FlightSearch1-Positive.jmx']
[2020-08-05 10:52:08,197 DEBUG Engine.cloud] Request: POST https://a.blazemeter.com/api/v4/tests/8350629/files b'--===============5200775191410126914==\r\nContent-Disposition: file; name="script"; filename="taurus.yml"\r\nContent-Type: application/octet-stream\r\n\r\n---\nexecution:\n- executor: jmeter\n  locations:\n    us-central1-a: 1\n  scenario: FindFlights-FlightSearch1-Pos'
[2020-08-05 10:52:08,197 DEBUG HTTPClient] Making HTTP request POST https://a.blazemeter.com/api/v4/tests/8350629/files
[2020-08-05 10:52:09,938 DEBUG urllib3.connectionpool] https://a.blazemeter.com:443 "POST /api/v4/tests/8350629/files HTTP/1.1" 201 1309
[2020-08-05 10:52:09,939 DEBUG Engine.cloud] Response [201]: {
    "api_version": 4,
    "error": null,
    "result": {
        "id": 8350629,
        "isNewTest": true,
        "lastRunTime": 1596639038,
        "name": "FindFlights-FlightSearch1-Positive Functional Test",
        "userId": 490771,
        "creator
[2020-08-05 10:52:09,939 DEBUG Engine.cloud] Request: PATCH https://a.blazemeter.com/api/v4/tests/8350629 {
 "configuration": {
  "executionType": null
 }
}
[2020-08-05 10:52:09,939 DEBUG HTTPClient] Making HTTP request PATCH https://a.blazemeter.com/api/v4/tests/8350629
[2020-08-05 10:52:10,538 DEBUG urllib3.connectionpool] https://a.blazemeter.com:443 "PATCH /api/v4/tests/8350629 HTTP/1.1" 200 None
[2020-08-05 10:52:10,539 DEBUG Engine.cloud] Response [200]: {
    "api_version": 4,
    "error": null,
    "result": {
        "id": 8350629,
        "isNewTest": true,
        "lastRunTime": 1596639038,
        "name": "FindFlights-FlightSearch1-Positive Functional Test",
        "userId": 490771,
        "creator
[2020-08-05 10:52:10,539 DEBUG Engine.cloud] Request: PATCH https://a.blazemeter.com/api/v4/tests/8350629 {
 "shouldSendReportEmail": false
}
[2020-08-05 10:52:10,539 DEBUG HTTPClient] Making HTTP request PATCH https://a.blazemeter.com/api/v4/tests/8350629
[2020-08-05 10:52:10,984 DEBUG urllib3.connectionpool] https://a.blazemeter.com:443 "PATCH /api/v4/tests/8350629 HTTP/1.1" 200 None
[2020-08-05 10:52:10,985 DEBUG Engine.cloud] Response [200]: {
    "api_version": 4,
    "error": null,
    "result": {
        "id": 8350629,
        "isNewTest": true,
        "lastRunTime": 1596639038,
        "name": "FindFlights-FlightSearch1-Positive Functional Test",
        "userId": 490771,
        "creator
[2020-08-05 10:52:10,985 DEBUG Engine] Module config: final-stats {'class': 'bzt.modules.reporting.FinalStatus'}
[2020-08-05 10:52:10,986 DEBUG root] Importing module: bzt.modules.reporting
[2020-08-05 10:52:10,987 DEBUG root] Loading class: 'FinalStatus' from <module 'bzt.modules.reporting' from 'C:\\Users\\ap673362\\AppData\\Local\\Taurus\\pkgs\\bzt\\modules\\reporting.py'>
[2020-08-05 10:52:10,987 DEBUG Engine] Module config: console {'class': 'bzt.modules.console.ConsoleStatusReporter', 'disable': True}
[2020-08-05 10:52:10,987 DEBUG root] Importing module: bzt.modules.console
[2020-08-05 10:52:10,987 DEBUG root] Loading class: 'ConsoleStatusReporter' from <module 'bzt.modules.console' from 'C:\\Users\\ap673362\\AppData\\Local\\Taurus\\pkgs\\bzt\\modules\\console.py'>
[2020-08-05 10:52:10,989 DEBUG Engine.Configuration] Dumping YAML config into C:\Users\ap673362\MyDevProjects\jmx-examples\2020-08-05_10-52-01.470451\effective.yml
[2020-08-05 10:52:11,002 DEBUG Engine.Configuration] Dumping JSON config into C:\Users\ap673362\MyDevProjects\jmx-examples\2020-08-05_10-52-01.470451\effective.json
[2020-08-05 10:52:11,003 INFO Engine] Starting...
[2020-08-05 10:52:11,004 DEBUG Engine] Startup <bzt.modules.monitoring.Monitoring object at 0x0000017E598D65F8>
[2020-08-05 10:52:11,004 DEBUG Engine] Startup <bzt.modules.functional.FunctionalAggregator object at 0x0000017E3B553B70>
[2020-08-05 10:52:11,004 DEBUG Engine] Startup <bzt.modules.reporting.FinalStatus object at 0x0000017E59C4B1D0>
[2020-08-05 10:52:11,004 DEBUG Engine] Startup <bzt.modules.console.ConsoleStatusReporter object at 0x0000017E59D1DF98>
[2020-08-05 10:52:11,005 INFO Engine.console] Waiting for results...
[2020-08-05 10:52:11,005 DEBUG Engine] Startup <bzt.modules.blazemeter.CloudProvisioning object at 0x0000017E3AF56390>
[2020-08-05 10:52:11,006 INFO Engine.cloud.ProjectFinder.CloudTaurusTest] Initiating cloud test with https://a.blazemeter.com ...
[2020-08-05 10:52:11,006 DEBUG Engine.cloud] Request: POST https://a.blazemeter.com/api/v4/tests/8350629/start?functionalExecution=true None
[2020-08-05 10:52:11,006 DEBUG HTTPClient] Making HTTP request POST https://a.blazemeter.com/api/v4/tests/8350629/start?functionalExecution=true
[2020-08-05 10:52:15,769 DEBUG urllib3.connectionpool] https://a.blazemeter.com:443 "POST /api/v4/tests/8350629/start?functionalExecution=true HTTP/1.1" 202 3444
[2020-08-05 10:52:15,770 DEBUG Engine.cloud] Response [202]: {
    "api_version": 4,
    "error": null,
    "result": {
        "id": 30303023,
        "name": "FindFlights-FlightSearch1-Positive Functional Test",
        "userId": 490771,
        "publicToken": null,
        "ended": null,
        "lastUpdate": nul
[2020-08-05 10:52:15,770 INFO Engine.cloud] Started cloud test: https://a.blazemeter.com/app/#/masters/30303023
[2020-08-05 10:52:15,934 DEBUG Engine.cloud] Request: PATCH https://a.blazemeter.com/api/v4/masters/30303023 {
 "name": "FindFlights-FlightSearch1-Positive Functional Test Report"
}
[2020-08-05 10:52:15,934 DEBUG HTTPClient] Making HTTP request PATCH https://a.blazemeter.com/api/v4/masters/30303023
[2020-08-05 10:52:16,103 DEBUG urllib3.connectionpool] https://a.blazemeter.com:443 "PATCH /api/v4/masters/30303023 HTTP/1.1" 200 None
[2020-08-05 10:52:16,104 DEBUG Engine.cloud] Response [200]: {
    "api_version": 4,
    "error": null,
    "result": {
        "id": 30303023,
        "name": "FindFlights-FlightSearch1-Positive Functional Test Report",
        "userId": 490771,
        "delayedStartReady": false,
        "runnerUserId": 490771,
  
[2020-08-05 10:52:16,106 DEBUG Engine.Configuration] Dumping YAML config into C:\Users\ap673362\MyDevProjects\jmx-examples\2020-08-05_10-52-01.470451\effective.yml
[2020-08-05 10:52:16,125 DEBUG Engine.Configuration] Dumping JSON config into C:\Users\ap673362\MyDevProjects\jmx-examples\2020-08-05_10-52-01.470451\effective.json
[2020-08-05 10:52:16,126 DEBUG root] Leveling down log file verbosity to INFO, use -v option to have DEBUG messages enabled
[2020-08-05 10:52:16,126 WARNING Engine.cloud] Detaching Taurus from started test...
[2020-08-05 10:52:16,419 WARNING Engine] Please wait for graceful shutdown...
[2020-08-05 10:52:16,420 DEBUG root] Leveled up log file verbosity
[2020-08-05 10:52:16,421 INFO Engine] Shutting down...
[2020-08-05 10:52:16,422 DEBUG Engine] Current stop reason: None
[2020-08-05 10:52:16,423 DEBUG Engine.Configuration] Dumping YAML config into C:\Users\ap673362\MyDevProjects\jmx-examples\2020-08-05_10-52-01.470451\effective.yml
[2020-08-05 10:52:16,437 DEBUG Engine.Configuration] Dumping JSON config into C:\Users\ap673362\MyDevProjects\jmx-examples\2020-08-05_10-52-01.470451\effective.json
[2020-08-05 10:52:16,438 INFO Engine] Post-processing...
[2020-08-05 10:52:16,439 DEBUG Engine.cloud] Request: GET https://a.blazemeter.com/api/v4/masters/30303023/full None
[2020-08-05 10:52:16,439 DEBUG HTTPClient] Making HTTP request GET https://a.blazemeter.com/api/v4/masters/30303023/full
[2020-08-05 10:52:16,612 DEBUG urllib3.connectionpool] https://a.blazemeter.com:443 "GET /api/v4/masters/30303023/full HTTP/1.1" 200 None
[2020-08-05 10:52:16,613 DEBUG Engine.cloud] Response [200]: {
    "api_version": 4,
    "error": null,
    "result": {
        "id": 30303023,
        "name": "FindFlights-FlightSearch1-Positive Functional Test Report",
        "userId": 490771,
        "delayedStartReady": false,
        "runnerUserId": 490771,
  
[2020-08-05 10:52:16,613 DEBUG Engine] post_process: Cloud tests failed
[2020-08-05 10:52:16,613 INFO Engine.final-stats] Test duration: 0:00:05
[2020-08-05 10:52:16,615 DEBUG Engine.console] No logger_handler or orig_stream was detected
[2020-08-05 10:52:16,617 DEBUG Engine.Configuration] Dumping YAML config into C:\Users\ap673362\MyDevProjects\jmx-examples\2020-08-05_10-52-01.470451\effective.yml
[2020-08-05 10:52:16,636 DEBUG Engine.Configuration] Dumping JSON config into C:\Users\ap673362\MyDevProjects\jmx-examples\2020-08-05_10-52-01.470451\effective.json
[2020-08-05 10:52:16,637 WARNING root] Automated shutdown
[2020-08-05 10:52:16,643 DEBUG root] AutomatedShutdown: Cloud tests failed
  File "C:\Users\ap673362\AppData\Local\Taurus\pkgs\bzt\cli.py", line 266, in perform
    self.engine.post_process()
  File "C:\Users\ap673362\AppData\Local\Taurus\pkgs\bzt\engine\engine.py", line 333, in post_process
    reraise(exc_info, exc_value)
  File "C:\Users\ap673362\AppData\Local\Taurus\pkgs\bzt\six\py3.py", line 86, in reraise
    raise exc
  File "C:\Users\ap673362\AppData\Local\Taurus\pkgs\bzt\engine\engine.py", line 319, in post_process
    module.post_process()
  File "C:\Users\ap673362\AppData\Local\Taurus\pkgs\bzt\modules\blazemeter.py", line 1767, in post_process
    raise AutomatedShutdown("Cloud tests failed")
[2020-08-05 10:52:16,643 INFO root] Artifacts dir: C:\Users\ap673362\MyDevProjects\jmx-examples\2020-08-05_10-52-01.470451
[2020-08-05 10:52:16,644 WARNING root] Done performing with code: 3
[2020-08-05 10:52:16,645 DEBUG root] Closing log handler: C:\Users\ap673362\MyDevProjects\jmx-examples\2020-08-05_10-52-01.470451\bzt.log
