[2020-08-05 10:51:12,543 INFO root] Taurus CLI Tool v1.13.9
[2020-08-05 10:51:12,544 DEBUG root] Command-line options: {'log': 'C:\\Users\\ap673362\\AppData\\Local\\Temp\\bzt_r4jvslor.log', 'option': ['modules.blazemeter.test=DBank-VISA-Transfer1-Positive Functional Test', 'modules.blazemeter.report-name=DBank-VISA-Transfer1-Positive Functional Test Report'], 'quiet': None, 'verbose': None, 'no_system_configs': None, 'aliases': ['cloud', 'func', 'detach']}
[2020-08-05 10:51:12,544 DEBUG root] Python: CPython 3.6.5
[2020-08-05 10:51:12,545 DEBUG root] Rev: 43411c567cb83f1bf7e2da4690a98d46018389da; OS: uname_result(system='Windows', node='JL5Q1Z2', release='10', version='10.0.18362', machine='AMD64', processor='Intel64 Family 6 Model 158 Stepping 13, GenuineIntel')
[2020-08-05 10:51:12,545 DEBUG root] Adding JMX shorthand config for: ['digitalbank/DBank-VISA-Transfer1-Positive.jmx']
[2020-08-05 10:51:12,547 DEBUG root] Dumping JSON config into C:\Users\ap673362\AppData\Local\Temp\jmx_bm6knp0t.json
[2020-08-05 10:51:12,547 INFO root] Starting with configs: ['C:\\Users\\ap673362\\AppData\\Local\\Temp\\jmx_bm6knp0t.json']
[2020-08-05 10:51:12,548 DEBUG root] Using personal config: C:\Users\ap673362\.bzt-rc
[2020-08-05 10:51:12,549 INFO Engine] Configuring...
[2020-08-05 10:51:12,614 DEBUG Engine] Base configs list: ['C:\\Users\\ap673362\\AppData\\Local\\Taurus\\pkgs\\bzt\\resources/10-base-config.yml']
[2020-08-05 10:51:12,615 DEBUG Engine.Configuration] Configs: ['C:\\Users\\ap673362\\AppData\\Local\\Taurus\\pkgs\\bzt\\resources/10-base-config.yml']
[2020-08-05 10:51:12,616 DEBUG Engine.Configuration] Reading C:\Users\ap673362\AppData\Local\Taurus\pkgs\bzt\resources/10-base-config.yml as YAML
[2020-08-05 10:51:12,633 DEBUG Engine] User configs list: ['C:\\Users\\ap673362\\.bzt-rc', 'C:\\Users\\ap673362\\AppData\\Local\\Temp\\jmx_bm6knp0t.json']
[2020-08-05 10:51:12,634 DEBUG Engine.Configuration] Configs: ['C:\\Users\\ap673362\\.bzt-rc', 'C:\\Users\\ap673362\\AppData\\Local\\Temp\\jmx_bm6knp0t.json']
[2020-08-05 10:51:12,634 WARNING Engine.Configuration] Replaced leading tabs in file C:\Users\ap673362\.bzt-rc, line 36
[2020-08-05 10:51:12,635 WARNING Engine.Configuration] Line content is: token: 68d0df9d40c6247bbcc1a979:2ccdb1cc571b18fbf28d0179f6313002a32bb37f59bc21e858fcc9aec019452c4bd37012
[2020-08-05 10:51:12,636 WARNING Engine.Configuration] Please remember that YAML spec does not allow using tabs for indentation
[2020-08-05 10:51:12,636 DEBUG Engine.Configuration] Reading C:\Users\ap673362\.bzt-rc as YAML
[2020-08-05 10:51:12,640 DEBUG Engine.Configuration] Reading C:\Users\ap673362\AppData\Local\Temp\jmx_bm6knp0t.json as YAML
[2020-08-05 10:51:12,641 DEBUG Engine.Configuration] Configs: ['C:\\Users\\ap673362\\.bzt-rc', 'C:\\Users\\ap673362\\AppData\\Local\\Temp\\jmx_bm6knp0t.json']
[2020-08-05 10:51:12,641 DEBUG Engine.Configuration] Reading C:\Users\ap673362\.bzt-rc as YAML
[2020-08-05 10:51:12,645 DEBUG Engine.Configuration] Reading C:\Users\ap673362\AppData\Local\Temp\jmx_bm6knp0t.json as YAML
[2020-08-05 10:51:12,646 DEBUG Engine] Requesting updates info: https://gettaurus.org/updates/?version=1.13.9&installID=windows-8d23e820b17
[2020-08-05 10:51:12,646 DEBUG HTTPClient] Making HTTP request GET https://gettaurus.org/updates/?version=1.13.9&installID=windows-8d23e820b17
[2020-08-05 10:51:12,646 DEBUG ConfigOverrider] Applying modules.blazemeter.test=DBank-VISA-Transfer1-Positive Functional Test
[2020-08-05 10:51:12,647 DEBUG ConfigOverrider] Applying: [test]=DBank-VISA-Transfer1-Positive Functional Test
[2020-08-05 10:51:12,647 DEBUG ConfigOverrider] Parsed override value: 'DBank-VISA-Transfer1-Positive Functional Test' -> 'DBank-VISA-Transfer1-Positive Functional Test' (<class 'str'>)
[2020-08-05 10:51:12,647 DEBUG ConfigOverrider] Applying modules.blazemeter.report-name=DBank-VISA-Transfer1-Positive Functional Test Report
[2020-08-05 10:51:12,647 DEBUG ConfigOverrider] Applying: [report-name]=DBank-VISA-Transfer1-Positive Functional Test Report
[2020-08-05 10:51:12,647 DEBUG ConfigOverrider] Parsed override value: 'DBank-VISA-Transfer1-Positive Functional Test Report' -> 'DBank-VISA-Transfer1-Positive Functional Test Report' (<class 'str'>)
[2020-08-05 10:51:12,647 INFO Engine] Artifacts dir: C:\Users\ap673362\MyDevProjects\jmx-examples\2020-08-05_10-51-12.647336
[2020-08-05 10:51:12,650 DEBUG urllib3.connectionpool] Starting new HTTPS connection (1): gettaurus.org:443
[2020-08-05 10:51:12,651 DEBUG Engine] New artifact filename: C:\Users\ap673362\MyDevProjects\jmx-examples\2020-08-05_10-51-12.647336\effective
[2020-08-05 10:51:12,673 DEBUG Engine.Configuration] Dumping YAML config into C:\Users\ap673362\MyDevProjects\jmx-examples\2020-08-05_10-51-12.647336\effective.yml
[2020-08-05 10:51:12,686 DEBUG Engine.Configuration] Dumping JSON config into C:\Users\ap673362\MyDevProjects\jmx-examples\2020-08-05_10-51-12.647336\effective.json
[2020-08-05 10:51:12,687 DEBUG Engine] New artifact filename: C:\Users\ap673362\MyDevProjects\jmx-examples\2020-08-05_10-51-12.647336\merged.yml
[2020-08-05 10:51:12,688 DEBUG Engine.Configuration] Dumping YAML config into C:\Users\ap673362\MyDevProjects\jmx-examples\2020-08-05_10-51-12.647336\merged.yml
[2020-08-05 10:51:12,690 DEBUG Engine] New artifact filename: C:\Users\ap673362\MyDevProjects\jmx-examples\2020-08-05_10-51-12.647336\merged.json
[2020-08-05 10:51:12,690 DEBUG Engine.Configuration] Dumping JSON config into C:\Users\ap673362\MyDevProjects\jmx-examples\2020-08-05_10-51-12.647336\merged.json
[2020-08-05 10:51:12,691 DEBUG Engine] Add existing artifact (move=False): C:\Users\ap673362\AppData\Local\Temp\jmx_bm6knp0t.json
[2020-08-05 10:51:12,692 DEBUG Engine] Copying C:\Users\ap673362\AppData\Local\Temp\jmx_bm6knp0t.json to C:\Users\ap673362\MyDevProjects\jmx-examples\2020-08-05_10-51-12.647336\jmx_bm6knp0t.json
[2020-08-05 10:51:12,695 DEBUG root] Closing log handler: C:\Users\ap673362\AppData\Local\Temp\bzt_r4jvslor.log
[2020-08-05 10:51:12,698 DEBUG root] Switched writing logs to C:\Users\ap673362\MyDevProjects\jmx-examples\2020-08-05_10-51-12.647336\bzt.log
[2020-08-05 10:51:12,698 DEBUG root] Linting config
[2020-08-05 10:51:12,699 INFO Engine] Preparing...
[2020-08-05 10:51:12,701 DEBUG Engine] Module config: functional-consolidator {'class': 'bzt.modules.functional.FunctionalAggregator'}
[2020-08-05 10:51:12,701 DEBUG root] Importing module: bzt.modules.functional
[2020-08-05 10:51:13,178 DEBUG root] Loading class: 'FunctionalAggregator' from <module 'bzt.modules.functional' from 'C:\\Users\\ap673362\\AppData\\Local\\Taurus\\pkgs\\bzt\\modules\\functional.py'>
[2020-08-05 10:51:13,178 DEBUG Engine] Module config: monitoring {'class': 'bzt.modules.monitoring.Monitoring'}
[2020-08-05 10:51:13,178 DEBUG root] Importing module: bzt.modules.monitoring
[2020-08-05 10:51:13,180 DEBUG root] Loading class: 'Monitoring' from <module 'bzt.modules.monitoring' from 'C:\\Users\\ap673362\\AppData\\Local\\Taurus\\pkgs\\bzt\\modules\\monitoring.py'>
[2020-08-05 10:51:13,180 DEBUG Engine] Module config: cloud {'class': 'bzt.modules.blazemeter.CloudProvisioning', 'default-location': 'us-central1-a', 'token': '********', 'account': 'SE Demo', 'workspace': 'Alex P', 'project': 'Taurus Sandbox', 'detach': True}
[2020-08-05 10:51:13,180 DEBUG root] Importing module: bzt.modules.blazemeter
[2020-08-05 10:51:13,201 DEBUG root] Loading class: 'CloudProvisioning' from <module 'bzt.modules.blazemeter' from 'C:\\Users\\ap673362\\AppData\\Local\\Taurus\\pkgs\\bzt\\modules\\blazemeter.py'>
[2020-08-05 10:51:13,201 DEBUG Engine] Module config: blazemeter {'class': 'bzt.modules.blazemeter.BlazeMeterUploader', 'test': 'DBank-VISA-Transfer1-Positive Functional Test', 'report-name': 'DBank-VISA-Transfer1-Positive Functional Test Report'}
[2020-08-05 10:51:13,201 DEBUG root] Importing module: bzt.modules.blazemeter
[2020-08-05 10:51:13,201 DEBUG root] Loading class: 'BlazeMeterUploader' from <module 'bzt.modules.blazemeter' from 'C:\\Users\\ap673362\\AppData\\Local\\Taurus\\pkgs\\bzt\\modules\\blazemeter.py'>
[2020-08-05 10:51:13,201 DEBUG Engine.cloud] Installing http client
[2020-08-05 10:51:13,202 DEBUG Engine.cloud] Request: GET https://a.blazemeter.com/api/v4/accounts None
[2020-08-05 10:51:13,202 DEBUG HTTPClient] Making HTTP request GET https://a.blazemeter.com/api/v4/accounts
[2020-08-05 10:51:13,203 DEBUG urllib3.connectionpool] Starting new HTTPS connection (1): a.blazemeter.com:443
[2020-08-05 10:51:13,824 DEBUG urllib3.connectionpool] https://a.blazemeter.com:443 "GET /api/v4/accounts HTTP/1.1" 200 None
[2020-08-05 10:51:13,826 DEBUG Engine.cloud] Response [200]: {
    "limit": 10,
    "skip": 0,
    "total": 11,
    "hidden": 0,
    "api_version": 4,
    "error": null,
    "result": [
        {
            "id": 198931,
            "name": "Aetna",
            "thumbnailUrl": "",
            "salesforceId": "0010J
[2020-08-05 10:51:13,828 DEBUG Engine.cloud] Request: GET https://a.blazemeter.com/api/v4/workspaces?accountId=198931&enabled=true&limit=100 None
[2020-08-05 10:51:13,828 DEBUG HTTPClient] Making HTTP request GET https://a.blazemeter.com/api/v4/workspaces?accountId=198931&enabled=true&limit=100
[2020-08-05 10:51:13,982 DEBUG urllib3.connectionpool] https://gettaurus.org:443 "GET /updates/?version=1.13.9&installID=windows-8d23e820b17 HTTP/1.1" 200 39
[2020-08-05 10:51:13,982 DEBUG Engine] Taurus updates info: {'latest': '1.14.2', 'needsUpgrade': True}
[2020-08-05 10:51:13,983 DEBUG urllib3.connectionpool] https://a.blazemeter.com:443 "GET /api/v4/workspaces?accountId=198931&enabled=true&limit=100 HTTP/1.1" 200 None
[2020-08-05 10:51:13,984 DEBUG Engine.cloud] Response [200]: {
    "limit": 100,
    "skip": 0,
    "total": 41,
    "hidden": 0,
    "api_version": 4,
    "error": null,
    "result": [
        {
            "id": 456745,
            "name": " MITTESA_3318",
            "userId": 813259,
            "created": 1584
[2020-08-05 10:51:13,983 WARNING Engine] There is newer version of Taurus 1.14.2 available, consider upgrading. What's new: http://gettaurus.org/docs/Changelog/
[2020-08-05 10:51:13,990 DEBUG Engine.cloud] Request: GET https://a.blazemeter.com/api/v4/workspaces?accountId=396052&enabled=true&limit=100 None
[2020-08-05 10:51:13,991 DEBUG HTTPClient] Making HTTP request GET https://a.blazemeter.com/api/v4/workspaces?accountId=396052&enabled=true&limit=100
[2020-08-05 10:51:14,159 DEBUG urllib3.connectionpool] https://a.blazemeter.com:443 "GET /api/v4/workspaces?accountId=396052&enabled=true&limit=100 HTTP/1.1" 200 None
[2020-08-05 10:51:14,163 DEBUG Engine.cloud] Response [200]: {
    "limit": 100,
    "skip": 0,
    "total": 9,
    "hidden": 0,
    "api_version": 4,
    "error": null,
    "result": [
        {
            "id": 393834,
            "name": "COE",
            "userId": 490771,
            "created": 1574364228,
   
[2020-08-05 10:51:14,168 DEBUG Engine.cloud] Request: GET https://a.blazemeter.com/api/v4/workspaces?accountId=514413&enabled=true&limit=100 None
[2020-08-05 10:51:14,168 DEBUG HTTPClient] Making HTTP request GET https://a.blazemeter.com/api/v4/workspaces?accountId=514413&enabled=true&limit=100
[2020-08-05 10:51:14,322 DEBUG urllib3.connectionpool] https://a.blazemeter.com:443 "GET /api/v4/workspaces?accountId=514413&enabled=true&limit=100 HTTP/1.1" 200 None
[2020-08-05 10:51:14,323 DEBUG Engine.cloud] Response [200]: {
    "limit": 100,
    "skip": 0,
    "total": 2,
    "hidden": 0,
    "api_version": 4,
    "error": null,
    "result": [
        {
            "id": 517389,
            "name": "Default Workspace",
            "userId": 498178,
            "created": 1
[2020-08-05 10:51:14,323 DEBUG Engine.cloud] Request: GET https://a.blazemeter.com/api/v4/workspaces?accountId=516088&enabled=true&limit=100 None
[2020-08-05 10:51:14,324 DEBUG HTTPClient] Making HTTP request GET https://a.blazemeter.com/api/v4/workspaces?accountId=516088&enabled=true&limit=100
[2020-08-05 10:51:14,476 DEBUG urllib3.connectionpool] https://a.blazemeter.com:443 "GET /api/v4/workspaces?accountId=516088&enabled=true&limit=100 HTTP/1.1" 200 None
[2020-08-05 10:51:14,477 DEBUG Engine.cloud] Response [200]: {
    "limit": 100,
    "skip": 0,
    "total": 1,
    "hidden": 0,
    "api_version": 4,
    "error": null,
    "result": [
        {
            "id": 517695,
            "name": "BlazeMeter Training",
            "userId": 949383,
            "created":
[2020-08-05 10:51:14,477 DEBUG Engine.cloud] Request: GET https://a.blazemeter.com/api/v4/workspaces?accountId=118272&enabled=true&limit=100 None
[2020-08-05 10:51:14,477 DEBUG HTTPClient] Making HTTP request GET https://a.blazemeter.com/api/v4/workspaces?accountId=118272&enabled=true&limit=100
[2020-08-05 10:51:14,626 DEBUG urllib3.connectionpool] https://a.blazemeter.com:443 "GET /api/v4/workspaces?accountId=118272&enabled=true&limit=100 HTTP/1.1" 200 None
[2020-08-05 10:51:14,629 DEBUG Engine.cloud] Response [200]: {
    "limit": 100,
    "skip": 0,
    "total": 1,
    "hidden": 0,
    "api_version": 4,
    "error": null,
    "result": [
        {
            "id": 23365,
            "name": "Broadcom Workspace Playground",
            "userId": 323888,
            "
[2020-08-05 10:51:14,630 DEBUG Engine.cloud] Request: GET https://a.blazemeter.com/api/v4/workspaces?accountId=120238&enabled=true&limit=100 None
[2020-08-05 10:51:14,631 DEBUG HTTPClient] Making HTTP request GET https://a.blazemeter.com/api/v4/workspaces?accountId=120238&enabled=true&limit=100
[2020-08-05 10:51:14,785 DEBUG urllib3.connectionpool] https://a.blazemeter.com:443 "GET /api/v4/workspaces?accountId=120238&enabled=true&limit=100 HTTP/1.1" 200 None
[2020-08-05 10:51:14,823 DEBUG Engine.cloud] Response [200]: {
    "limit": 100,
    "skip": 0,
    "total": 65,
    "hidden": 0,
    "api_version": 4,
    "error": null,
    "result": [
        {
            "id": 213328,
            "name": "API Management - Presales UKI",
            "userId": 341848,
           
[2020-08-05 10:51:14,831 DEBUG Engine.cloud] Request: GET https://a.blazemeter.com/api/v4/workspaces?accountId=132907&enabled=true&limit=100 None
[2020-08-05 10:51:14,831 DEBUG HTTPClient] Making HTTP request GET https://a.blazemeter.com/api/v4/workspaces?accountId=132907&enabled=true&limit=100
[2020-08-05 10:51:14,986 DEBUG urllib3.connectionpool] https://a.blazemeter.com:443 "GET /api/v4/workspaces?accountId=132907&enabled=true&limit=100 HTTP/1.1" 200 None
[2020-08-05 10:51:14,989 DEBUG Engine.cloud] Response [200]: {
    "limit": 100,
    "skip": 0,
    "total": 1,
    "hidden": 0,
    "api_version": 4,
    "error": null,
    "result": [
        {
            "id": 366515,
            "name": "Online Banking",
            "userId": 347316,
            "created": 1568
[2020-08-05 10:51:14,991 DEBUG Engine.cloud] Request: GET https://a.blazemeter.com/api/v4/workspaces?accountId=302781&enabled=true&limit=100 None
[2020-08-05 10:51:14,991 DEBUG HTTPClient] Making HTTP request GET https://a.blazemeter.com/api/v4/workspaces?accountId=302781&enabled=true&limit=100
[2020-08-05 10:51:15,145 DEBUG urllib3.connectionpool] https://a.blazemeter.com:443 "GET /api/v4/workspaces?accountId=302781&enabled=true&limit=100 HTTP/1.1" 200 None
[2020-08-05 10:51:15,146 DEBUG Engine.cloud] Response [200]: {
    "limit": 100,
    "skip": 0,
    "total": 1,
    "hidden": 0,
    "api_version": 4,
    "error": null,
    "result": [
        {
            "id": 485240,
            "name": "AlexP",
            "userId": 380559,
            "created": 1587093542,
 
[2020-08-05 10:51:15,146 DEBUG Engine.cloud] Request: GET https://a.blazemeter.com/api/v4/workspaces?accountId=185664&enabled=true&limit=100 None
[2020-08-05 10:51:15,147 DEBUG HTTPClient] Making HTTP request GET https://a.blazemeter.com/api/v4/workspaces?accountId=185664&enabled=true&limit=100
[2020-08-05 10:51:15,306 DEBUG urllib3.connectionpool] https://a.blazemeter.com:443 "GET /api/v4/workspaces?accountId=185664&enabled=true&limit=100 HTTP/1.1" 200 None
[2020-08-05 10:51:15,307 DEBUG Engine.cloud] Response [200]: {
    "limit": 100,
    "skip": 0,
    "total": 1,
    "hidden": 0,
    "api_version": 4,
    "error": null,
    "result": [
        {
            "id": 386790,
            "name": "Mainframe",
            "userId": 402244,
            "created": 157308064
[2020-08-05 10:51:15,307 DEBUG Engine.cloud] Request: GET https://a.blazemeter.com/api/v4/workspaces?accountId=291446&enabled=true&limit=100 None
[2020-08-05 10:51:15,307 DEBUG HTTPClient] Making HTTP request GET https://a.blazemeter.com/api/v4/workspaces?accountId=291446&enabled=true&limit=100
[2020-08-05 10:51:15,461 DEBUG urllib3.connectionpool] https://a.blazemeter.com:443 "GET /api/v4/workspaces?accountId=291446&enabled=true&limit=100 HTTP/1.1" 200 None
[2020-08-05 10:51:15,504 DEBUG Engine.cloud] Response [200]: {
    "limit": 100,
    "skip": 0,
    "total": 127,
    "hidden": 0,
    "api_version": 4,
    "error": null,
    "result": [
        {
            "id": 286101,
            "name": ".Demo Workspace",
            "userId": 515264,
            "created": 1
[2020-08-05 10:51:15,516 DEBUG Engine] Module config: jmeter {'class': 'bzt.modules.jmeter.JMeterExecutor', 'protocol-handlers': {'http': 'bzt.jmx.http.HTTPProtocolHandler'}, 'plugins': ['jpgc-casutg', 'jpgc-dummy', 'jpgc-ffw', 'jpgc-fifo', 'jpgc-functions', 'jpgc-json', 'jpgc-perfmon', 'jpgc-prmctl', 'jpgc-tst'], 'properties': {'jmeter.save.saveservice.autoflush': 'true', 'jmeter.save.saveservice.connect_time': 'true', 'jmeterengine.force.system.exit': 'true', 'summariser.name': ''}}
[2020-08-05 10:51:15,516 DEBUG root] Importing module: bzt.modules.jmeter
[2020-08-05 10:51:15,532 DEBUG root] Loading class: 'JMeterExecutor' from <module 'bzt.modules.jmeter' from 'C:\\Users\\ap673362\\AppData\\Local\\Taurus\\pkgs\\bzt\\modules\\jmeter.py'>
[2020-08-05 10:51:15,533 DEBUG Engine.cloud.ProjectFinder] Parsed test link: None
[2020-08-05 10:51:15,533 DEBUG Engine.cloud] Request: GET https://a.blazemeter.com/api/v4/accounts None
[2020-08-05 10:51:15,533 DEBUG HTTPClient] Making HTTP request GET https://a.blazemeter.com/api/v4/accounts
[2020-08-05 10:51:15,851 DEBUG urllib3.connectionpool] https://a.blazemeter.com:443 "GET /api/v4/accounts HTTP/1.1" 200 None
[2020-08-05 10:51:15,855 DEBUG Engine.cloud] Response [200]: {
    "limit": 10,
    "skip": 0,
    "total": 11,
    "hidden": 0,
    "api_version": 4,
    "error": null,
    "result": [
        {
            "id": 198931,
            "name": "Aetna",
            "thumbnailUrl": "",
            "salesforceId": "0010J
[2020-08-05 10:51:15,857 DEBUG Engine.cloud] Request: GET https://a.blazemeter.com/api/v4/workspaces?accountId=291446&enabled=true&limit=100 None
[2020-08-05 10:51:15,857 DEBUG HTTPClient] Making HTTP request GET https://a.blazemeter.com/api/v4/workspaces?accountId=291446&enabled=true&limit=100
[2020-08-05 10:51:16,010 DEBUG urllib3.connectionpool] https://a.blazemeter.com:443 "GET /api/v4/workspaces?accountId=291446&enabled=true&limit=100 HTTP/1.1" 200 None
[2020-08-05 10:51:16,051 DEBUG Engine.cloud] Response [200]: {
    "limit": 100,
    "skip": 0,
    "total": 127,
    "hidden": 0,
    "api_version": 4,
    "error": null,
    "result": [
        {
            "id": 286101,
            "name": ".Demo Workspace",
            "userId": 515264,
            "created": 1
[2020-08-05 10:51:16,051 DEBUG Engine.cloud] Request: GET https://a.blazemeter.com/api/v4/projects?workspaceId=348658&name=Taurus+Sandbox None
[2020-08-05 10:51:16,052 DEBUG HTTPClient] Making HTTP request GET https://a.blazemeter.com/api/v4/projects?workspaceId=348658&name=Taurus+Sandbox
[2020-08-05 10:51:16,209 DEBUG urllib3.connectionpool] https://a.blazemeter.com:443 "GET /api/v4/projects?workspaceId=348658&name=Taurus+Sandbox HTTP/1.1" 200 None
[2020-08-05 10:51:16,210 DEBUG Engine.cloud] Response [200]: {
    "limit": 10,
    "skip": 0,
    "total": 1,
    "hidden": 0,
    "api_version": 4,
    "error": null,
    "result": [
        {
            "id": 475158,
            "name": "Taurus Sandbox",
            "userId": 490771,
            "description": "
[2020-08-05 10:51:16,210 DEBUG Engine.cloud] Request: GET https://a.blazemeter.com/api/v4/multi-tests?projectId=475158&name=DBank-VISA-Transfer1-Positive+Functional+Test None
[2020-08-05 10:51:16,210 DEBUG HTTPClient] Making HTTP request GET https://a.blazemeter.com/api/v4/multi-tests?projectId=475158&name=DBank-VISA-Transfer1-Positive+Functional+Test
[2020-08-05 10:51:16,371 DEBUG urllib3.connectionpool] https://a.blazemeter.com:443 "GET /api/v4/multi-tests?projectId=475158&name=DBank-VISA-Transfer1-Positive+Functional+Test HTTP/1.1" 200 161
[2020-08-05 10:51:16,372 DEBUG Engine.cloud] Response [200]: {
    "limit": 10,
    "skip": 0,
    "total": 0,
    "hidden": 0,
    "api_version": 4,
    "error": null,
    "result": [],
    "request_id": "5f2ac7644ed7d"
}
[2020-08-05 10:51:16,372 DEBUG Engine.cloud] Request: GET https://a.blazemeter.com/api/v4/tests?projectId=475158&name=DBank-VISA-Transfer1-Positive+Functional+Test None
[2020-08-05 10:51:16,372 DEBUG HTTPClient] Making HTTP request GET https://a.blazemeter.com/api/v4/tests?projectId=475158&name=DBank-VISA-Transfer1-Positive+Functional+Test
[2020-08-05 10:51:16,529 DEBUG urllib3.connectionpool] https://a.blazemeter.com:443 "GET /api/v4/tests?projectId=475158&name=DBank-VISA-Transfer1-Positive+Functional+Test HTTP/1.1" 200 None
[2020-08-05 10:51:16,529 DEBUG Engine.cloud] Response [200]: {
    "limit": 10,
    "skip": 0,
    "total": 1,
    "hidden": 0,
    "api_version": 4,
    "error": null,
    "result": [
        {
            "id": 8350649,
            "name": "DBank-VISA-Transfer1-Positive Functional Test",
            "isNewTest": t
[2020-08-05 10:51:16,530 DEBUG Engine.cloud.ProjectFinder] Detected test type: standard
[2020-08-05 10:51:16,530 DEBUG Engine.cloud] Request: GET https://a.blazemeter.com/api/v4/workspaces/348658 None
[2020-08-05 10:51:16,530 DEBUG HTTPClient] Making HTTP request GET https://a.blazemeter.com/api/v4/workspaces/348658
[2020-08-05 10:51:16,733 DEBUG urllib3.connectionpool] https://a.blazemeter.com:443 "GET /api/v4/workspaces/348658 HTTP/1.1" 200 None
[2020-08-05 10:51:16,772 DEBUG Engine.cloud] Response [200]: {
    "api_version": 4,
    "error": null,
    "result": {
        "id": 348658,
        "name": "Alex P",
        "userId": 407077,
        "created": 1564611502,
        "updated": 1593186922,
        "enabled": true,
        "dedicatedIpsEnabled": true,
[2020-08-05 10:51:16,783 DEBUG Engine.jmeter] Extract {'script': 'digitalbank/DBank-VISA-Transfer1-Positive.jmx'} into scenarios
[2020-08-05 10:51:16,786 DEBUG Engine.cloud] All resource files are: ['C:\\Users\\ap673362\\MyDevProjects\\jmx-examples\\digitalbank\\DBank-VISA-Transfer1-Positive.jmx']
[2020-08-05 10:51:16,786 DEBUG Engine.cloud] Replace file names in config: ['C:\\Users\\ap673362\\MyDevProjects\\jmx-examples\\digitalbank\\DBank-VISA-Transfer1-Positive.jmx'] with ['DBank-VISA-Transfer1-Positive.jmx']
[2020-08-05 10:51:16,787 DEBUG Engine.cloud] Replaced C:\Users\ap673362\MyDevProjects\jmx-examples\digitalbank\DBank-VISA-Transfer1-Positive.jmx with DBank-VISA-Transfer1-Positive.jmx
[2020-08-05 10:51:16,788 DEBUG Engine] New artifact filename: C:\Users\ap673362\MyDevProjects\jmx-examples\2020-08-05_10-51-12.647336\cloud
[2020-08-05 10:51:16,789 DEBUG root] Dumping YAML config into C:\Users\ap673362\MyDevProjects\jmx-examples\2020-08-05_10-51-12.647336\cloud.yml
[2020-08-05 10:51:16,795 DEBUG root] Dumping JSON config into C:\Users\ap673362\MyDevProjects\jmx-examples\2020-08-05_10-51-12.647336\cloud.json
[2020-08-05 10:51:16,796 DEBUG Engine.cloud] Request: GET https://a.blazemeter.com/api/v4/web/elfinder/8350649?cmd=open&target=s1_Lw None
[2020-08-05 10:51:16,796 DEBUG HTTPClient] Making HTTP request GET https://a.blazemeter.com/api/v4/web/elfinder/8350649?cmd=open&target=s1_Lw
[2020-08-05 10:51:17,872 DEBUG urllib3.connectionpool] https://a.blazemeter.com:443 "GET /api/v4/web/elfinder/8350649?cmd=open&target=s1_Lw HTTP/1.1" 200 None
[2020-08-05 10:51:17,874 DEBUG Engine.cloud] Response [200]: {"cwd":{"name":"data","size":0,"mime":"directory","read":1,"write":1,"parent_id":"users","hash":"s1_Lw","rootRev":"","options":{"path":"","url":"","tmbUrl":"self","disabled":["mkdir","archive","zipdl","extract","chmod"],"separator":"\/","copyOverwrite":1,"
[2020-08-05 10:51:17,874 DEBUG Engine.cloud] Test files: ['DBank-VISA-Transfer1-Positive.jmx', 'taurus.yml']
[2020-08-05 10:51:17,874 DEBUG Engine.cloud] Request: GET https://a.blazemeter.com/api/v4/web/elfinder/8350649?cmd=rm&targets[]=s1_REJhbmstVklTQS1UcmFuc2ZlcjEtUG9zaXRpdmUuam14&targets[]=s1_dGF1cnVzLnltbA None
[2020-08-05 10:51:17,874 DEBUG HTTPClient] Making HTTP request GET https://a.blazemeter.com/api/v4/web/elfinder/8350649?cmd=rm&targets[]=s1_REJhbmstVklTQS1UcmFuc2ZlcjEtUG9zaXRpdmUuam14&targets[]=s1_dGF1cnVzLnltbA
[2020-08-05 10:51:19,463 DEBUG urllib3.connectionpool] https://a.blazemeter.com:443 "GET /api/v4/web/elfinder/8350649?cmd=rm&targets%5B%5D=s1_REJhbmstVklTQS1UcmFuc2ZlcjEtUG9zaXRpdmUuam14&targets%5B%5D=s1_dGF1cnVzLnltbA HTTP/1.1" 200 None
[2020-08-05 10:51:19,464 DEBUG Engine.cloud] Response [200]: {"removed":["s1_REJhbmstVklTQS1UcmFuc2ZlcjEtUG9zaXRpdmUuam14","s1_dGF1cnVzLnltbA"],"changed":[{"name":"data","size":0,"mime":"directory","read":1,"write":1,"parent_id":"users","hash":"s1_Lw","rootRev":"","options":{"path":"","url":"","tmbUrl":"self","disab
[2020-08-05 10:51:19,464 DEBUG Engine.cloud] Successfully deleted 2 test files
[2020-08-05 10:51:19,468 DEBUG Engine.cloud] Uploading files into the test: ['C:\\Users\\ap673362\\MyDevProjects\\jmx-examples\\digitalbank\\DBank-VISA-Transfer1-Positive.jmx']
[2020-08-05 10:51:19,468 DEBUG Engine.cloud] Request: POST https://a.blazemeter.com/api/v4/tests/8350649/files b'--===============3641341444812517399==\r\nContent-Disposition: file; name="script"; filename="taurus.yml"\r\nContent-Type: application/octet-stream\r\n\r\n---\nexecution:\n- executor: jmeter\n  locations:\n    us-central1-a: 1\n  scenario: DBank-VISA-Transfer1-Positive'
[2020-08-05 10:51:19,468 DEBUG HTTPClient] Making HTTP request POST https://a.blazemeter.com/api/v4/tests/8350649/files
[2020-08-05 10:51:20,514 DEBUG urllib3.connectionpool] https://a.blazemeter.com:443 "POST /api/v4/tests/8350649/files HTTP/1.1" 201 1299
[2020-08-05 10:51:20,514 DEBUG Engine.cloud] Response [201]: {
    "api_version": 4,
    "error": null,
    "result": {
        "id": 8350649,
        "isNewTest": true,
        "lastRunTime": 1596638986,
        "name": "DBank-VISA-Transfer1-Positive Functional Test",
        "userId": 490771,
        "creatorClien
[2020-08-05 10:51:20,514 DEBUG Engine.cloud] Request: PATCH https://a.blazemeter.com/api/v4/tests/8350649 {
 "configuration": {
  "executionType": null
 }
}
[2020-08-05 10:51:20,514 DEBUG HTTPClient] Making HTTP request PATCH https://a.blazemeter.com/api/v4/tests/8350649
[2020-08-05 10:51:21,085 DEBUG urllib3.connectionpool] https://a.blazemeter.com:443 "PATCH /api/v4/tests/8350649 HTTP/1.1" 200 None
[2020-08-05 10:51:21,095 DEBUG Engine.cloud] Response [200]: {
    "api_version": 4,
    "error": null,
    "result": {
        "id": 8350649,
        "isNewTest": true,
        "lastRunTime": 1596638986,
        "name": "DBank-VISA-Transfer1-Positive Functional Test",
        "userId": 490771,
        "creatorClien
[2020-08-05 10:51:21,096 DEBUG Engine.cloud] Request: PATCH https://a.blazemeter.com/api/v4/tests/8350649 {
 "shouldSendReportEmail": false
}
[2020-08-05 10:51:21,096 DEBUG HTTPClient] Making HTTP request PATCH https://a.blazemeter.com/api/v4/tests/8350649
[2020-08-05 10:51:21,544 DEBUG urllib3.connectionpool] https://a.blazemeter.com:443 "PATCH /api/v4/tests/8350649 HTTP/1.1" 200 None
[2020-08-05 10:51:21,545 DEBUG Engine.cloud] Response [200]: {
    "api_version": 4,
    "error": null,
    "result": {
        "id": 8350649,
        "isNewTest": true,
        "lastRunTime": 1596638986,
        "name": "DBank-VISA-Transfer1-Positive Functional Test",
        "userId": 490771,
        "creatorClien
[2020-08-05 10:51:21,546 DEBUG Engine] Module config: final-stats {'class': 'bzt.modules.reporting.FinalStatus'}
[2020-08-05 10:51:21,546 DEBUG root] Importing module: bzt.modules.reporting
[2020-08-05 10:51:21,547 DEBUG root] Loading class: 'FinalStatus' from <module 'bzt.modules.reporting' from 'C:\\Users\\ap673362\\AppData\\Local\\Taurus\\pkgs\\bzt\\modules\\reporting.py'>
[2020-08-05 10:51:21,547 DEBUG Engine] Module config: console {'class': 'bzt.modules.console.ConsoleStatusReporter', 'disable': True}
[2020-08-05 10:51:21,547 DEBUG root] Importing module: bzt.modules.console
[2020-08-05 10:51:21,547 DEBUG root] Loading class: 'ConsoleStatusReporter' from <module 'bzt.modules.console' from 'C:\\Users\\ap673362\\AppData\\Local\\Taurus\\pkgs\\bzt\\modules\\console.py'>
[2020-08-05 10:51:21,549 DEBUG Engine.Configuration] Dumping YAML config into C:\Users\ap673362\MyDevProjects\jmx-examples\2020-08-05_10-51-12.647336\effective.yml
[2020-08-05 10:51:21,564 DEBUG Engine.Configuration] Dumping JSON config into C:\Users\ap673362\MyDevProjects\jmx-examples\2020-08-05_10-51-12.647336\effective.json
[2020-08-05 10:51:21,565 INFO Engine] Starting...
[2020-08-05 10:51:21,566 DEBUG Engine] Startup <bzt.modules.monitoring.Monitoring object at 0x00000238F28665F8>
[2020-08-05 10:51:21,566 DEBUG Engine] Startup <bzt.modules.functional.FunctionalAggregator object at 0x00000238D3D53B70>
[2020-08-05 10:51:21,566 DEBUG Engine] Startup <bzt.modules.reporting.FinalStatus object at 0x00000238F2C0F4E0>
[2020-08-05 10:51:21,566 DEBUG Engine] Startup <bzt.modules.console.ConsoleStatusReporter object at 0x00000238F2C6B550>
[2020-08-05 10:51:21,566 INFO Engine.console] Waiting for results...
[2020-08-05 10:51:21,567 DEBUG Engine] Startup <bzt.modules.blazemeter.CloudProvisioning object at 0x00000238D3756390>
[2020-08-05 10:51:21,567 INFO Engine.cloud.ProjectFinder.CloudTaurusTest] Initiating cloud test with https://a.blazemeter.com ...
[2020-08-05 10:51:21,567 DEBUG Engine.cloud] Request: POST https://a.blazemeter.com/api/v4/tests/8350649/start?functionalExecution=true None
[2020-08-05 10:51:21,567 DEBUG HTTPClient] Making HTTP request POST https://a.blazemeter.com/api/v4/tests/8350649/start?functionalExecution=true
[2020-08-05 10:51:26,284 DEBUG urllib3.connectionpool] https://a.blazemeter.com:443 "POST /api/v4/tests/8350649/start?functionalExecution=true HTTP/1.1" 202 3422
[2020-08-05 10:51:26,284 DEBUG Engine.cloud] Response [202]: {
    "api_version": 4,
    "error": null,
    "result": {
        "id": 30303007,
        "name": "DBank-VISA-Transfer1-Positive Functional Test",
        "userId": 490771,
        "publicToken": null,
        "ended": null,
        "lastUpdate": null,
  
[2020-08-05 10:51:26,284 INFO Engine.cloud] Started cloud test: https://a.blazemeter.com/app/#/masters/30303007
[2020-08-05 10:51:26,445 DEBUG Engine.cloud] Request: PATCH https://a.blazemeter.com/api/v4/masters/30303007 {
 "name": "DBank-VISA-Transfer1-Positive Functional Test Report"
}
[2020-08-05 10:51:26,445 DEBUG HTTPClient] Making HTTP request PATCH https://a.blazemeter.com/api/v4/masters/30303007
[2020-08-05 10:51:26,608 DEBUG urllib3.connectionpool] https://a.blazemeter.com:443 "PATCH /api/v4/masters/30303007 HTTP/1.1" 200 None
[2020-08-05 10:51:26,608 DEBUG Engine.cloud] Response [200]: {
    "api_version": 4,
    "error": null,
    "result": {
        "id": 30303007,
        "name": "DBank-VISA-Transfer1-Positive Functional Test Report",
        "userId": 490771,
        "delayedStartReady": false,
        "runnerUserId": 490771,
       
[2020-08-05 10:51:26,610 DEBUG Engine.Configuration] Dumping YAML config into C:\Users\ap673362\MyDevProjects\jmx-examples\2020-08-05_10-51-12.647336\effective.yml
[2020-08-05 10:51:26,626 DEBUG Engine.Configuration] Dumping JSON config into C:\Users\ap673362\MyDevProjects\jmx-examples\2020-08-05_10-51-12.647336\effective.json
[2020-08-05 10:51:26,626 DEBUG root] Leveling down log file verbosity to INFO, use -v option to have DEBUG messages enabled
[2020-08-05 10:51:26,626 WARNING Engine.cloud] Detaching Taurus from started test...
[2020-08-05 10:51:26,913 WARNING Engine] Please wait for graceful shutdown...
[2020-08-05 10:51:26,914 DEBUG root] Leveled up log file verbosity
[2020-08-05 10:51:26,914 INFO Engine] Shutting down...
[2020-08-05 10:51:26,915 DEBUG Engine] Current stop reason: None
[2020-08-05 10:51:26,917 DEBUG Engine.Configuration] Dumping YAML config into C:\Users\ap673362\MyDevProjects\jmx-examples\2020-08-05_10-51-12.647336\effective.yml
[2020-08-05 10:51:26,929 DEBUG Engine.Configuration] Dumping JSON config into C:\Users\ap673362\MyDevProjects\jmx-examples\2020-08-05_10-51-12.647336\effective.json
[2020-08-05 10:51:26,930 INFO Engine] Post-processing...
[2020-08-05 10:51:26,931 DEBUG Engine.cloud] Request: GET https://a.blazemeter.com/api/v4/masters/30303007/full None
[2020-08-05 10:51:26,931 DEBUG HTTPClient] Making HTTP request GET https://a.blazemeter.com/api/v4/masters/30303007/full
[2020-08-05 10:51:27,104 DEBUG urllib3.connectionpool] https://a.blazemeter.com:443 "GET /api/v4/masters/30303007/full HTTP/1.1" 200 None
[2020-08-05 10:51:27,105 DEBUG Engine.cloud] Response [200]: {
    "api_version": 4,
    "error": null,
    "result": {
        "id": 30303007,
        "name": "DBank-VISA-Transfer1-Positive Functional Test Report",
        "userId": 490771,
        "delayedStartReady": false,
        "runnerUserId": 490771,
       
[2020-08-05 10:51:27,105 DEBUG Engine] post_process: Cloud tests failed
[2020-08-05 10:51:27,105 INFO Engine.final-stats] Test duration: 0:00:05
[2020-08-05 10:51:27,106 DEBUG Engine.console] No logger_handler or orig_stream was detected
[2020-08-05 10:51:27,108 DEBUG Engine.Configuration] Dumping YAML config into C:\Users\ap673362\MyDevProjects\jmx-examples\2020-08-05_10-51-12.647336\effective.yml
[2020-08-05 10:51:27,125 DEBUG Engine.Configuration] Dumping JSON config into C:\Users\ap673362\MyDevProjects\jmx-examples\2020-08-05_10-51-12.647336\effective.json
[2020-08-05 10:51:27,127 WARNING root] Automated shutdown
[2020-08-05 10:51:27,133 DEBUG root] AutomatedShutdown: Cloud tests failed
  File "C:\Users\ap673362\AppData\Local\Taurus\pkgs\bzt\cli.py", line 266, in perform
    self.engine.post_process()
  File "C:\Users\ap673362\AppData\Local\Taurus\pkgs\bzt\engine\engine.py", line 333, in post_process
    reraise(exc_info, exc_value)
  File "C:\Users\ap673362\AppData\Local\Taurus\pkgs\bzt\six\py3.py", line 86, in reraise
    raise exc
  File "C:\Users\ap673362\AppData\Local\Taurus\pkgs\bzt\engine\engine.py", line 319, in post_process
    module.post_process()
  File "C:\Users\ap673362\AppData\Local\Taurus\pkgs\bzt\modules\blazemeter.py", line 1767, in post_process
    raise AutomatedShutdown("Cloud tests failed")
[2020-08-05 10:51:27,134 INFO root] Artifacts dir: C:\Users\ap673362\MyDevProjects\jmx-examples\2020-08-05_10-51-12.647336
[2020-08-05 10:51:27,135 WARNING root] Done performing with code: 3
[2020-08-05 10:51:27,135 DEBUG root] Closing log handler: C:\Users\ap673362\MyDevProjects\jmx-examples\2020-08-05_10-51-12.647336\bzt.log
