[2020-08-05 10:52:40,678 INFO root] Taurus CLI Tool v1.13.9
[2020-08-05 10:52:40,680 DEBUG root] Command-line options: {'log': 'C:\\Users\\ap673362\\AppData\\Local\\Temp\\bzt_ukf7wbtx.log', 'option': ['modules.blazemeter.test=FindFlights-FlightSearch3-Negative Functional Test', 'modules.blazemeter.report-name=FindFlights-FlightSearch3-Negative Functional Test Report'], 'quiet': None, 'verbose': None, 'no_system_configs': None, 'aliases': ['cloud', 'func', 'detach']}
[2020-08-05 10:52:40,680 DEBUG root] Python: CPython 3.6.5
[2020-08-05 10:52:40,680 DEBUG root] Rev: 43411c567cb83f1bf7e2da4690a98d46018389da; OS: uname_result(system='Windows', node='JL5Q1Z2', release='10', version='10.0.18362', machine='AMD64', processor='Intel64 Family 6 Model 158 Stepping 13, GenuineIntel')
[2020-08-05 10:52:40,682 DEBUG root] Adding JMX shorthand config for: ['find-flights/FindFlights-FlightSearch3-Negative.jmx']
[2020-08-05 10:52:40,683 DEBUG root] Dumping JSON config into C:\Users\ap673362\AppData\Local\Temp\jmx_5imct_1i.json
[2020-08-05 10:52:40,684 INFO root] Starting with configs: ['C:\\Users\\ap673362\\AppData\\Local\\Temp\\jmx_5imct_1i.json']
[2020-08-05 10:52:40,685 DEBUG root] Using personal config: C:\Users\ap673362\.bzt-rc
[2020-08-05 10:52:40,685 INFO Engine] Configuring...
[2020-08-05 10:52:40,751 DEBUG Engine] Base configs list: ['C:\\Users\\ap673362\\AppData\\Local\\Taurus\\pkgs\\bzt\\resources/10-base-config.yml']
[2020-08-05 10:52:40,751 DEBUG Engine.Configuration] Configs: ['C:\\Users\\ap673362\\AppData\\Local\\Taurus\\pkgs\\bzt\\resources/10-base-config.yml']
[2020-08-05 10:52:40,753 DEBUG Engine.Configuration] Reading C:\Users\ap673362\AppData\Local\Taurus\pkgs\bzt\resources/10-base-config.yml as YAML
[2020-08-05 10:52:40,771 DEBUG Engine] User configs list: ['C:\\Users\\ap673362\\.bzt-rc', 'C:\\Users\\ap673362\\AppData\\Local\\Temp\\jmx_5imct_1i.json']
[2020-08-05 10:52:40,771 DEBUG Engine.Configuration] Configs: ['C:\\Users\\ap673362\\.bzt-rc', 'C:\\Users\\ap673362\\AppData\\Local\\Temp\\jmx_5imct_1i.json']
[2020-08-05 10:52:40,771 WARNING Engine.Configuration] Replaced leading tabs in file C:\Users\ap673362\.bzt-rc, line 36
[2020-08-05 10:52:40,773 WARNING Engine.Configuration] Line content is: token: 68d0df9d40c6247bbcc1a979:2ccdb1cc571b18fbf28d0179f6313002a32bb37f59bc21e858fcc9aec019452c4bd37012
[2020-08-05 10:52:40,774 WARNING Engine.Configuration] Please remember that YAML spec does not allow using tabs for indentation
[2020-08-05 10:52:40,774 DEBUG Engine.Configuration] Reading C:\Users\ap673362\.bzt-rc as YAML
[2020-08-05 10:52:40,778 DEBUG Engine.Configuration] Reading C:\Users\ap673362\AppData\Local\Temp\jmx_5imct_1i.json as YAML
[2020-08-05 10:52:40,778 DEBUG Engine.Configuration] Configs: ['C:\\Users\\ap673362\\.bzt-rc', 'C:\\Users\\ap673362\\AppData\\Local\\Temp\\jmx_5imct_1i.json']
[2020-08-05 10:52:40,779 DEBUG Engine.Configuration] Reading C:\Users\ap673362\.bzt-rc as YAML
[2020-08-05 10:52:40,782 DEBUG Engine.Configuration] Reading C:\Users\ap673362\AppData\Local\Temp\jmx_5imct_1i.json as YAML
[2020-08-05 10:52:40,784 DEBUG Engine] Requesting updates info: https://gettaurus.org/updates/?version=1.13.9&installID=windows-8d23e820b17
[2020-08-05 10:52:40,784 DEBUG HTTPClient] Making HTTP request GET https://gettaurus.org/updates/?version=1.13.9&installID=windows-8d23e820b17
[2020-08-05 10:52:40,784 DEBUG ConfigOverrider] Applying modules.blazemeter.test=FindFlights-FlightSearch3-Negative Functional Test
[2020-08-05 10:52:40,784 DEBUG ConfigOverrider] Applying: [test]=FindFlights-FlightSearch3-Negative Functional Test
[2020-08-05 10:52:40,784 DEBUG ConfigOverrider] Parsed override value: 'FindFlights-FlightSearch3-Negative Functional Test' -> 'FindFlights-FlightSearch3-Negative Functional Test' (<class 'str'>)
[2020-08-05 10:52:40,785 DEBUG ConfigOverrider] Applying modules.blazemeter.report-name=FindFlights-FlightSearch3-Negative Functional Test Report
[2020-08-05 10:52:40,785 DEBUG ConfigOverrider] Applying: [report-name]=FindFlights-FlightSearch3-Negative Functional Test Report
[2020-08-05 10:52:40,785 DEBUG ConfigOverrider] Parsed override value: 'FindFlights-FlightSearch3-Negative Functional Test Report' -> 'FindFlights-FlightSearch3-Negative Functional Test Report' (<class 'str'>)
[2020-08-05 10:52:40,785 INFO Engine] Artifacts dir: C:\Users\ap673362\MyDevProjects\jmx-examples\2020-08-05_10-52-40.785917
[2020-08-05 10:52:40,788 DEBUG urllib3.connectionpool] Starting new HTTPS connection (1): gettaurus.org:443
[2020-08-05 10:52:40,789 DEBUG Engine] New artifact filename: C:\Users\ap673362\MyDevProjects\jmx-examples\2020-08-05_10-52-40.785917\effective
[2020-08-05 10:52:40,790 DEBUG Engine.Configuration] Dumping YAML config into C:\Users\ap673362\MyDevProjects\jmx-examples\2020-08-05_10-52-40.785917\effective.yml
[2020-08-05 10:52:40,805 DEBUG Engine.Configuration] Dumping JSON config into C:\Users\ap673362\MyDevProjects\jmx-examples\2020-08-05_10-52-40.785917\effective.json
[2020-08-05 10:52:40,806 DEBUG Engine] New artifact filename: C:\Users\ap673362\MyDevProjects\jmx-examples\2020-08-05_10-52-40.785917\merged.yml
[2020-08-05 10:52:40,807 DEBUG Engine.Configuration] Dumping YAML config into C:\Users\ap673362\MyDevProjects\jmx-examples\2020-08-05_10-52-40.785917\merged.yml
[2020-08-05 10:52:40,808 DEBUG Engine] New artifact filename: C:\Users\ap673362\MyDevProjects\jmx-examples\2020-08-05_10-52-40.785917\merged.json
[2020-08-05 10:52:40,809 DEBUG Engine.Configuration] Dumping JSON config into C:\Users\ap673362\MyDevProjects\jmx-examples\2020-08-05_10-52-40.785917\merged.json
[2020-08-05 10:52:40,809 DEBUG Engine] Add existing artifact (move=False): C:\Users\ap673362\AppData\Local\Temp\jmx_5imct_1i.json
[2020-08-05 10:52:40,809 DEBUG Engine] Copying C:\Users\ap673362\AppData\Local\Temp\jmx_5imct_1i.json to C:\Users\ap673362\MyDevProjects\jmx-examples\2020-08-05_10-52-40.785917\jmx_5imct_1i.json
[2020-08-05 10:52:40,812 DEBUG root] Closing log handler: C:\Users\ap673362\AppData\Local\Temp\bzt_ukf7wbtx.log
[2020-08-05 10:52:40,814 DEBUG root] Switched writing logs to C:\Users\ap673362\MyDevProjects\jmx-examples\2020-08-05_10-52-40.785917\bzt.log
[2020-08-05 10:52:40,815 DEBUG root] Linting config
[2020-08-05 10:52:40,817 INFO Engine] Preparing...
[2020-08-05 10:52:40,819 DEBUG Engine] Module config: functional-consolidator {'class': 'bzt.modules.functional.FunctionalAggregator'}
[2020-08-05 10:52:40,819 DEBUG root] Importing module: bzt.modules.functional
[2020-08-05 10:52:41,301 DEBUG root] Loading class: 'FunctionalAggregator' from <module 'bzt.modules.functional' from 'C:\\Users\\ap673362\\AppData\\Local\\Taurus\\pkgs\\bzt\\modules\\functional.py'>
[2020-08-05 10:52:41,301 DEBUG Engine] Module config: monitoring {'class': 'bzt.modules.monitoring.Monitoring'}
[2020-08-05 10:52:41,301 DEBUG root] Importing module: bzt.modules.monitoring
[2020-08-05 10:52:41,304 DEBUG root] Loading class: 'Monitoring' from <module 'bzt.modules.monitoring' from 'C:\\Users\\ap673362\\AppData\\Local\\Taurus\\pkgs\\bzt\\modules\\monitoring.py'>
[2020-08-05 10:52:41,304 DEBUG Engine] Module config: cloud {'class': 'bzt.modules.blazemeter.CloudProvisioning', 'default-location': 'us-central1-a', 'token': '********', 'account': 'SE Demo', 'workspace': 'Alex P', 'project': 'Taurus Sandbox', 'detach': True}
[2020-08-05 10:52:41,304 DEBUG root] Importing module: bzt.modules.blazemeter
[2020-08-05 10:52:41,325 DEBUG root] Loading class: 'CloudProvisioning' from <module 'bzt.modules.blazemeter' from 'C:\\Users\\ap673362\\AppData\\Local\\Taurus\\pkgs\\bzt\\modules\\blazemeter.py'>
[2020-08-05 10:52:41,326 DEBUG Engine] Module config: blazemeter {'class': 'bzt.modules.blazemeter.BlazeMeterUploader', 'test': 'FindFlights-FlightSearch3-Negative Functional Test', 'report-name': 'FindFlights-FlightSearch3-Negative Functional Test Report'}
[2020-08-05 10:52:41,326 DEBUG root] Importing module: bzt.modules.blazemeter
[2020-08-05 10:52:41,326 DEBUG root] Loading class: 'BlazeMeterUploader' from <module 'bzt.modules.blazemeter' from 'C:\\Users\\ap673362\\AppData\\Local\\Taurus\\pkgs\\bzt\\modules\\blazemeter.py'>
[2020-08-05 10:52:41,326 DEBUG Engine.cloud] Installing http client
[2020-08-05 10:52:41,326 DEBUG Engine.cloud] Request: GET https://a.blazemeter.com/api/v4/accounts None
[2020-08-05 10:52:41,326 DEBUG HTTPClient] Making HTTP request GET https://a.blazemeter.com/api/v4/accounts
[2020-08-05 10:52:41,328 DEBUG urllib3.connectionpool] Starting new HTTPS connection (1): a.blazemeter.com:443
[2020-08-05 10:52:41,751 DEBUG urllib3.connectionpool] https://gettaurus.org:443 "GET /updates/?version=1.13.9&installID=windows-8d23e820b17 HTTP/1.1" 200 39
[2020-08-05 10:52:41,751 DEBUG Engine] Taurus updates info: {'latest': '1.14.2', 'needsUpgrade': True}
[2020-08-05 10:52:41,752 WARNING Engine] There is newer version of Taurus 1.14.2 available, consider upgrading. What's new: http://gettaurus.org/docs/Changelog/
[2020-08-05 10:52:41,777 DEBUG urllib3.connectionpool] https://a.blazemeter.com:443 "GET /api/v4/accounts HTTP/1.1" 200 None
[2020-08-05 10:52:41,778 DEBUG Engine.cloud] Response [200]: {
    "limit": 10,
    "skip": 0,
    "total": 11,
    "hidden": 0,
    "api_version": 4,
    "error": null,
    "result": [
        {
            "id": 198931,
            "name": "Aetna",
            "thumbnailUrl": "",
            "salesforceId": "0010J
[2020-08-05 10:52:41,780 DEBUG Engine.cloud] Request: GET https://a.blazemeter.com/api/v4/workspaces?accountId=198931&enabled=true&limit=100 None
[2020-08-05 10:52:41,780 DEBUG HTTPClient] Making HTTP request GET https://a.blazemeter.com/api/v4/workspaces?accountId=198931&enabled=true&limit=100
[2020-08-05 10:52:41,933 DEBUG urllib3.connectionpool] https://a.blazemeter.com:443 "GET /api/v4/workspaces?accountId=198931&enabled=true&limit=100 HTTP/1.1" 200 None
[2020-08-05 10:52:41,937 DEBUG Engine.cloud] Response [200]: {
    "limit": 100,
    "skip": 0,
    "total": 41,
    "hidden": 0,
    "api_version": 4,
    "error": null,
    "result": [
        {
            "id": 456745,
            "name": " MITTESA_3318",
            "userId": 813259,
            "created": 1584
[2020-08-05 10:52:41,956 DEBUG Engine.cloud] Request: GET https://a.blazemeter.com/api/v4/workspaces?accountId=396052&enabled=true&limit=100 None
[2020-08-05 10:52:41,956 DEBUG HTTPClient] Making HTTP request GET https://a.blazemeter.com/api/v4/workspaces?accountId=396052&enabled=true&limit=100
[2020-08-05 10:52:42,113 DEBUG urllib3.connectionpool] https://a.blazemeter.com:443 "GET /api/v4/workspaces?accountId=396052&enabled=true&limit=100 HTTP/1.1" 200 None
[2020-08-05 10:52:42,114 DEBUG Engine.cloud] Response [200]: {
    "limit": 100,
    "skip": 0,
    "total": 9,
    "hidden": 0,
    "api_version": 4,
    "error": null,
    "result": [
        {
            "id": 393834,
            "name": "COE",
            "userId": 490771,
            "created": 1574364228,
   
[2020-08-05 10:52:42,115 DEBUG Engine.cloud] Request: GET https://a.blazemeter.com/api/v4/workspaces?accountId=514413&enabled=true&limit=100 None
[2020-08-05 10:52:42,115 DEBUG HTTPClient] Making HTTP request GET https://a.blazemeter.com/api/v4/workspaces?accountId=514413&enabled=true&limit=100
[2020-08-05 10:52:42,274 DEBUG urllib3.connectionpool] https://a.blazemeter.com:443 "GET /api/v4/workspaces?accountId=514413&enabled=true&limit=100 HTTP/1.1" 200 None
[2020-08-05 10:52:42,274 DEBUG Engine.cloud] Response [200]: {
    "limit": 100,
    "skip": 0,
    "total": 2,
    "hidden": 0,
    "api_version": 4,
    "error": null,
    "result": [
        {
            "id": 517389,
            "name": "Default Workspace",
            "userId": 498178,
            "created": 1
[2020-08-05 10:52:42,274 DEBUG Engine.cloud] Request: GET https://a.blazemeter.com/api/v4/workspaces?accountId=516088&enabled=true&limit=100 None
[2020-08-05 10:52:42,274 DEBUG HTTPClient] Making HTTP request GET https://a.blazemeter.com/api/v4/workspaces?accountId=516088&enabled=true&limit=100
[2020-08-05 10:52:42,435 DEBUG urllib3.connectionpool] https://a.blazemeter.com:443 "GET /api/v4/workspaces?accountId=516088&enabled=true&limit=100 HTTP/1.1" 200 None
[2020-08-05 10:52:42,436 DEBUG Engine.cloud] Response [200]: {
    "limit": 100,
    "skip": 0,
    "total": 1,
    "hidden": 0,
    "api_version": 4,
    "error": null,
    "result": [
        {
            "id": 517695,
            "name": "BlazeMeter Training",
            "userId": 949383,
            "created":
[2020-08-05 10:52:42,436 DEBUG Engine.cloud] Request: GET https://a.blazemeter.com/api/v4/workspaces?accountId=118272&enabled=true&limit=100 None
[2020-08-05 10:52:42,436 DEBUG HTTPClient] Making HTTP request GET https://a.blazemeter.com/api/v4/workspaces?accountId=118272&enabled=true&limit=100
[2020-08-05 10:52:42,594 DEBUG urllib3.connectionpool] https://a.blazemeter.com:443 "GET /api/v4/workspaces?accountId=118272&enabled=true&limit=100 HTTP/1.1" 200 None
[2020-08-05 10:52:42,595 DEBUG Engine.cloud] Response [200]: {
    "limit": 100,
    "skip": 0,
    "total": 1,
    "hidden": 0,
    "api_version": 4,
    "error": null,
    "result": [
        {
            "id": 23365,
            "name": "Broadcom Workspace Playground",
            "userId": 323888,
            "
[2020-08-05 10:52:42,596 DEBUG Engine.cloud] Request: GET https://a.blazemeter.com/api/v4/workspaces?accountId=120238&enabled=true&limit=100 None
[2020-08-05 10:52:42,596 DEBUG HTTPClient] Making HTTP request GET https://a.blazemeter.com/api/v4/workspaces?accountId=120238&enabled=true&limit=100
[2020-08-05 10:52:42,757 DEBUG urllib3.connectionpool] https://a.blazemeter.com:443 "GET /api/v4/workspaces?accountId=120238&enabled=true&limit=100 HTTP/1.1" 200 None
[2020-08-05 10:52:42,796 DEBUG Engine.cloud] Response [200]: {
    "limit": 100,
    "skip": 0,
    "total": 65,
    "hidden": 0,
    "api_version": 4,
    "error": null,
    "result": [
        {
            "id": 213328,
            "name": "API Management - Presales UKI",
            "userId": 341848,
           
[2020-08-05 10:52:42,804 DEBUG Engine.cloud] Request: GET https://a.blazemeter.com/api/v4/workspaces?accountId=132907&enabled=true&limit=100 None
[2020-08-05 10:52:42,804 DEBUG HTTPClient] Making HTTP request GET https://a.blazemeter.com/api/v4/workspaces?accountId=132907&enabled=true&limit=100
[2020-08-05 10:52:42,952 DEBUG urllib3.connectionpool] https://a.blazemeter.com:443 "GET /api/v4/workspaces?accountId=132907&enabled=true&limit=100 HTTP/1.1" 200 None
[2020-08-05 10:52:42,953 DEBUG Engine.cloud] Response [200]: {
    "limit": 100,
    "skip": 0,
    "total": 1,
    "hidden": 0,
    "api_version": 4,
    "error": null,
    "result": [
        {
            "id": 366515,
            "name": "Online Banking",
            "userId": 347316,
            "created": 1568
[2020-08-05 10:52:42,953 DEBUG Engine.cloud] Request: GET https://a.blazemeter.com/api/v4/workspaces?accountId=302781&enabled=true&limit=100 None
[2020-08-05 10:52:42,953 DEBUG HTTPClient] Making HTTP request GET https://a.blazemeter.com/api/v4/workspaces?accountId=302781&enabled=true&limit=100
[2020-08-05 10:52:43,109 DEBUG urllib3.connectionpool] https://a.blazemeter.com:443 "GET /api/v4/workspaces?accountId=302781&enabled=true&limit=100 HTTP/1.1" 200 None
[2020-08-05 10:52:43,110 DEBUG Engine.cloud] Response [200]: {
    "limit": 100,
    "skip": 0,
    "total": 1,
    "hidden": 0,
    "api_version": 4,
    "error": null,
    "result": [
        {
            "id": 485240,
            "name": "AlexP",
            "userId": 380559,
            "created": 1587093542,
 
[2020-08-05 10:52:43,110 DEBUG Engine.cloud] Request: GET https://a.blazemeter.com/api/v4/workspaces?accountId=185664&enabled=true&limit=100 None
[2020-08-05 10:52:43,110 DEBUG HTTPClient] Making HTTP request GET https://a.blazemeter.com/api/v4/workspaces?accountId=185664&enabled=true&limit=100
[2020-08-05 10:52:43,269 DEBUG urllib3.connectionpool] https://a.blazemeter.com:443 "GET /api/v4/workspaces?accountId=185664&enabled=true&limit=100 HTTP/1.1" 200 None
[2020-08-05 10:52:43,270 DEBUG Engine.cloud] Response [200]: {
    "limit": 100,
    "skip": 0,
    "total": 1,
    "hidden": 0,
    "api_version": 4,
    "error": null,
    "result": [
        {
            "id": 386790,
            "name": "Mainframe",
            "userId": 402244,
            "created": 157308064
[2020-08-05 10:52:43,271 DEBUG Engine.cloud] Request: GET https://a.blazemeter.com/api/v4/workspaces?accountId=291446&enabled=true&limit=100 None
[2020-08-05 10:52:43,271 DEBUG HTTPClient] Making HTTP request GET https://a.blazemeter.com/api/v4/workspaces?accountId=291446&enabled=true&limit=100
[2020-08-05 10:52:43,426 DEBUG urllib3.connectionpool] https://a.blazemeter.com:443 "GET /api/v4/workspaces?accountId=291446&enabled=true&limit=100 HTTP/1.1" 200 None
[2020-08-05 10:52:43,465 DEBUG Engine.cloud] Response [200]: {
    "limit": 100,
    "skip": 0,
    "total": 127,
    "hidden": 0,
    "api_version": 4,
    "error": null,
    "result": [
        {
            "id": 286101,
            "name": ".Demo Workspace",
            "userId": 515264,
            "created": 1
[2020-08-05 10:52:43,475 DEBUG Engine] Module config: jmeter {'class': 'bzt.modules.jmeter.JMeterExecutor', 'protocol-handlers': {'http': 'bzt.jmx.http.HTTPProtocolHandler'}, 'plugins': ['jpgc-casutg', 'jpgc-dummy', 'jpgc-ffw', 'jpgc-fifo', 'jpgc-functions', 'jpgc-json', 'jpgc-perfmon', 'jpgc-prmctl', 'jpgc-tst'], 'properties': {'jmeter.save.saveservice.autoflush': 'true', 'jmeter.save.saveservice.connect_time': 'true', 'jmeterengine.force.system.exit': 'true', 'summariser.name': ''}}
[2020-08-05 10:52:43,476 DEBUG root] Importing module: bzt.modules.jmeter
[2020-08-05 10:52:43,492 DEBUG root] Loading class: 'JMeterExecutor' from <module 'bzt.modules.jmeter' from 'C:\\Users\\ap673362\\AppData\\Local\\Taurus\\pkgs\\bzt\\modules\\jmeter.py'>
[2020-08-05 10:52:43,492 DEBUG Engine.cloud.ProjectFinder] Parsed test link: None
[2020-08-05 10:52:43,492 DEBUG Engine.cloud] Request: GET https://a.blazemeter.com/api/v4/accounts None
[2020-08-05 10:52:43,492 DEBUG HTTPClient] Making HTTP request GET https://a.blazemeter.com/api/v4/accounts
[2020-08-05 10:52:43,782 DEBUG urllib3.connectionpool] https://a.blazemeter.com:443 "GET /api/v4/accounts HTTP/1.1" 200 None
[2020-08-05 10:52:43,785 DEBUG Engine.cloud] Response [200]: {
    "limit": 10,
    "skip": 0,
    "total": 11,
    "hidden": 0,
    "api_version": 4,
    "error": null,
    "result": [
        {
            "id": 198931,
            "name": "Aetna",
            "thumbnailUrl": "",
            "salesforceId": "0010J
[2020-08-05 10:52:43,785 DEBUG Engine.cloud] Request: GET https://a.blazemeter.com/api/v4/workspaces?accountId=291446&enabled=true&limit=100 None
[2020-08-05 10:52:43,786 DEBUG HTTPClient] Making HTTP request GET https://a.blazemeter.com/api/v4/workspaces?accountId=291446&enabled=true&limit=100
[2020-08-05 10:52:43,935 DEBUG urllib3.connectionpool] https://a.blazemeter.com:443 "GET /api/v4/workspaces?accountId=291446&enabled=true&limit=100 HTTP/1.1" 200 None
[2020-08-05 10:52:43,976 DEBUG Engine.cloud] Response [200]: {
    "limit": 100,
    "skip": 0,
    "total": 127,
    "hidden": 0,
    "api_version": 4,
    "error": null,
    "result": [
        {
            "id": 286101,
            "name": ".Demo Workspace",
            "userId": 515264,
            "created": 1
[2020-08-05 10:52:43,977 DEBUG Engine.cloud] Request: GET https://a.blazemeter.com/api/v4/projects?workspaceId=348658&name=Taurus+Sandbox None
[2020-08-05 10:52:43,977 DEBUG HTTPClient] Making HTTP request GET https://a.blazemeter.com/api/v4/projects?workspaceId=348658&name=Taurus+Sandbox
[2020-08-05 10:52:44,155 DEBUG urllib3.connectionpool] https://a.blazemeter.com:443 "GET /api/v4/projects?workspaceId=348658&name=Taurus+Sandbox HTTP/1.1" 200 None
[2020-08-05 10:52:44,155 DEBUG Engine.cloud] Response [200]: {
    "limit": 10,
    "skip": 0,
    "total": 1,
    "hidden": 0,
    "api_version": 4,
    "error": null,
    "result": [
        {
            "id": 475158,
            "name": "Taurus Sandbox",
            "userId": 490771,
            "description": "
[2020-08-05 10:52:44,156 DEBUG Engine.cloud] Request: GET https://a.blazemeter.com/api/v4/multi-tests?projectId=475158&name=FindFlights-FlightSearch3-Negative+Functional+Test None
[2020-08-05 10:52:44,156 DEBUG HTTPClient] Making HTTP request GET https://a.blazemeter.com/api/v4/multi-tests?projectId=475158&name=FindFlights-FlightSearch3-Negative+Functional+Test
[2020-08-05 10:52:44,314 DEBUG urllib3.connectionpool] https://a.blazemeter.com:443 "GET /api/v4/multi-tests?projectId=475158&name=FindFlights-FlightSearch3-Negative+Functional+Test HTTP/1.1" 200 161
[2020-08-05 10:52:44,315 DEBUG Engine.cloud] Response [200]: {
    "limit": 10,
    "skip": 0,
    "total": 0,
    "hidden": 0,
    "api_version": 4,
    "error": null,
    "result": [],
    "request_id": "5f2ac7bc431c8"
}
[2020-08-05 10:52:44,315 DEBUG Engine.cloud] Request: GET https://a.blazemeter.com/api/v4/tests?projectId=475158&name=FindFlights-FlightSearch3-Negative+Functional+Test None
[2020-08-05 10:52:44,315 DEBUG HTTPClient] Making HTTP request GET https://a.blazemeter.com/api/v4/tests?projectId=475158&name=FindFlights-FlightSearch3-Negative+Functional+Test
[2020-08-05 10:52:44,465 DEBUG urllib3.connectionpool] https://a.blazemeter.com:443 "GET /api/v4/tests?projectId=475158&name=FindFlights-FlightSearch3-Negative+Functional+Test HTTP/1.1" 200 None
[2020-08-05 10:52:44,465 DEBUG Engine.cloud] Response [200]: {
    "limit": 10,
    "skip": 0,
    "total": 1,
    "hidden": 0,
    "api_version": 4,
    "error": null,
    "result": [
        {
            "id": 8350631,
            "name": "FindFlights-FlightSearch3-Negative Functional Test",
            "isNewTes
[2020-08-05 10:52:44,466 DEBUG Engine.cloud.ProjectFinder] Detected test type: standard
[2020-08-05 10:52:44,466 DEBUG Engine.cloud] Request: GET https://a.blazemeter.com/api/v4/workspaces/348658 None
[2020-08-05 10:52:44,466 DEBUG HTTPClient] Making HTTP request GET https://a.blazemeter.com/api/v4/workspaces/348658
[2020-08-05 10:52:44,691 DEBUG urllib3.connectionpool] https://a.blazemeter.com:443 "GET /api/v4/workspaces/348658 HTTP/1.1" 200 None
[2020-08-05 10:52:44,731 DEBUG Engine.cloud] Response [200]: {
    "api_version": 4,
    "error": null,
    "result": {
        "id": 348658,
        "name": "Alex P",
        "userId": 407077,
        "created": 1564611502,
        "updated": 1593186922,
        "enabled": true,
        "dedicatedIpsEnabled": true,
[2020-08-05 10:52:44,742 DEBUG Engine.jmeter] Extract {'script': 'find-flights/FindFlights-FlightSearch3-Negative.jmx'} into scenarios
[2020-08-05 10:52:44,745 DEBUG Engine.cloud] All resource files are: ['C:\\Users\\ap673362\\MyDevProjects\\jmx-examples\\find-flights\\FindFlights-FlightSearch3-Negative.jmx']
[2020-08-05 10:52:44,745 DEBUG Engine.cloud] Replace file names in config: ['C:\\Users\\ap673362\\MyDevProjects\\jmx-examples\\find-flights\\FindFlights-FlightSearch3-Negative.jmx'] with ['FindFlights-FlightSearch3-Negative.jmx']
[2020-08-05 10:52:44,746 DEBUG Engine.cloud] Replaced C:\Users\ap673362\MyDevProjects\jmx-examples\find-flights\FindFlights-FlightSearch3-Negative.jmx with FindFlights-FlightSearch3-Negative.jmx
[2020-08-05 10:52:44,747 DEBUG Engine] New artifact filename: C:\Users\ap673362\MyDevProjects\jmx-examples\2020-08-05_10-52-40.785917\cloud
[2020-08-05 10:52:44,748 DEBUG root] Dumping YAML config into C:\Users\ap673362\MyDevProjects\jmx-examples\2020-08-05_10-52-40.785917\cloud.yml
[2020-08-05 10:52:44,753 DEBUG root] Dumping JSON config into C:\Users\ap673362\MyDevProjects\jmx-examples\2020-08-05_10-52-40.785917\cloud.json
[2020-08-05 10:52:44,753 DEBUG Engine.cloud] Request: GET https://a.blazemeter.com/api/v4/web/elfinder/8350631?cmd=open&target=s1_Lw None
[2020-08-05 10:52:44,753 DEBUG HTTPClient] Making HTTP request GET https://a.blazemeter.com/api/v4/web/elfinder/8350631?cmd=open&target=s1_Lw
[2020-08-05 10:52:45,940 DEBUG urllib3.connectionpool] https://a.blazemeter.com:443 "GET /api/v4/web/elfinder/8350631?cmd=open&target=s1_Lw HTTP/1.1" 200 None
[2020-08-05 10:52:45,943 DEBUG Engine.cloud] Response [200]: {"cwd":{"name":"data","size":0,"mime":"directory","read":1,"write":1,"parent_id":"users","hash":"s1_Lw","rootRev":"","options":{"path":"","url":"","tmbUrl":"self","disabled":["mkdir","archive","zipdl","extract","chmod"],"separator":"\/","copyOverwrite":1,"
[2020-08-05 10:52:45,943 DEBUG Engine.cloud] Test files: ['FindFlights-FlightSearch3-Negative.jmx', 'taurus.yml']
[2020-08-05 10:52:45,944 DEBUG Engine.cloud] Request: GET https://a.blazemeter.com/api/v4/web/elfinder/8350631?cmd=rm&targets[]=s1_RmluZEZsaWdodHMtRmxpZ2h0U2VhcmNoMy1OZWdhdGl2ZS5qbXg&targets[]=s1_dGF1cnVzLnltbA None
[2020-08-05 10:52:45,944 DEBUG HTTPClient] Making HTTP request GET https://a.blazemeter.com/api/v4/web/elfinder/8350631?cmd=rm&targets[]=s1_RmluZEZsaWdodHMtRmxpZ2h0U2VhcmNoMy1OZWdhdGl2ZS5qbXg&targets[]=s1_dGF1cnVzLnltbA
[2020-08-05 10:52:47,601 DEBUG urllib3.connectionpool] https://a.blazemeter.com:443 "GET /api/v4/web/elfinder/8350631?cmd=rm&targets%5B%5D=s1_RmluZEZsaWdodHMtRmxpZ2h0U2VhcmNoMy1OZWdhdGl2ZS5qbXg&targets%5B%5D=s1_dGF1cnVzLnltbA HTTP/1.1" 200 None
[2020-08-05 10:52:47,603 DEBUG Engine.cloud] Response [200]: {"removed":["s1_RmluZEZsaWdodHMtRmxpZ2h0U2VhcmNoMy1OZWdhdGl2ZS5qbXg","s1_dGF1cnVzLnltbA"],"changed":[{"name":"data","size":0,"mime":"directory","read":1,"write":1,"parent_id":"users","hash":"s1_Lw","rootRev":"","options":{"path":"","url":"","tmbUrl":"self"
[2020-08-05 10:52:47,603 DEBUG Engine.cloud] Successfully deleted 2 test files
[2020-08-05 10:52:47,607 DEBUG Engine.cloud] Uploading files into the test: ['C:\\Users\\ap673362\\MyDevProjects\\jmx-examples\\find-flights\\FindFlights-FlightSearch3-Negative.jmx']
[2020-08-05 10:52:47,608 DEBUG Engine.cloud] Request: POST https://a.blazemeter.com/api/v4/tests/8350631/files b'--===============0965423444079296247==\r\nContent-Disposition: file; name="script"; filename="taurus.yml"\r\nContent-Type: application/octet-stream\r\n\r\n---\nexecution:\n- executor: jmeter\n  locations:\n    us-central1-a: 1\n  scenario: FindFlights-FlightSearch3-Neg'
[2020-08-05 10:52:47,608 DEBUG HTTPClient] Making HTTP request POST https://a.blazemeter.com/api/v4/tests/8350631/files
[2020-08-05 10:52:49,392 DEBUG urllib3.connectionpool] https://a.blazemeter.com:443 "POST /api/v4/tests/8350631/files HTTP/1.1" 201 1309
[2020-08-05 10:52:49,393 DEBUG Engine.cloud] Response [201]: {
    "api_version": 4,
    "error": null,
    "result": {
        "id": 8350631,
        "isNewTest": true,
        "lastRunTime": 1596639070,
        "name": "FindFlights-FlightSearch3-Negative Functional Test",
        "userId": 490771,
        "creator
[2020-08-05 10:52:49,393 DEBUG Engine.cloud] Request: PATCH https://a.blazemeter.com/api/v4/tests/8350631 {
 "configuration": {
  "executionType": null
 }
}
[2020-08-05 10:52:49,393 DEBUG HTTPClient] Making HTTP request PATCH https://a.blazemeter.com/api/v4/tests/8350631
[2020-08-05 10:52:49,970 DEBUG urllib3.connectionpool] https://a.blazemeter.com:443 "PATCH /api/v4/tests/8350631 HTTP/1.1" 200 None
[2020-08-05 10:52:49,971 DEBUG Engine.cloud] Response [200]: {
    "api_version": 4,
    "error": null,
    "result": {
        "id": 8350631,
        "isNewTest": true,
        "lastRunTime": 1596639070,
        "name": "FindFlights-FlightSearch3-Negative Functional Test",
        "userId": 490771,
        "creator
[2020-08-05 10:52:49,971 DEBUG Engine.cloud] Request: PATCH https://a.blazemeter.com/api/v4/tests/8350631 {
 "shouldSendReportEmail": false
}
[2020-08-05 10:52:49,971 DEBUG HTTPClient] Making HTTP request PATCH https://a.blazemeter.com/api/v4/tests/8350631
[2020-08-05 10:52:50,363 DEBUG urllib3.connectionpool] https://a.blazemeter.com:443 "PATCH /api/v4/tests/8350631 HTTP/1.1" 200 None
[2020-08-05 10:52:50,364 DEBUG Engine.cloud] Response [200]: {
    "api_version": 4,
    "error": null,
    "result": {
        "id": 8350631,
        "isNewTest": true,
        "lastRunTime": 1596639070,
        "name": "FindFlights-FlightSearch3-Negative Functional Test",
        "userId": 490771,
        "creator
[2020-08-05 10:52:50,364 DEBUG Engine] Module config: final-stats {'class': 'bzt.modules.reporting.FinalStatus'}
[2020-08-05 10:52:50,364 DEBUG root] Importing module: bzt.modules.reporting
[2020-08-05 10:52:50,365 DEBUG root] Loading class: 'FinalStatus' from <module 'bzt.modules.reporting' from 'C:\\Users\\ap673362\\AppData\\Local\\Taurus\\pkgs\\bzt\\modules\\reporting.py'>
[2020-08-05 10:52:50,365 DEBUG Engine] Module config: console {'class': 'bzt.modules.console.ConsoleStatusReporter', 'disable': True}
[2020-08-05 10:52:50,365 DEBUG root] Importing module: bzt.modules.console
[2020-08-05 10:52:50,365 DEBUG root] Loading class: 'ConsoleStatusReporter' from <module 'bzt.modules.console' from 'C:\\Users\\ap673362\\AppData\\Local\\Taurus\\pkgs\\bzt\\modules\\console.py'>
[2020-08-05 10:52:50,367 DEBUG Engine.Configuration] Dumping YAML config into C:\Users\ap673362\MyDevProjects\jmx-examples\2020-08-05_10-52-40.785917\effective.yml
[2020-08-05 10:52:50,380 DEBUG Engine.Configuration] Dumping JSON config into C:\Users\ap673362\MyDevProjects\jmx-examples\2020-08-05_10-52-40.785917\effective.json
[2020-08-05 10:52:50,381 INFO Engine] Starting...
[2020-08-05 10:52:50,382 DEBUG Engine] Startup <bzt.modules.monitoring.Monitoring object at 0x000001CAF9F065F8>
[2020-08-05 10:52:50,382 DEBUG Engine] Startup <bzt.modules.functional.FunctionalAggregator object at 0x000001CADBC13B70>
[2020-08-05 10:52:50,383 DEBUG Engine] Startup <bzt.modules.reporting.FinalStatus object at 0x000001CAFA32DDD8>
[2020-08-05 10:52:50,383 DEBUG Engine] Startup <bzt.modules.console.ConsoleStatusReporter object at 0x000001CADBC17588>
[2020-08-05 10:52:50,383 INFO Engine.console] Waiting for results...
[2020-08-05 10:52:50,384 DEBUG Engine] Startup <bzt.modules.blazemeter.CloudProvisioning object at 0x000001CADB616390>
[2020-08-05 10:52:50,384 INFO Engine.cloud.ProjectFinder.CloudTaurusTest] Initiating cloud test with https://a.blazemeter.com ...
[2020-08-05 10:52:50,386 DEBUG Engine.cloud] Request: POST https://a.blazemeter.com/api/v4/tests/8350631/start?functionalExecution=true None
[2020-08-05 10:52:50,386 DEBUG HTTPClient] Making HTTP request POST https://a.blazemeter.com/api/v4/tests/8350631/start?functionalExecution=true
[2020-08-05 10:52:55,250 DEBUG urllib3.connectionpool] https://a.blazemeter.com:443 "POST /api/v4/tests/8350631/start?functionalExecution=true HTTP/1.1" 202 3444
[2020-08-05 10:52:55,251 DEBUG Engine.cloud] Response [202]: {
    "api_version": 4,
    "error": null,
    "result": {
        "id": 30303032,
        "name": "FindFlights-FlightSearch3-Negative Functional Test",
        "userId": 490771,
        "publicToken": null,
        "ended": null,
        "lastUpdate": nul
[2020-08-05 10:52:55,251 INFO Engine.cloud] Started cloud test: https://a.blazemeter.com/app/#/masters/30303032
[2020-08-05 10:52:55,411 DEBUG Engine.cloud] Request: PATCH https://a.blazemeter.com/api/v4/masters/30303032 {
 "name": "FindFlights-FlightSearch3-Negative Functional Test Report"
}
[2020-08-05 10:52:55,411 DEBUG HTTPClient] Making HTTP request PATCH https://a.blazemeter.com/api/v4/masters/30303032
[2020-08-05 10:52:55,598 DEBUG urllib3.connectionpool] https://a.blazemeter.com:443 "PATCH /api/v4/masters/30303032 HTTP/1.1" 200 None
[2020-08-05 10:52:55,600 DEBUG Engine.cloud] Response [200]: {
    "api_version": 4,
    "error": null,
    "result": {
        "id": 30303032,
        "name": "FindFlights-FlightSearch3-Negative Functional Test Report",
        "userId": 490771,
        "delayedStartReady": false,
        "runnerUserId": 490771,
  
[2020-08-05 10:52:55,604 DEBUG Engine.Configuration] Dumping YAML config into C:\Users\ap673362\MyDevProjects\jmx-examples\2020-08-05_10-52-40.785917\effective.yml
[2020-08-05 10:52:55,624 DEBUG Engine.Configuration] Dumping JSON config into C:\Users\ap673362\MyDevProjects\jmx-examples\2020-08-05_10-52-40.785917\effective.json
[2020-08-05 10:52:55,625 DEBUG root] Leveling down log file verbosity to INFO, use -v option to have DEBUG messages enabled
[2020-08-05 10:52:55,625 WARNING Engine.cloud] Detaching Taurus from started test...
[2020-08-05 10:52:55,907 WARNING Engine] Please wait for graceful shutdown...
[2020-08-05 10:52:55,908 DEBUG root] Leveled up log file verbosity
[2020-08-05 10:52:55,908 INFO Engine] Shutting down...
[2020-08-05 10:52:55,909 DEBUG Engine] Current stop reason: None
[2020-08-05 10:52:55,910 DEBUG Engine.Configuration] Dumping YAML config into C:\Users\ap673362\MyDevProjects\jmx-examples\2020-08-05_10-52-40.785917\effective.yml
[2020-08-05 10:52:55,924 DEBUG Engine.Configuration] Dumping JSON config into C:\Users\ap673362\MyDevProjects\jmx-examples\2020-08-05_10-52-40.785917\effective.json
[2020-08-05 10:52:55,925 INFO Engine] Post-processing...
[2020-08-05 10:52:55,926 DEBUG Engine.cloud] Request: GET https://a.blazemeter.com/api/v4/masters/30303032/full None
[2020-08-05 10:52:55,926 DEBUG HTTPClient] Making HTTP request GET https://a.blazemeter.com/api/v4/masters/30303032/full
[2020-08-05 10:52:56,100 DEBUG urllib3.connectionpool] https://a.blazemeter.com:443 "GET /api/v4/masters/30303032/full HTTP/1.1" 200 None
[2020-08-05 10:52:56,101 DEBUG Engine.cloud] Response [200]: {
    "api_version": 4,
    "error": null,
    "result": {
        "id": 30303032,
        "name": "FindFlights-FlightSearch3-Negative Functional Test Report",
        "userId": 490771,
        "delayedStartReady": false,
        "runnerUserId": 490771,
  
[2020-08-05 10:52:56,101 DEBUG Engine] post_process: Cloud tests failed
[2020-08-05 10:52:56,102 INFO Engine.final-stats] Test duration: 0:00:05
[2020-08-05 10:52:56,102 DEBUG Engine.console] No logger_handler or orig_stream was detected
[2020-08-05 10:52:56,103 DEBUG Engine.Configuration] Dumping YAML config into C:\Users\ap673362\MyDevProjects\jmx-examples\2020-08-05_10-52-40.785917\effective.yml
[2020-08-05 10:52:56,120 DEBUG Engine.Configuration] Dumping JSON config into C:\Users\ap673362\MyDevProjects\jmx-examples\2020-08-05_10-52-40.785917\effective.json
[2020-08-05 10:52:56,121 WARNING root] Automated shutdown
[2020-08-05 10:52:56,126 DEBUG root] AutomatedShutdown: Cloud tests failed
  File "C:\Users\ap673362\AppData\Local\Taurus\pkgs\bzt\cli.py", line 266, in perform
    self.engine.post_process()
  File "C:\Users\ap673362\AppData\Local\Taurus\pkgs\bzt\engine\engine.py", line 333, in post_process
    reraise(exc_info, exc_value)
  File "C:\Users\ap673362\AppData\Local\Taurus\pkgs\bzt\six\py3.py", line 86, in reraise
    raise exc
  File "C:\Users\ap673362\AppData\Local\Taurus\pkgs\bzt\engine\engine.py", line 319, in post_process
    module.post_process()
  File "C:\Users\ap673362\AppData\Local\Taurus\pkgs\bzt\modules\blazemeter.py", line 1767, in post_process
    raise AutomatedShutdown("Cloud tests failed")
[2020-08-05 10:52:56,127 INFO root] Artifacts dir: C:\Users\ap673362\MyDevProjects\jmx-examples\2020-08-05_10-52-40.785917
[2020-08-05 10:52:56,128 WARNING root] Done performing with code: 3
[2020-08-05 10:52:56,128 DEBUG root] Closing log handler: C:\Users\ap673362\MyDevProjects\jmx-examples\2020-08-05_10-52-40.785917\bzt.log
