2020-08-03 17:29:59,208 INFO o.a.j.u.JMeterUtils: Setting Locale to en_EN
2020-08-03 17:29:59,218 INFO o.a.j.JMeter: Loading user properties from: C:\Applications\apache-jmeter-5.1.1\bin\user.properties
2020-08-03 17:29:59,219 INFO o.a.j.JMeter: Loading system properties from: C:\Applications\apache-jmeter-5.1.1\bin\system.properties
2020-08-03 17:29:59,223 INFO o.a.j.JMeter: Copyright (c) 1998-2019 The Apache Software Foundation
2020-08-03 17:29:59,223 INFO o.a.j.JMeter: Version 5.1.1 r1855137
2020-08-03 17:29:59,223 INFO o.a.j.JMeter: java.version=1.8.0_261
2020-08-03 17:29:59,223 INFO o.a.j.JMeter: java.vm.name=Java HotSpot(TM) 64-Bit Server VM
2020-08-03 17:29:59,223 INFO o.a.j.JMeter: os.name=Windows 10
2020-08-03 17:29:59,224 INFO o.a.j.JMeter: os.arch=amd64
2020-08-03 17:29:59,224 INFO o.a.j.JMeter: os.version=10.0
2020-08-03 17:29:59,224 INFO o.a.j.JMeter: file.encoding=Cp1252
2020-08-03 17:29:59,225 INFO o.a.j.JMeter: java.awt.headless=null
2020-08-03 17:29:59,225 INFO o.a.j.JMeter: Max memory     =1073741824
2020-08-03 17:29:59,225 INFO o.a.j.JMeter: Available Processors =16
2020-08-03 17:29:59,227 INFO o.a.j.JMeter: Default Locale=English (EN)
2020-08-03 17:29:59,228 INFO o.a.j.JMeter: JMeter  Locale=English (EN)
2020-08-03 17:29:59,228 INFO o.a.j.JMeter: JMeterHome=C:\Applications\apache-jmeter-5.1.1
2020-08-03 17:29:59,228 INFO o.a.j.JMeter: user.dir  =C:\Users\ap673362\MyDevProjects\jmx-examples\find-flights
2020-08-03 17:29:59,229 INFO o.a.j.JMeter: PWD       =C:\Users\ap673362\MyDevProjects\jmx-examples\find-flights
2020-08-03 17:29:59,231 INFO o.a.j.JMeter: IP: 192.168.1.11 Name: JL5Q1Z2 FullName: host.docker.internal
2020-08-03 17:29:59,384 INFO o.a.j.g.a.LookAndFeelCommand: Installing Darcula LAF
2020-08-03 17:29:59,395 INFO o.a.j.g.a.LookAndFeelCommand: Using look and feel: com.bulenkov.darcula.DarculaLaf [Darcula]
2020-08-03 17:29:59,396 INFO o.a.j.JMeter: Setting LAF to: com.bulenkov.darcula.DarculaLaf
2020-08-03 17:29:59,442 INFO o.a.j.JMeter: Loaded icon properties from org/apache/jmeter/images/icon.properties
2020-08-03 17:30:00,425 INFO o.a.j.JMeter: Loading file: FindFlights-FlightSearch1-Positive.jmx
2020-08-03 17:30:00,426 INFO o.a.j.s.FileServer: Default base='C:\Users\ap673362\MyDevProjects\jmx-examples\find-flights'
2020-08-03 17:30:00,427 INFO o.a.j.s.FileServer: Set new base='C:\Users\ap673362\MyDevProjects\jmx-examples\find-flights'
2020-08-03 17:30:00,538 INFO o.j.r.JARSourceHTTP: Found cached repo
2020-08-03 17:30:00,575 INFO o.a.j.s.SaveService: Testplan (JMX) version: 2.2. Testlog (JTL) version: 2.2
2020-08-03 17:30:00,581 INFO o.a.j.s.SaveService: Using SaveService properties file encoding UTF-8
2020-08-03 17:30:00,583 INFO o.a.j.s.SaveService: Using SaveService properties version 5.0
2020-08-03 17:30:00,586 INFO o.a.j.s.SaveService: Loading file: FindFlights-FlightSearch1-Positive.jmx
2020-08-03 17:30:00,701 INFO o.j.r.PluginManager: Plugins Status: [bzm-rte=2.2.1, blazemeter-debugger=0.6, jpgc-sense=3.5, jpgc-functions=2.1, jpgc-casutg=2.9, jpgc-dummy=0.4, jpgc-json=2.7, jpgc-plugins-manager=1.3, jmeter-core=5.1.1, jmeter-ftp=5.1.1, jmeter-http=5.1.1, jmeter-jdbc=5.1.1, jmeter-jms=5.1.1, jmeter-junit=5.1.1, jmeter-java=5.1.1, jmeter-ldap=5.1.1, jmeter-mail=5.1.1, jmeter-mongodb=5.1.1, jmeter-native=5.1.1, jmeter-tcp=5.1.1, jmeter-components=5.1.1]
2020-08-03 17:30:00,702 INFO o.j.r.PluginManagerMenuItem: Plugins Manager has upgrades: [bzm-rte, jpgc-plugins-manager]
2020-08-03 17:30:00,734 INFO o.a.j.p.h.c.CookieManager: Settings: Delete null: true Check: true Allow variable: true Save: false Prefix: COOKIE_
2020-08-03 17:30:00,736 INFO o.a.j.p.h.c.CacheManager: Will only cache the following methods: [GET]
2020-08-03 17:30:00,745 INFO o.a.j.p.h.s.HTTPSamplerBase: Parser for text/html is org.apache.jmeter.protocol.http.parser.LagartoBasedHtmlParser
2020-08-03 17:30:00,745 INFO o.a.j.p.h.s.HTTPSamplerBase: Parser for application/xhtml+xml is org.apache.jmeter.protocol.http.parser.LagartoBasedHtmlParser
2020-08-03 17:30:00,745 INFO o.a.j.p.h.s.HTTPSamplerBase: Parser for application/xml is org.apache.jmeter.protocol.http.parser.LagartoBasedHtmlParser
2020-08-03 17:30:00,746 INFO o.a.j.p.h.s.HTTPSamplerBase: Parser for text/xml is org.apache.jmeter.protocol.http.parser.LagartoBasedHtmlParser
2020-08-03 17:30:00,746 INFO o.a.j.p.h.s.HTTPSamplerBase: Parser for text/vnd.wap.wml is org.apache.jmeter.protocol.http.parser.RegexpHTMLParser
2020-08-03 17:30:00,746 INFO o.a.j.p.h.s.HTTPSamplerBase: Parser for text/css is org.apache.jmeter.protocol.http.parser.CssParser
2020-08-03 17:30:00,803 INFO o.a.j.s.FileServer: Set new base='C:\Users\ap673362\MyDevProjects\jmx-examples\find-flights'
2020-08-03 17:30:00,942 INFO o.a.j.s.SampleResult: Note: Sample TimeStamps are START times
2020-08-03 17:30:00,942 INFO o.a.j.s.SampleResult: sampleresult.default.encoding is set to ISO-8859-1
2020-08-03 17:30:00,942 INFO o.a.j.s.SampleResult: sampleresult.useNanoTime=true
2020-08-03 17:30:00,942 INFO o.a.j.s.SampleResult: sampleresult.nanoThreadSleep=5000
2020-08-03 17:30:02,979 INFO o.a.j.e.KeyToolUtils: keytool found at 'keytool'
2020-08-03 17:30:02,980 INFO o.a.j.p.h.p.ProxyControl: HTTP(S) Test Script Recorder SSL Proxy will use keys that support embedded 3rd party resources in file C:\Applications\apache-jmeter-5.1.1\bin\proxyserver.jks
2020-08-03 17:38:13,749 INFO o.a.j.e.StandardJMeterEngine: Running the test!
2020-08-03 17:38:13,750 INFO o.a.j.s.SampleEvent: List of sample_variables: []
2020-08-03 17:38:13,750 INFO o.a.j.s.SampleEvent: List of sample_variables: []
2020-08-03 17:38:13,751 INFO o.a.j.e.u.CompoundVariable: Note: Function class names must contain the string: '.functions.'
2020-08-03 17:38:13,751 INFO o.a.j.e.u.CompoundVariable: Note: Function class names must not contain the string: '.gui.'
2020-08-03 17:38:13,999 INFO o.a.j.g.u.JMeterMenuBar: setRunning(true, *local*)
2020-08-03 17:38:14,202 INFO o.a.j.e.StandardJMeterEngine: Starting ThreadGroup: 1 : Thread Group
2020-08-03 17:38:14,203 INFO o.a.j.e.StandardJMeterEngine: Starting 1 threads for group Thread Group.
2020-08-03 17:38:14,203 INFO o.a.j.e.StandardJMeterEngine: Thread will continue on error
2020-08-03 17:38:14,203 INFO o.a.j.t.ThreadGroup: Starting thread group... number=1 threads=1 ramp-up=1 delayedStart=false
2020-08-03 17:38:14,210 INFO o.a.j.t.ThreadGroup: Started thread group number 1
2020-08-03 17:38:14,210 INFO o.a.j.e.StandardJMeterEngine: All thread groups have been started
2020-08-03 17:38:14,215 INFO o.a.j.t.JMeterThread: Thread started: Thread Group 1-1
2020-08-03 17:38:14,227 INFO o.a.j.p.h.s.HTTPHCAbstractImpl: Local host = JL5Q1Z2
2020-08-03 17:38:14,233 INFO o.a.j.p.h.s.HTTPHC4Impl: HTTP request retry count = 0
2020-08-03 17:38:14,326 INFO o.a.j.p.h.s.h.LazyLayeredConnectionSocketFactory: Setting up HTTPS TrustAll Socket Factory
2020-08-03 17:38:14,328 INFO o.a.j.u.JsseSSLManager: Using default SSL protocol: TLS
2020-08-03 17:38:14,328 INFO o.a.j.u.JsseSSLManager: SSL session context: per-thread
2020-08-03 17:38:14,358 INFO o.a.j.u.SSLManager: JmeterKeyStore Location: keystores/trustStore.jks type JKS
2020-08-03 17:38:14,360 INFO o.a.j.u.SSLManager: KeyStore created OK
2020-08-03 17:38:14,360 WARN o.a.j.u.SSLManager: Keystore file not found, loading empty keystore
2020-08-03 17:38:29,997 INFO o.a.j.p.h.p.BaseParser: Created org.apache.jmeter.protocol.http.parser.LagartoBasedHtmlParser
2020-08-03 17:38:30,031 INFO o.a.j.p.h.s.ResourcesDownloader: Creating ResourcesDownloader with keepalive_inseconds : 60
2020-08-03 17:38:30,229 INFO o.a.j.p.h.p.BaseParser: Created org.apache.jmeter.protocol.http.parser.CssParser
2020-08-03 17:38:31,376 INFO o.a.j.t.JMeterThread: Thread is done: Thread Group 1-1
2020-08-03 17:38:31,376 INFO o.a.j.t.JMeterThread: Thread finished: Thread Group 1-1
2020-08-03 17:38:31,380 INFO o.a.j.e.StandardJMeterEngine: Notifying test listeners of end of test
2020-08-03 17:38:31,380 INFO o.a.j.g.u.JMeterMenuBar: setRunning(false, *local*)
2020-08-03 17:39:43,526 INFO o.a.j.e.StandardJMeterEngine: Running the test!
2020-08-03 17:39:43,526 INFO o.a.j.s.SampleEvent: List of sample_variables: []
2020-08-03 17:39:43,527 INFO o.a.j.g.u.JMeterMenuBar: setRunning(true, *local*)
2020-08-03 17:39:43,675 INFO o.a.j.e.StandardJMeterEngine: Starting ThreadGroup: 1 : Thread Group
2020-08-03 17:39:43,675 INFO o.a.j.e.StandardJMeterEngine: Starting 1 threads for group Thread Group.
2020-08-03 17:39:43,675 INFO o.a.j.e.StandardJMeterEngine: Thread will continue on error
2020-08-03 17:39:43,675 INFO o.a.j.t.ThreadGroup: Starting thread group... number=1 threads=1 ramp-up=1 delayedStart=false
2020-08-03 17:39:43,676 INFO o.a.j.t.ThreadGroup: Started thread group number 1
2020-08-03 17:39:43,676 INFO o.a.j.e.StandardJMeterEngine: All thread groups have been started
2020-08-03 17:39:43,677 INFO o.a.j.t.JMeterThread: Thread started: Thread Group 1-1
2020-08-03 17:39:46,047 INFO o.a.j.t.JMeterThread: Thread is done: Thread Group 1-1
2020-08-03 17:39:46,047 INFO o.a.j.t.JMeterThread: Thread finished: Thread Group 1-1
2020-08-03 17:39:46,049 INFO o.a.j.e.StandardJMeterEngine: Notifying test listeners of end of test
2020-08-03 17:39:46,049 INFO o.a.j.g.u.JMeterMenuBar: setRunning(false, *local*)
2020-08-03 17:40:51,388 INFO o.a.j.e.StandardJMeterEngine: Running the test!
2020-08-03 17:40:51,388 INFO o.a.j.s.SampleEvent: List of sample_variables: []
2020-08-03 17:40:51,390 INFO o.a.j.g.u.JMeterMenuBar: setRunning(true, *local*)
2020-08-03 17:40:51,400 INFO o.a.j.e.StandardJMeterEngine: Starting ThreadGroup: 1 : Thread Group
2020-08-03 17:40:51,402 INFO o.a.j.e.StandardJMeterEngine: Starting 1 threads for group Thread Group.
2020-08-03 17:40:51,402 INFO o.a.j.e.StandardJMeterEngine: Thread will continue on error
2020-08-03 17:40:51,403 INFO o.a.j.t.ThreadGroup: Starting thread group... number=1 threads=1 ramp-up=1 delayedStart=false
2020-08-03 17:40:51,404 INFO o.a.j.t.ThreadGroup: Started thread group number 1
2020-08-03 17:40:51,405 INFO o.a.j.e.StandardJMeterEngine: All thread groups have been started
2020-08-03 17:40:51,405 INFO o.a.j.t.JMeterThread: Thread started: Thread Group 1-1
2020-08-03 17:40:53,012 INFO o.a.j.t.JMeterThread: Thread is done: Thread Group 1-1
2020-08-03 17:40:53,012 INFO o.a.j.t.JMeterThread: Thread finished: Thread Group 1-1
2020-08-03 17:40:53,013 INFO o.a.j.e.StandardJMeterEngine: Notifying test listeners of end of test
2020-08-03 17:40:53,013 INFO o.a.j.g.u.JMeterMenuBar: setRunning(false, *local*)
2020-08-03 17:41:13,054 INFO o.a.j.e.StandardJMeterEngine: Running the test!
2020-08-03 17:41:13,054 INFO o.a.j.s.SampleEvent: List of sample_variables: []
2020-08-03 17:41:13,055 INFO o.a.j.g.u.JMeterMenuBar: setRunning(true, *local*)
2020-08-03 17:41:13,176 INFO o.a.j.e.StandardJMeterEngine: Starting ThreadGroup: 1 : Thread Group
2020-08-03 17:41:13,176 INFO o.a.j.e.StandardJMeterEngine: Starting 1 threads for group Thread Group.
2020-08-03 17:41:13,176 INFO o.a.j.e.StandardJMeterEngine: Thread will continue on error
2020-08-03 17:41:13,177 INFO o.a.j.t.ThreadGroup: Starting thread group... number=1 threads=1 ramp-up=1 delayedStart=false
2020-08-03 17:41:13,177 INFO o.a.j.t.ThreadGroup: Started thread group number 1
2020-08-03 17:41:13,177 INFO o.a.j.e.StandardJMeterEngine: All thread groups have been started
2020-08-03 17:41:13,178 INFO o.a.j.t.JMeterThread: Thread started: Thread Group 1-1
2020-08-03 17:41:13,919 INFO o.a.j.t.JMeterThread: Thread is done: Thread Group 1-1
2020-08-03 17:41:13,919 INFO o.a.j.t.JMeterThread: Thread finished: Thread Group 1-1
2020-08-03 17:41:13,919 INFO o.a.j.e.StandardJMeterEngine: Notifying test listeners of end of test
2020-08-03 17:41:13,919 INFO o.a.j.g.u.JMeterMenuBar: setRunning(false, *local*)
