[2020-08-05 10:53:15,145 INFO root] Taurus CLI Tool v1.13.9
[2020-08-05 10:53:15,147 DEBUG root] Command-line options: {'log': 'C:\\Users\\ap673362\\AppData\\Local\\Temp\\bzt_6etf0u4_.log', 'option': ['modules.blazemeter.test=FindFlights-FlightSearch-LoadTest Load Test', 'modules.blazemeter.report-name=FindFlights-FlightSearch-LoadTest Load Test Report'], 'quiet': None, 'verbose': None, 'no_system_configs': None, 'aliases': ['cloud', 'detach']}
[2020-08-05 10:53:15,147 DEBUG root] Python: CPython 3.6.5
[2020-08-05 10:53:15,147 DEBUG root] Rev: 43411c567cb83f1bf7e2da4690a98d46018389da; OS: uname_result(system='Windows', node='JL5Q1Z2', release='10', version='10.0.18362', machine='AMD64', processor='Intel64 Family 6 Model 158 Stepping 13, GenuineIntel')
[2020-08-05 10:53:15,149 INFO root] Starting with configs: ['find-flights/FindFlights-FlightSearch-LoadTest.yml']
[2020-08-05 10:53:15,151 DEBUG root] Using personal config: C:\Users\ap673362\.bzt-rc
[2020-08-05 10:53:15,151 INFO Engine] Configuring...
[2020-08-05 10:53:15,216 DEBUG Engine] Base configs list: ['C:\\Users\\ap673362\\AppData\\Local\\Taurus\\pkgs\\bzt\\resources/10-base-config.yml']
[2020-08-05 10:53:15,216 DEBUG Engine.Configuration] Configs: ['C:\\Users\\ap673362\\AppData\\Local\\Taurus\\pkgs\\bzt\\resources/10-base-config.yml']
[2020-08-05 10:53:15,217 DEBUG Engine.Configuration] Reading C:\Users\ap673362\AppData\Local\Taurus\pkgs\bzt\resources/10-base-config.yml as YAML
[2020-08-05 10:53:15,236 DEBUG Engine] User configs list: ['C:\\Users\\ap673362\\.bzt-rc', 'find-flights/FindFlights-FlightSearch-LoadTest.yml']
[2020-08-05 10:53:15,236 DEBUG Engine.Configuration] Configs: ['C:\\Users\\ap673362\\.bzt-rc', 'find-flights/FindFlights-FlightSearch-LoadTest.yml']
[2020-08-05 10:53:15,237 WARNING Engine.Configuration] Replaced leading tabs in file C:\Users\ap673362\.bzt-rc, line 36
[2020-08-05 10:53:15,238 WARNING Engine.Configuration] Line content is: token: 68d0df9d40c6247bbcc1a979:2ccdb1cc571b18fbf28d0179f6313002a32bb37f59bc21e858fcc9aec019452c4bd37012
[2020-08-05 10:53:15,239 WARNING Engine.Configuration] Please remember that YAML spec does not allow using tabs for indentation
[2020-08-05 10:53:15,239 DEBUG Engine.Configuration] Reading C:\Users\ap673362\.bzt-rc as YAML
[2020-08-05 10:53:15,244 DEBUG Engine.Configuration] Reading find-flights/FindFlights-FlightSearch-LoadTest.yml as YAML
[2020-08-05 10:53:15,246 DEBUG Engine.Configuration] Configs: ['C:\\Users\\ap673362\\.bzt-rc', 'find-flights/FindFlights-FlightSearch-LoadTest.yml']
[2020-08-05 10:53:15,246 DEBUG Engine.Configuration] Reading C:\Users\ap673362\.bzt-rc as YAML
[2020-08-05 10:53:15,250 DEBUG Engine.Configuration] Reading find-flights/FindFlights-FlightSearch-LoadTest.yml as YAML
[2020-08-05 10:53:15,252 DEBUG Engine] Requesting updates info: https://gettaurus.org/updates/?version=1.13.9&installID=windows-8d23e820b17
[2020-08-05 10:53:15,253 DEBUG HTTPClient] Making HTTP request GET https://gettaurus.org/updates/?version=1.13.9&installID=windows-8d23e820b17
[2020-08-05 10:53:15,253 DEBUG ConfigOverrider] Applying modules.blazemeter.test=FindFlights-FlightSearch-LoadTest Load Test
[2020-08-05 10:53:15,253 DEBUG ConfigOverrider] Applying: [test]=FindFlights-FlightSearch-LoadTest Load Test
[2020-08-05 10:53:15,253 DEBUG ConfigOverrider] Parsed override value: 'FindFlights-FlightSearch-LoadTest Load Test' -> 'FindFlights-FlightSearch-LoadTest Load Test' (<class 'str'>)
[2020-08-05 10:53:15,253 DEBUG ConfigOverrider] Applying modules.blazemeter.report-name=FindFlights-FlightSearch-LoadTest Load Test Report
[2020-08-05 10:53:15,253 DEBUG ConfigOverrider] Applying: [report-name]=FindFlights-FlightSearch-LoadTest Load Test Report
[2020-08-05 10:53:15,253 DEBUG ConfigOverrider] Parsed override value: 'FindFlights-FlightSearch-LoadTest Load Test Report' -> 'FindFlights-FlightSearch-LoadTest Load Test Report' (<class 'str'>)
[2020-08-05 10:53:15,253 INFO Engine] Artifacts dir: C:\Users\ap673362\MyDevProjects\jmx-examples\2020-08-05_10-53-15.253324
[2020-08-05 10:53:15,258 DEBUG urllib3.connectionpool] Starting new HTTPS connection (1): gettaurus.org:443
[2020-08-05 10:53:15,259 DEBUG Engine] New artifact filename: C:\Users\ap673362\MyDevProjects\jmx-examples\2020-08-05_10-53-15.253324\effective
[2020-08-05 10:53:15,261 DEBUG Engine.Configuration] Dumping YAML config into C:\Users\ap673362\MyDevProjects\jmx-examples\2020-08-05_10-53-15.253324\effective.yml
[2020-08-05 10:53:15,275 DEBUG Engine.Configuration] Dumping JSON config into C:\Users\ap673362\MyDevProjects\jmx-examples\2020-08-05_10-53-15.253324\effective.json
[2020-08-05 10:53:15,276 DEBUG Engine] New artifact filename: C:\Users\ap673362\MyDevProjects\jmx-examples\2020-08-05_10-53-15.253324\merged.yml
[2020-08-05 10:53:15,276 DEBUG Engine.Configuration] Dumping YAML config into C:\Users\ap673362\MyDevProjects\jmx-examples\2020-08-05_10-53-15.253324\merged.yml
[2020-08-05 10:53:15,278 DEBUG Engine] New artifact filename: C:\Users\ap673362\MyDevProjects\jmx-examples\2020-08-05_10-53-15.253324\merged.json
[2020-08-05 10:53:15,279 DEBUG Engine.Configuration] Dumping JSON config into C:\Users\ap673362\MyDevProjects\jmx-examples\2020-08-05_10-53-15.253324\merged.json
[2020-08-05 10:53:15,279 DEBUG Engine] Add existing artifact (move=False): find-flights/FindFlights-FlightSearch-LoadTest.yml
[2020-08-05 10:53:15,279 DEBUG Engine] Copying find-flights/FindFlights-FlightSearch-LoadTest.yml to C:\Users\ap673362\MyDevProjects\jmx-examples\2020-08-05_10-53-15.253324\FindFlights-FlightSearch-LoadTest.yml
[2020-08-05 10:53:15,282 DEBUG root] Closing log handler: C:\Users\ap673362\AppData\Local\Temp\bzt_6etf0u4_.log
[2020-08-05 10:53:15,285 DEBUG root] Switched writing logs to C:\Users\ap673362\MyDevProjects\jmx-examples\2020-08-05_10-53-15.253324\bzt.log
[2020-08-05 10:53:15,285 DEBUG root] Linting config
[2020-08-05 10:53:15,286 INFO Engine] Preparing...
[2020-08-05 10:53:15,288 DEBUG Engine] Module config: consolidator {'class': 'bzt.modules.aggregator.ConsolidatingAggregator'}
[2020-08-05 10:53:15,288 DEBUG root] Importing module: bzt.modules.aggregator
[2020-08-05 10:53:15,734 DEBUG root] Loading class: 'ConsolidatingAggregator' from <module 'bzt.modules.aggregator' from 'C:\\Users\\ap673362\\AppData\\Local\\Taurus\\pkgs\\bzt\\modules\\aggregator.py'>
[2020-08-05 10:53:15,734 DEBUG Engine.consolidator] Buffer scaling setup: percentile 95.0 from [0.0, 50.0, 90.0, 95.0, 99.0, 99.9, 100.0] selected
[2020-08-05 10:53:15,734 DEBUG Engine] Module config: monitoring {'class': 'bzt.modules.monitoring.Monitoring'}
[2020-08-05 10:53:15,734 DEBUG root] Importing module: bzt.modules.monitoring
[2020-08-05 10:53:15,737 DEBUG root] Loading class: 'Monitoring' from <module 'bzt.modules.monitoring' from 'C:\\Users\\ap673362\\AppData\\Local\\Taurus\\pkgs\\bzt\\modules\\monitoring.py'>
[2020-08-05 10:53:15,737 DEBUG Engine] Module config: cloud {'class': 'bzt.modules.blazemeter.CloudProvisioning', 'default-location': 'us-central1-a', 'token': '********', 'account': 'SE Demo', 'workspace': 'Alex P', 'project': 'Taurus Sandbox', 'detach': True}
[2020-08-05 10:53:15,738 DEBUG root] Importing module: bzt.modules.blazemeter
[2020-08-05 10:53:15,763 DEBUG root] Loading class: 'CloudProvisioning' from <module 'bzt.modules.blazemeter' from 'C:\\Users\\ap673362\\AppData\\Local\\Taurus\\pkgs\\bzt\\modules\\blazemeter.py'>
[2020-08-05 10:53:15,763 DEBUG Engine] Module config: blazemeter {'class': 'bzt.modules.blazemeter.BlazeMeterUploader', 'test': 'FindFlights-FlightSearch-LoadTest Load Test', 'report-name': 'FindFlights-FlightSearch-LoadTest Load Test Report'}
[2020-08-05 10:53:15,763 DEBUG root] Importing module: bzt.modules.blazemeter
[2020-08-05 10:53:15,763 DEBUG root] Loading class: 'BlazeMeterUploader' from <module 'bzt.modules.blazemeter' from 'C:\\Users\\ap673362\\AppData\\Local\\Taurus\\pkgs\\bzt\\modules\\blazemeter.py'>
[2020-08-05 10:53:15,763 DEBUG Engine.cloud] Installing http client
[2020-08-05 10:53:15,763 DEBUG Engine.cloud] Request: GET https://a.blazemeter.com/api/v4/accounts None
[2020-08-05 10:53:15,763 DEBUG HTTPClient] Making HTTP request GET https://a.blazemeter.com/api/v4/accounts
[2020-08-05 10:53:15,766 DEBUG urllib3.connectionpool] Starting new HTTPS connection (1): a.blazemeter.com:443
[2020-08-05 10:53:16,181 DEBUG urllib3.connectionpool] https://gettaurus.org:443 "GET /updates/?version=1.13.9&installID=windows-8d23e820b17 HTTP/1.1" 200 39
[2020-08-05 10:53:16,182 DEBUG Engine] Taurus updates info: {'latest': '1.14.2', 'needsUpgrade': True}
[2020-08-05 10:53:16,182 WARNING Engine] There is newer version of Taurus 1.14.2 available, consider upgrading. What's new: http://gettaurus.org/docs/Changelog/
[2020-08-05 10:53:16,203 DEBUG urllib3.connectionpool] https://a.blazemeter.com:443 "GET /api/v4/accounts HTTP/1.1" 200 None
[2020-08-05 10:53:16,204 DEBUG Engine.cloud] Response [200]: {
    "limit": 10,
    "skip": 0,
    "total": 11,
    "hidden": 0,
    "api_version": 4,
    "error": null,
    "result": [
        {
            "id": 198931,
            "name": "Aetna",
            "thumbnailUrl": "",
            "salesforceId": "0010J
[2020-08-05 10:53:16,205 DEBUG Engine.cloud] Request: GET https://a.blazemeter.com/api/v4/workspaces?accountId=198931&enabled=true&limit=100 None
[2020-08-05 10:53:16,205 DEBUG HTTPClient] Making HTTP request GET https://a.blazemeter.com/api/v4/workspaces?accountId=198931&enabled=true&limit=100
[2020-08-05 10:53:16,353 DEBUG urllib3.connectionpool] https://a.blazemeter.com:443 "GET /api/v4/workspaces?accountId=198931&enabled=true&limit=100 HTTP/1.1" 200 None
[2020-08-05 10:53:16,354 DEBUG Engine.cloud] Response [200]: {
    "limit": 100,
    "skip": 0,
    "total": 41,
    "hidden": 0,
    "api_version": 4,
    "error": null,
    "result": [
        {
            "id": 456745,
            "name": " MITTESA_3318",
            "userId": 813259,
            "created": 1584
[2020-08-05 10:53:16,360 DEBUG Engine.cloud] Request: GET https://a.blazemeter.com/api/v4/workspaces?accountId=396052&enabled=true&limit=100 None
[2020-08-05 10:53:16,360 DEBUG HTTPClient] Making HTTP request GET https://a.blazemeter.com/api/v4/workspaces?accountId=396052&enabled=true&limit=100
[2020-08-05 10:53:16,517 DEBUG urllib3.connectionpool] https://a.blazemeter.com:443 "GET /api/v4/workspaces?accountId=396052&enabled=true&limit=100 HTTP/1.1" 200 None
[2020-08-05 10:53:16,518 DEBUG Engine.cloud] Response [200]: {
    "limit": 100,
    "skip": 0,
    "total": 9,
    "hidden": 0,
    "api_version": 4,
    "error": null,
    "result": [
        {
            "id": 393834,
            "name": "COE",
            "userId": 490771,
            "created": 1574364228,
   
[2020-08-05 10:53:16,519 DEBUG Engine.cloud] Request: GET https://a.blazemeter.com/api/v4/workspaces?accountId=514413&enabled=true&limit=100 None
[2020-08-05 10:53:16,519 DEBUG HTTPClient] Making HTTP request GET https://a.blazemeter.com/api/v4/workspaces?accountId=514413&enabled=true&limit=100
[2020-08-05 10:53:16,680 DEBUG urllib3.connectionpool] https://a.blazemeter.com:443 "GET /api/v4/workspaces?accountId=514413&enabled=true&limit=100 HTTP/1.1" 200 None
[2020-08-05 10:53:16,682 DEBUG Engine.cloud] Response [200]: {
    "limit": 100,
    "skip": 0,
    "total": 2,
    "hidden": 0,
    "api_version": 4,
    "error": null,
    "result": [
        {
            "id": 517389,
            "name": "Default Workspace",
            "userId": 498178,
            "created": 1
[2020-08-05 10:53:16,684 DEBUG Engine.cloud] Request: GET https://a.blazemeter.com/api/v4/workspaces?accountId=516088&enabled=true&limit=100 None
[2020-08-05 10:53:16,685 DEBUG HTTPClient] Making HTTP request GET https://a.blazemeter.com/api/v4/workspaces?accountId=516088&enabled=true&limit=100
[2020-08-05 10:53:16,835 DEBUG urllib3.connectionpool] https://a.blazemeter.com:443 "GET /api/v4/workspaces?accountId=516088&enabled=true&limit=100 HTTP/1.1" 200 None
[2020-08-05 10:53:16,836 DEBUG Engine.cloud] Response [200]: {
    "limit": 100,
    "skip": 0,
    "total": 1,
    "hidden": 0,
    "api_version": 4,
    "error": null,
    "result": [
        {
            "id": 517695,
            "name": "BlazeMeter Training",
            "userId": 949383,
            "created":
[2020-08-05 10:53:16,836 DEBUG Engine.cloud] Request: GET https://a.blazemeter.com/api/v4/workspaces?accountId=118272&enabled=true&limit=100 None
[2020-08-05 10:53:16,836 DEBUG HTTPClient] Making HTTP request GET https://a.blazemeter.com/api/v4/workspaces?accountId=118272&enabled=true&limit=100
[2020-08-05 10:53:16,999 DEBUG urllib3.connectionpool] https://a.blazemeter.com:443 "GET /api/v4/workspaces?accountId=118272&enabled=true&limit=100 HTTP/1.1" 200 None
[2020-08-05 10:53:16,999 DEBUG Engine.cloud] Response [200]: {
    "limit": 100,
    "skip": 0,
    "total": 1,
    "hidden": 0,
    "api_version": 4,
    "error": null,
    "result": [
        {
            "id": 23365,
            "name": "Broadcom Workspace Playground",
            "userId": 323888,
            "
[2020-08-05 10:53:17,000 DEBUG Engine.cloud] Request: GET https://a.blazemeter.com/api/v4/workspaces?accountId=120238&enabled=true&limit=100 None
[2020-08-05 10:53:17,000 DEBUG HTTPClient] Making HTTP request GET https://a.blazemeter.com/api/v4/workspaces?accountId=120238&enabled=true&limit=100
[2020-08-05 10:53:17,157 DEBUG urllib3.connectionpool] https://a.blazemeter.com:443 "GET /api/v4/workspaces?accountId=120238&enabled=true&limit=100 HTTP/1.1" 200 None
[2020-08-05 10:53:17,196 DEBUG Engine.cloud] Response [200]: {
    "limit": 100,
    "skip": 0,
    "total": 65,
    "hidden": 0,
    "api_version": 4,
    "error": null,
    "result": [
        {
            "id": 213328,
            "name": "API Management - Presales UKI",
            "userId": 341848,
           
[2020-08-05 10:53:17,205 DEBUG Engine.cloud] Request: GET https://a.blazemeter.com/api/v4/workspaces?accountId=132907&enabled=true&limit=100 None
[2020-08-05 10:53:17,205 DEBUG HTTPClient] Making HTTP request GET https://a.blazemeter.com/api/v4/workspaces?accountId=132907&enabled=true&limit=100
[2020-08-05 10:53:17,364 DEBUG urllib3.connectionpool] https://a.blazemeter.com:443 "GET /api/v4/workspaces?accountId=132907&enabled=true&limit=100 HTTP/1.1" 200 None
[2020-08-05 10:53:17,365 DEBUG Engine.cloud] Response [200]: {
    "limit": 100,
    "skip": 0,
    "total": 1,
    "hidden": 0,
    "api_version": 4,
    "error": null,
    "result": [
        {
            "id": 366515,
            "name": "Online Banking",
            "userId": 347316,
            "created": 1568
[2020-08-05 10:53:17,366 DEBUG Engine.cloud] Request: GET https://a.blazemeter.com/api/v4/workspaces?accountId=302781&enabled=true&limit=100 None
[2020-08-05 10:53:17,366 DEBUG HTTPClient] Making HTTP request GET https://a.blazemeter.com/api/v4/workspaces?accountId=302781&enabled=true&limit=100
[2020-08-05 10:53:17,521 DEBUG urllib3.connectionpool] https://a.blazemeter.com:443 "GET /api/v4/workspaces?accountId=302781&enabled=true&limit=100 HTTP/1.1" 200 None
[2020-08-05 10:53:17,524 DEBUG Engine.cloud] Response [200]: {
    "limit": 100,
    "skip": 0,
    "total": 1,
    "hidden": 0,
    "api_version": 4,
    "error": null,
    "result": [
        {
            "id": 485240,
            "name": "AlexP",
            "userId": 380559,
            "created": 1587093542,
 
[2020-08-05 10:53:17,525 DEBUG Engine.cloud] Request: GET https://a.blazemeter.com/api/v4/workspaces?accountId=185664&enabled=true&limit=100 None
[2020-08-05 10:53:17,525 DEBUG HTTPClient] Making HTTP request GET https://a.blazemeter.com/api/v4/workspaces?accountId=185664&enabled=true&limit=100
[2020-08-05 10:53:17,681 DEBUG urllib3.connectionpool] https://a.blazemeter.com:443 "GET /api/v4/workspaces?accountId=185664&enabled=true&limit=100 HTTP/1.1" 200 None
[2020-08-05 10:53:17,682 DEBUG Engine.cloud] Response [200]: {
    "limit": 100,
    "skip": 0,
    "total": 1,
    "hidden": 0,
    "api_version": 4,
    "error": null,
    "result": [
        {
            "id": 386790,
            "name": "Mainframe",
            "userId": 402244,
            "created": 157308064
[2020-08-05 10:53:17,682 DEBUG Engine.cloud] Request: GET https://a.blazemeter.com/api/v4/workspaces?accountId=291446&enabled=true&limit=100 None
[2020-08-05 10:53:17,682 DEBUG HTTPClient] Making HTTP request GET https://a.blazemeter.com/api/v4/workspaces?accountId=291446&enabled=true&limit=100
[2020-08-05 10:53:17,841 DEBUG urllib3.connectionpool] https://a.blazemeter.com:443 "GET /api/v4/workspaces?accountId=291446&enabled=true&limit=100 HTTP/1.1" 200 None
[2020-08-05 10:53:17,882 DEBUG Engine.cloud] Response [200]: {
    "limit": 100,
    "skip": 0,
    "total": 127,
    "hidden": 0,
    "api_version": 4,
    "error": null,
    "result": [
        {
            "id": 286101,
            "name": ".Demo Workspace",
            "userId": 515264,
            "created": 1
[2020-08-05 10:53:17,908 DEBUG Engine] Module config: jmeter {'class': 'bzt.modules.jmeter.JMeterExecutor', 'protocol-handlers': {'http': 'bzt.jmx.http.HTTPProtocolHandler'}, 'plugins': ['jpgc-casutg', 'jpgc-dummy', 'jpgc-ffw', 'jpgc-fifo', 'jpgc-functions', 'jpgc-json', 'jpgc-perfmon', 'jpgc-prmctl', 'jpgc-tst'], 'properties': {'jmeter.save.saveservice.autoflush': 'true', 'jmeter.save.saveservice.connect_time': 'true', 'jmeterengine.force.system.exit': 'true', 'summariser.name': ''}}
[2020-08-05 10:53:17,908 DEBUG root] Importing module: bzt.modules.jmeter
[2020-08-05 10:53:17,925 DEBUG root] Loading class: 'JMeterExecutor' from <module 'bzt.modules.jmeter' from 'C:\\Users\\ap673362\\AppData\\Local\\Taurus\\pkgs\\bzt\\modules\\jmeter.py'>
[2020-08-05 10:53:17,925 DEBUG Engine.cloud.ProjectFinder] Parsed test link: None
[2020-08-05 10:53:17,925 DEBUG Engine.cloud] Request: GET https://a.blazemeter.com/api/v4/accounts None
[2020-08-05 10:53:17,925 DEBUG HTTPClient] Making HTTP request GET https://a.blazemeter.com/api/v4/accounts
[2020-08-05 10:53:18,233 DEBUG urllib3.connectionpool] https://a.blazemeter.com:443 "GET /api/v4/accounts HTTP/1.1" 200 None
[2020-08-05 10:53:18,236 DEBUG Engine.cloud] Response [200]: {
    "limit": 10,
    "skip": 0,
    "total": 11,
    "hidden": 0,
    "api_version": 4,
    "error": null,
    "result": [
        {
            "id": 198931,
            "name": "Aetna",
            "thumbnailUrl": "",
            "salesforceId": "0010J
[2020-08-05 10:53:18,236 DEBUG Engine.cloud] Request: GET https://a.blazemeter.com/api/v4/workspaces?accountId=291446&enabled=true&limit=100 None
[2020-08-05 10:53:18,236 DEBUG HTTPClient] Making HTTP request GET https://a.blazemeter.com/api/v4/workspaces?accountId=291446&enabled=true&limit=100
[2020-08-05 10:53:18,384 DEBUG urllib3.connectionpool] https://a.blazemeter.com:443 "GET /api/v4/workspaces?accountId=291446&enabled=true&limit=100 HTTP/1.1" 200 None
[2020-08-05 10:53:18,424 DEBUG Engine.cloud] Response [200]: {
    "limit": 100,
    "skip": 0,
    "total": 127,
    "hidden": 0,
    "api_version": 4,
    "error": null,
    "result": [
        {
            "id": 286101,
            "name": ".Demo Workspace",
            "userId": 515264,
            "created": 1
[2020-08-05 10:53:18,426 DEBUG Engine.cloud] Request: GET https://a.blazemeter.com/api/v4/projects?workspaceId=348658&name=Taurus+Sandbox None
[2020-08-05 10:53:18,426 DEBUG HTTPClient] Making HTTP request GET https://a.blazemeter.com/api/v4/projects?workspaceId=348658&name=Taurus+Sandbox
[2020-08-05 10:53:18,583 DEBUG urllib3.connectionpool] https://a.blazemeter.com:443 "GET /api/v4/projects?workspaceId=348658&name=Taurus+Sandbox HTTP/1.1" 200 None
[2020-08-05 10:53:18,584 DEBUG Engine.cloud] Response [200]: {
    "limit": 10,
    "skip": 0,
    "total": 1,
    "hidden": 0,
    "api_version": 4,
    "error": null,
    "result": [
        {
            "id": 475158,
            "name": "Taurus Sandbox",
            "userId": 490771,
            "description": "
[2020-08-05 10:53:18,585 DEBUG Engine.cloud] Request: GET https://a.blazemeter.com/api/v4/multi-tests?projectId=475158&name=FindFlights-FlightSearch-LoadTest+Load+Test None
[2020-08-05 10:53:18,585 DEBUG HTTPClient] Making HTTP request GET https://a.blazemeter.com/api/v4/multi-tests?projectId=475158&name=FindFlights-FlightSearch-LoadTest+Load+Test
[2020-08-05 10:53:18,736 DEBUG urllib3.connectionpool] https://a.blazemeter.com:443 "GET /api/v4/multi-tests?projectId=475158&name=FindFlights-FlightSearch-LoadTest+Load+Test HTTP/1.1" 200 161
[2020-08-05 10:53:18,736 DEBUG Engine.cloud] Response [200]: {
    "limit": 10,
    "skip": 0,
    "total": 0,
    "hidden": 0,
    "api_version": 4,
    "error": null,
    "result": [],
    "request_id": "5f2ac7dea8226"
}
[2020-08-05 10:53:18,737 DEBUG Engine.cloud] Request: GET https://a.blazemeter.com/api/v4/tests?projectId=475158&name=FindFlights-FlightSearch-LoadTest+Load+Test None
[2020-08-05 10:53:18,737 DEBUG HTTPClient] Making HTTP request GET https://a.blazemeter.com/api/v4/tests?projectId=475158&name=FindFlights-FlightSearch-LoadTest+Load+Test
[2020-08-05 10:53:18,888 DEBUG urllib3.connectionpool] https://a.blazemeter.com:443 "GET /api/v4/tests?projectId=475158&name=FindFlights-FlightSearch-LoadTest+Load+Test HTTP/1.1" 200 None
[2020-08-05 10:53:18,889 DEBUG Engine.cloud] Response [200]: {
    "limit": 10,
    "skip": 0,
    "total": 1,
    "hidden": 0,
    "api_version": 4,
    "error": null,
    "result": [
        {
            "id": 8361329,
            "name": "FindFlights-FlightSearch-LoadTest Load Test",
            "isNewTest": tru
[2020-08-05 10:53:18,889 DEBUG Engine.cloud.ProjectFinder] Detected test type: standard
[2020-08-05 10:53:18,889 DEBUG Engine.cloud] Request: GET https://a.blazemeter.com/api/v4/workspaces/348658 None
[2020-08-05 10:53:18,889 DEBUG HTTPClient] Making HTTP request GET https://a.blazemeter.com/api/v4/workspaces/348658
[2020-08-05 10:53:19,094 DEBUG urllib3.connectionpool] https://a.blazemeter.com:443 "GET /api/v4/workspaces/348658 HTTP/1.1" 200 None
[2020-08-05 10:53:19,132 DEBUG Engine.cloud] Response [200]: {
    "api_version": 4,
    "error": null,
    "result": {
        "id": 348658,
        "name": "Alex P",
        "userId": 407077,
        "created": 1564611502,
        "updated": 1593186922,
        "enabled": true,
        "dedicatedIpsEnabled": true,
[2020-08-05 10:53:19,141 WARNING Engine] Guessed location from search paths for FindFlights-FlightSearch1-Positive.jmx: C:\Users\ap673362\MyDevProjects\jmx-examples\find-flights\FindFlights-FlightSearch1-Positive.jmx
[2020-08-05 10:53:19,145 DEBUG Engine.cloud] All resource files are: ['C:\\Users\\ap673362\\MyDevProjects\\jmx-examples\\find-flights\\FindFlights-FlightSearch1-Positive.jmx']
[2020-08-05 10:53:19,145 DEBUG Engine.cloud] Replace file names in config: ['C:\\Users\\ap673362\\MyDevProjects\\jmx-examples\\find-flights\\FindFlights-FlightSearch1-Positive.jmx'] with ['FindFlights-FlightSearch1-Positive.jmx']
[2020-08-05 10:53:19,146 DEBUG Engine.cloud] Replaced C:\Users\ap673362\MyDevProjects\jmx-examples\find-flights\FindFlights-FlightSearch1-Positive.jmx with FindFlights-FlightSearch1-Positive.jmx
[2020-08-05 10:53:19,146 DEBUG Engine] New artifact filename: C:\Users\ap673362\MyDevProjects\jmx-examples\2020-08-05_10-53-15.253324\cloud
[2020-08-05 10:53:19,148 DEBUG root] Dumping YAML config into C:\Users\ap673362\MyDevProjects\jmx-examples\2020-08-05_10-53-15.253324\cloud.yml
[2020-08-05 10:53:19,156 DEBUG root] Dumping JSON config into C:\Users\ap673362\MyDevProjects\jmx-examples\2020-08-05_10-53-15.253324\cloud.json
[2020-08-05 10:53:19,157 DEBUG Engine.cloud] Request: GET https://a.blazemeter.com/api/v4/web/elfinder/8361329?cmd=open&target=s1_Lw None
[2020-08-05 10:53:19,157 DEBUG HTTPClient] Making HTTP request GET https://a.blazemeter.com/api/v4/web/elfinder/8361329?cmd=open&target=s1_Lw
[2020-08-05 10:53:20,530 DEBUG urllib3.connectionpool] https://a.blazemeter.com:443 "GET /api/v4/web/elfinder/8361329?cmd=open&target=s1_Lw HTTP/1.1" 200 None
[2020-08-05 10:53:20,531 DEBUG Engine.cloud] Response [200]: {"cwd":{"name":"data","size":0,"mime":"directory","read":1,"write":1,"parent_id":"users","hash":"s1_Lw","rootRev":"","options":{"path":"","url":"","tmbUrl":"self","disabled":["mkdir","archive","zipdl","extract","chmod"],"separator":"\/","copyOverwrite":1,"
[2020-08-05 10:53:20,531 DEBUG Engine.cloud] Test files: ['FindFlights-FlightSearch1-Positive.jmx', 'taurus.yml']
[2020-08-05 10:53:20,531 DEBUG Engine.cloud] Request: GET https://a.blazemeter.com/api/v4/web/elfinder/8361329?cmd=rm&targets[]=s1_RmluZEZsaWdodHMtRmxpZ2h0U2VhcmNoMS1Qb3NpdGl2ZS5qbXg&targets[]=s1_dGF1cnVzLnltbA None
[2020-08-05 10:53:20,531 DEBUG HTTPClient] Making HTTP request GET https://a.blazemeter.com/api/v4/web/elfinder/8361329?cmd=rm&targets[]=s1_RmluZEZsaWdodHMtRmxpZ2h0U2VhcmNoMS1Qb3NpdGl2ZS5qbXg&targets[]=s1_dGF1cnVzLnltbA
[2020-08-05 10:53:22,130 DEBUG urllib3.connectionpool] https://a.blazemeter.com:443 "GET /api/v4/web/elfinder/8361329?cmd=rm&targets%5B%5D=s1_RmluZEZsaWdodHMtRmxpZ2h0U2VhcmNoMS1Qb3NpdGl2ZS5qbXg&targets%5B%5D=s1_dGF1cnVzLnltbA HTTP/1.1" 200 None
[2020-08-05 10:53:22,131 DEBUG Engine.cloud] Response [200]: {"removed":["s1_RmluZEZsaWdodHMtRmxpZ2h0U2VhcmNoMS1Qb3NpdGl2ZS5qbXg","s1_dGF1cnVzLnltbA"],"changed":[{"name":"data","size":0,"mime":"directory","read":1,"write":1,"parent_id":"users","hash":"s1_Lw","rootRev":"","options":{"path":"","url":"","tmbUrl":"self"
[2020-08-05 10:53:22,131 DEBUG Engine.cloud] Successfully deleted 2 test files
[2020-08-05 10:53:22,135 DEBUG Engine.cloud] Uploading files into the test: ['C:\\Users\\ap673362\\MyDevProjects\\jmx-examples\\find-flights\\FindFlights-FlightSearch1-Positive.jmx']
[2020-08-05 10:53:22,136 DEBUG Engine.cloud] Request: POST https://a.blazemeter.com/api/v4/tests/8361329/files b'--===============1857480531054170747==\r\nContent-Disposition: file; name="script"; filename="taurus.yml"\r\nContent-Type: application/octet-stream\r\n\r\n---\nexecution:\n- concurrency: 100\n  executor: jmeter\n  hold-for: 15m\n  locations:\n    us-central1-a: 1\n  ramp'
[2020-08-05 10:53:22,136 DEBUG HTTPClient] Making HTTP request POST https://a.blazemeter.com/api/v4/tests/8361329/files
[2020-08-05 10:53:23,845 DEBUG urllib3.connectionpool] https://a.blazemeter.com:443 "POST /api/v4/tests/8361329/files HTTP/1.1" 201 1393
[2020-08-05 10:53:23,845 DEBUG Engine.cloud] Response [201]: {
    "api_version": 4,
    "error": null,
    "result": {
        "id": 8361329,
        "isNewTest": true,
        "lastRunTime": 1596639104,
        "name": "FindFlights-FlightSearch-LoadTest Load Test",
        "userId": 490771,
        "creatorClientI
[2020-08-05 10:53:23,845 DEBUG Engine.cloud] Request: PATCH https://a.blazemeter.com/api/v4/tests/8361329 {
 "configuration": {
  "executionType": null
 }
}
[2020-08-05 10:53:23,846 DEBUG HTTPClient] Making HTTP request PATCH https://a.blazemeter.com/api/v4/tests/8361329
[2020-08-05 10:53:24,426 DEBUG urllib3.connectionpool] https://a.blazemeter.com:443 "PATCH /api/v4/tests/8361329 HTTP/1.1" 200 None
[2020-08-05 10:53:24,426 DEBUG Engine.cloud] Response [200]: {
    "api_version": 4,
    "error": null,
    "result": {
        "id": 8361329,
        "isNewTest": true,
        "lastRunTime": 1596639104,
        "name": "FindFlights-FlightSearch-LoadTest Load Test",
        "userId": 490771,
        "creatorClientI
[2020-08-05 10:53:24,426 DEBUG Engine.cloud] Request: PATCH https://a.blazemeter.com/api/v4/tests/8361329 {
 "shouldSendReportEmail": false
}
[2020-08-05 10:53:24,426 DEBUG HTTPClient] Making HTTP request PATCH https://a.blazemeter.com/api/v4/tests/8361329
[2020-08-05 10:53:24,841 DEBUG urllib3.connectionpool] https://a.blazemeter.com:443 "PATCH /api/v4/tests/8361329 HTTP/1.1" 200 None
[2020-08-05 10:53:24,841 DEBUG Engine.cloud] Response [200]: {
    "api_version": 4,
    "error": null,
    "result": {
        "id": 8361329,
        "isNewTest": true,
        "lastRunTime": 1596639104,
        "name": "FindFlights-FlightSearch-LoadTest Load Test",
        "userId": 490771,
        "creatorClientI
[2020-08-05 10:53:24,842 DEBUG Engine] Module config: final-stats {'class': 'bzt.modules.reporting.FinalStatus'}
[2020-08-05 10:53:24,842 DEBUG root] Importing module: bzt.modules.reporting
[2020-08-05 10:53:24,843 DEBUG root] Loading class: 'FinalStatus' from <module 'bzt.modules.reporting' from 'C:\\Users\\ap673362\\AppData\\Local\\Taurus\\pkgs\\bzt\\modules\\reporting.py'>
[2020-08-05 10:53:24,843 DEBUG Engine] Module config: console {'class': 'bzt.modules.console.ConsoleStatusReporter'}
[2020-08-05 10:53:24,843 DEBUG root] Importing module: bzt.modules.console
[2020-08-05 10:53:24,843 DEBUG root] Loading class: 'ConsoleStatusReporter' from <module 'bzt.modules.console' from 'C:\\Users\\ap673362\\AppData\\Local\\Taurus\\pkgs\\bzt\\modules\\console.py'>
[2020-08-05 10:53:24,843 DEBUG Engine.console] Can't use 'console' screen, trying 'gui'
[2020-08-05 10:53:24,848 DEBUG Engine.Configuration] Dumping YAML config into C:\Users\ap673362\MyDevProjects\jmx-examples\2020-08-05_10-53-15.253324\effective.yml
[2020-08-05 10:53:24,862 DEBUG Engine.Configuration] Dumping JSON config into C:\Users\ap673362\MyDevProjects\jmx-examples\2020-08-05_10-53-15.253324\effective.json
[2020-08-05 10:53:24,862 INFO Engine] Starting...
[2020-08-05 10:53:24,864 DEBUG Engine] Startup <bzt.modules.monitoring.Monitoring object at 0x000002C0B085A940>
[2020-08-05 10:53:24,864 DEBUG Engine] Startup <bzt.modules.aggregator.ConsolidatingAggregator object at 0x000002C091A12C50>
[2020-08-05 10:53:24,864 DEBUG Engine] Startup <bzt.modules.reporting.FinalStatus object at 0x000002C0B0969FD0>
[2020-08-05 10:53:24,864 DEBUG Engine] Startup <bzt.modules.console.ConsoleStatusReporter object at 0x000002C0B0951A58>
[2020-08-05 10:53:24,864 INFO Engine.console] Waiting for results...
[2020-08-05 10:53:24,865 DEBUG Engine] Startup <bzt.modules.blazemeter.CloudProvisioning object at 0x000002C091A127F0>
[2020-08-05 10:53:24,865 INFO Engine.cloud.ProjectFinder.CloudTaurusTest] Initiating cloud test with https://a.blazemeter.com ...
[2020-08-05 10:53:24,866 DEBUG Engine.cloud] Request: POST https://a.blazemeter.com/api/v4/tests/8361329/start None
[2020-08-05 10:53:24,866 DEBUG HTTPClient] Making HTTP request POST https://a.blazemeter.com/api/v4/tests/8361329/start
[2020-08-05 10:53:29,781 DEBUG urllib3.connectionpool] https://a.blazemeter.com:443 "POST /api/v4/tests/8361329/start HTTP/1.1" 202 3402
[2020-08-05 10:53:29,784 DEBUG Engine.cloud] Response [202]: {
    "api_version": 4,
    "error": null,
    "result": {
        "id": 30303049,
        "name": "FindFlights-FlightSearch-LoadTest Load Test",
        "userId": 490771,
        "publicToken": null,
        "ended": null,
        "lastUpdate": null,
    
[2020-08-05 10:53:29,785 INFO Engine.cloud] Started cloud test: https://a.blazemeter.com/app/#/masters/30303049
[2020-08-05 10:53:29,946 DEBUG Engine.cloud] Request: PATCH https://a.blazemeter.com/api/v4/masters/30303049 {
 "name": "FindFlights-FlightSearch-LoadTest Load Test Report"
}
[2020-08-05 10:53:29,946 DEBUG HTTPClient] Making HTTP request PATCH https://a.blazemeter.com/api/v4/masters/30303049
[2020-08-05 10:53:30,111 DEBUG urllib3.connectionpool] https://a.blazemeter.com:443 "PATCH /api/v4/masters/30303049 HTTP/1.1" 200 None
[2020-08-05 10:53:30,112 DEBUG Engine.cloud] Response [200]: {
    "api_version": 4,
    "error": null,
    "result": {
        "id": 30303049,
        "name": "FindFlights-FlightSearch-LoadTest Load Test Report",
        "userId": 490771,
        "delayedStartReady": false,
        "runnerUserId": 490771,
        "
[2020-08-05 10:53:30,115 DEBUG Engine.Configuration] Dumping YAML config into C:\Users\ap673362\MyDevProjects\jmx-examples\2020-08-05_10-53-15.253324\effective.yml
[2020-08-05 10:53:30,140 DEBUG Engine.Configuration] Dumping JSON config into C:\Users\ap673362\MyDevProjects\jmx-examples\2020-08-05_10-53-15.253324\effective.json
[2020-08-05 10:53:30,141 DEBUG root] Leveling down log file verbosity to INFO, use -v option to have DEBUG messages enabled
[2020-08-05 10:53:30,141 WARNING Engine.cloud] Detaching Taurus from started test...
[2020-08-05 10:53:30,402 INFO Engine.console] Did not mute console logging
[2020-08-05 10:53:30,528 INFO Engine.console] Waiting for finish...
[2020-08-05 10:53:30,642 WARNING Engine] Please wait for graceful shutdown...
[2020-08-05 10:53:30,643 DEBUG root] Leveled up log file verbosity
[2020-08-05 10:53:30,643 INFO Engine] Shutting down...
[2020-08-05 10:53:30,644 DEBUG Engine] Current stop reason: None
[2020-08-05 10:53:30,652 DEBUG Engine.console] No logger_handler or orig_stream was detected
[2020-08-05 10:53:30,655 DEBUG Engine.Configuration] Dumping YAML config into C:\Users\ap673362\MyDevProjects\jmx-examples\2020-08-05_10-53-15.253324\effective.yml
[2020-08-05 10:53:30,669 DEBUG Engine.Configuration] Dumping JSON config into C:\Users\ap673362\MyDevProjects\jmx-examples\2020-08-05_10-53-15.253324\effective.json
[2020-08-05 10:53:30,671 INFO Engine] Post-processing...
[2020-08-05 10:53:30,672 DEBUG Engine.cloud] Request: GET https://a.blazemeter.com/api/v4/masters/30303049/full None
[2020-08-05 10:53:30,672 DEBUG HTTPClient] Making HTTP request GET https://a.blazemeter.com/api/v4/masters/30303049/full
[2020-08-05 10:53:30,912 DEBUG urllib3.connectionpool] https://a.blazemeter.com:443 "GET /api/v4/masters/30303049/full HTTP/1.1" 200 None
[2020-08-05 10:53:30,913 DEBUG Engine.cloud] Response [200]: {
    "api_version": 4,
    "error": null,
    "result": {
        "id": 30303049,
        "name": "FindFlights-FlightSearch-LoadTest Load Test Report",
        "userId": 490771,
        "delayedStartReady": false,
        "runnerUserId": 490771,
        "
[2020-08-05 10:53:30,913 DEBUG Engine.consolidator] Consolidator buffer[0]: dict_keys([])
[2020-08-05 10:53:30,913 INFO Engine.final-stats] Test duration: 0:00:06
[2020-08-05 10:53:30,914 DEBUG Engine.console] No logger_handler or orig_stream was detected
[2020-08-05 10:53:30,916 DEBUG Engine.Configuration] Dumping YAML config into C:\Users\ap673362\MyDevProjects\jmx-examples\2020-08-05_10-53-15.253324\effective.yml
[2020-08-05 10:53:30,929 DEBUG Engine.Configuration] Dumping JSON config into C:\Users\ap673362\MyDevProjects\jmx-examples\2020-08-05_10-53-15.253324\effective.json
[2020-08-05 10:53:30,930 INFO root] Artifacts dir: C:\Users\ap673362\MyDevProjects\jmx-examples\2020-08-05_10-53-15.253324
[2020-08-05 10:53:30,932 INFO root] Done performing with code: 0
[2020-08-05 10:53:30,933 DEBUG root] Closing log handler: C:\Users\ap673362\MyDevProjects\jmx-examples\2020-08-05_10-53-15.253324\bzt.log
